<?xml version="1.0" encoding="UTF-8"?>
<testsuites>
  <testsuite name="" tests="1427" assertions="6916" failures="1" errors="0" time="90.120173">
    <testsuite name="Tests_Actions" file="/var/www/wordpress-unit-tests/tests/actions.php" fullPackage="Tests" tests="13" assertions="42" failures="0" errors="0" time="0.847305">
      <testcase name="test_simple_action" class="Tests_Actions" file="/var/www/wordpress-unit-tests/tests/actions.php" line="10" assertions="3" time="0.006429"/>
      <testcase name="test_remove_action" class="Tests_Actions" file="/var/www/wordpress-unit-tests/tests/actions.php" line="26" assertions="4" time="0.002323"/>
      <testcase name="test_has_action" class="Tests_Actions" file="/var/www/wordpress-unit-tests/tests/actions.php" line="45" assertions="6" time="0.002230"/>
      <testcase name="test_multiple_actions" class="Tests_Actions" file="/var/www/wordpress-unit-tests/tests/actions.php" line="60" assertions="2" time="0.001741"/>
      <testcase name="test_action_args_1" class="Tests_Actions" file="/var/www/wordpress-unit-tests/tests/actions.php" line="76" assertions="2" time="0.002021"/>
      <testcase name="test_action_args_2" class="Tests_Actions" file="/var/www/wordpress-unit-tests/tests/actions.php" line="89" assertions="4" time="0.002704"/>
      <testcase name="test_action_priority" class="Tests_Actions" file="/var/www/wordpress-unit-tests/tests/actions.php" line="111" assertions="2" time="0.003000"/>
      <testcase name="test_did_action" class="Tests_Actions" file="/var/www/wordpress-unit-tests/tests/actions.php" line="140" assertions="4" time="0.002033"/>
      <testcase name="test_all_action" class="Tests_Actions" file="/var/www/wordpress-unit-tests/tests/actions.php" line="160" assertions="4" time="0.002740"/>
      <testcase name="test_remove_all_action" class="Tests_Actions" file="/var/www/wordpress-unit-tests/tests/actions.php" line="184" assertions="6" time="0.002386"/>
      <testcase name="test_action_ref_array" class="Tests_Actions" file="/var/www/wordpress-unit-tests/tests/actions.php" line="204" assertions="2" time="0.001988"/>
      <testcase name="test_action_keyed_array" class="Tests_Actions" file="/var/www/wordpress-unit-tests/tests/actions.php" line="223" assertions="2" time="0.815775"/>
      <testcase name="test_action_self_removal" class="Tests_Actions" file="/var/www/wordpress-unit-tests/tests/actions.php" line="244" assertions="1" time="0.001936"/>
    </testsuite>
    <testsuite name="Tests_Admin_includesFile" file="/var/www/wordpress-unit-tests/tests/admin/includesFile.php" fullPackage="Tests.Admin" tests="1" assertions="4" failures="0" errors="0" time="0.037720">
      <testcase name="test_get_home_path" class="Tests_Admin_includesFile" file="/var/www/wordpress-unit-tests/tests/admin/includesFile.php" line="16" assertions="4" time="0.037720"/>
    </testsuite>
    <testsuite name="Tests_Admin_includesMisc" file="/var/www/wordpress-unit-tests/tests/admin/includesMisc.php" fullPackage="Tests.Admin" tests="1" assertions="5" failures="0" errors="0" time="0.002202">
      <testcase name="test_shorten_url" class="Tests_Admin_includesMisc" file="/var/www/wordpress-unit-tests/tests/admin/includesMisc.php" line="7" assertions="5" time="0.002202"/>
    </testsuite>
    <testsuite name="Tests_Admin_includesPlugin" file="/var/www/wordpress-unit-tests/tests/admin/includesPlugin.php" fullPackage="Tests.Admin" tests="2" assertions="27" failures="0" errors="0" time="0.058454">
      <testcase name="test_get_plugin_data" class="Tests_Admin_includesPlugin" file="/var/www/wordpress-unit-tests/tests/admin/includesPlugin.php" line="7" assertions="19" time="0.006016"/>
      <testcase name="test_menu_page_url" class="Tests_Admin_includesPlugin" file="/var/www/wordpress-unit-tests/tests/admin/includesPlugin.php" line="30" assertions="8" time="0.052438"/>
    </testsuite>
    <testsuite name="Tests_Admin_includesPost" file="/var/www/wordpress-unit-tests/tests/admin/includesPost.php" fullPackage="Tests.Admin" tests="2" assertions="24" failures="0" errors="0" time="0.193846">
      <testcase name="test__wp_translate_postdata_cap_checks_contributor" class="Tests_Admin_includesPost" file="/var/www/wordpress-unit-tests/tests/admin/includesPost.php" line="8" assertions="12" time="0.097126"/>
      <testcase name="test__wp_translate_postdata_cap_checks_editor" class="Tests_Admin_includesPost" file="/var/www/wordpress-unit-tests/tests/admin/includesPost.php" line="63" assertions="12" time="0.096720"/>
    </testsuite>
    <testsuite name="Tests_Admin_includesScreen" file="/var/www/wordpress-unit-tests/tests/admin/includesScreen.php" fullPackage="Tests.Admin" tests="8" assertions="296" failures="0" errors="0" time="0.028696">
      <testcase name="test_set_current_screen_with_hook_suffix" class="Tests_Admin_includesScreen" file="/var/www/wordpress-unit-tests/tests/admin/includesScreen.php" line="45" assertions="254" time="0.015068"/>
      <testcase name="test_post_type_as_hookname" class="Tests_Admin_includesScreen" file="/var/www/wordpress-unit-tests/tests/admin/includesScreen.php" line="94" assertions="3" time="0.000872"/>
      <testcase name="test_post_type_with_special_suffix_as_hookname" class="Tests_Admin_includesScreen" file="/var/www/wordpress-unit-tests/tests/admin/includesScreen.php" line="101" assertions="6" time="0.002272"/>
      <testcase name="test_taxonomy_with_special_suffix_as_hookname" class="Tests_Admin_includesScreen" file="/var/www/wordpress-unit-tests/tests/admin/includesScreen.php" line="114" assertions="3" time="0.001989"/>
      <testcase name="test_post_type_with_edit_prefix" class="Tests_Admin_includesScreen" file="/var/www/wordpress-unit-tests/tests/admin/includesScreen.php" line="122" assertions="6" time="0.002187"/>
      <testcase name="test_post_type_edit_collisions" class="Tests_Admin_includesScreen" file="/var/www/wordpress-unit-tests/tests/admin/includesScreen.php" line="135" assertions="4" time="0.003122"/>
      <testcase name="test_help_tabs" class="Tests_Admin_includesScreen" file="/var/www/wordpress-unit-tests/tests/admin/includesScreen.php" line="155" assertions="4" time="0.001950"/>
      <testcase name="test_in_admin" class="Tests_Admin_includesScreen" file="/var/www/wordpress-unit-tests/tests/admin/includesScreen.php" line="178" assertions="16" time="0.001236"/>
    </testsuite>
    <testsuite name="Tests_Admin_includesTemplate" file="/var/www/wordpress-unit-tests/tests/admin/includesTemplate.php" fullPackage="Tests.Admin" tests="2" assertions="26" failures="0" errors="0" time="0.005265">
      <testcase name="test_equal" class="Tests_Admin_includesTemplate" file="/var/www/wordpress-unit-tests/tests/admin/includesTemplate.php" line="6" assertions="20" time="0.003313"/>
      <testcase name="test_notequal" class="Tests_Admin_includesTemplate" file="/var/www/wordpress-unit-tests/tests/admin/includesTemplate.php" line="38" assertions="6" time="0.001952"/>
    </testsuite>
    <testsuite name="Tests_Admin_includesTheme" file="/var/www/wordpress-unit-tests/tests/admin/includesTheme.php" fullPackage="Tests.Admin" tests="1" assertions="5" failures="0" errors="0" time="0.040281">
      <testcase name="test_page_templates" class="Tests_Admin_includesTheme" file="/var/www/wordpress-unit-tests/tests/admin/includesTheme.php" line="42" assertions="5" time="0.040281"/>
    </testsuite>
    <testsuite name="Tests_AdminBar" file="/var/www/wordpress-unit-tests/tests/adminbar.php" fullPackage="Tests" tests="2" assertions="4" failures="0" errors="0" time="0.090906">
      <testcase name="test_content_post_type" class="Tests_AdminBar" file="/var/www/wordpress-unit-tests/tests/adminbar.php" line="29" assertions="2" time="0.046557"/>
      <testcase name="test_merging_existing_meta_values" class="Tests_AdminBar" file="/var/www/wordpress-unit-tests/tests/adminbar.php" line="46" assertions="2" time="0.044349"/>
    </testsuite>
    <testsuite name="Tests_Ajax_Autosave" file="/var/www/wordpress-unit-tests/tests/ajax/Autosave.php" fullPackage="WordPress.UnitTests" package="WordPress" subpackage="UnitTests" tests="0" assertions="0" failures="0" errors="0" time="0.000000"/>
    <testsuite name="Tests_Ajax_CompressionTest" file="/var/www/wordpress-unit-tests/tests/ajax/Compression.php" fullPackage="WordPress.UnitTests" package="WordPress" subpackage="UnitTests" tests="0" assertions="0" failures="0" errors="0" time="0.000000"/>
    <testsuite name="Tests_Ajax_DeleteComment" file="/var/www/wordpress-unit-tests/tests/ajax/DeleteComment.php" fullPackage="WordPress.UnitTests" package="WordPress" subpackage="UnitTests" tests="0" assertions="0" failures="0" errors="0" time="0.000000"/>
    <testsuite name="Tests_Ajax_DimComment" file="/var/www/wordpress-unit-tests/tests/ajax/DimComment.php" fullPackage="WordPress.UnitTests" package="WordPress" subpackage="UnitTests" tests="0" assertions="0" failures="0" errors="0" time="0.000000"/>
    <testsuite name="Tests_Ajax_EditComment" file="/var/www/wordpress-unit-tests/tests/ajax/EditComment.php" fullPackage="WordPress.UnitTests" package="WordPress" subpackage="UnitTests" tests="0" assertions="0" failures="0" errors="0" time="0.000000"/>
    <testsuite name="Tests_Ajax_GetComments" file="/var/www/wordpress-unit-tests/tests/ajax/GetComments.php" fullPackage="WordPress.UnitTests" package="WordPress" subpackage="UnitTests" tests="0" assertions="0" failures="0" errors="0" time="0.000000"/>
    <testsuite name="Tests_Ajax_ReplytoComment" file="/var/www/wordpress-unit-tests/tests/ajax/ReplytoComment.php" fullPackage="WordPress.UnitTests" package="WordPress" subpackage="UnitTests" tests="0" assertions="0" failures="0" errors="0" time="0.000000"/>
    <testsuite name="Tests_Ajax_Response" file="/var/www/wordpress-unit-tests/tests/ajax/Response.php" fullPackage="WordPress.UnitTests" package="WordPress" subpackage="UnitTests" tests="0" assertions="0" failures="0" errors="0" time="0.000000"/>
    <testsuite name="Tests_Ajax_TagSearch" file="/var/www/wordpress-unit-tests/tests/ajax/TagSearch.php" fullPackage="WordPress.UnitTests" package="WordPress" subpackage="UnitTests" tests="0" assertions="0" failures="0" errors="0" time="0.000000"/>
    <testsuite name="Tests_Attachment_Slashes" file="/var/www/wordpress-unit-tests/tests/attachment/slashes.php" fullPackage="Tests.Attachment" tests="0" assertions="0" failures="0" errors="0" time="0.000000"/>
    <testsuite name="Tests_Auth" file="/var/www/wordpress-unit-tests/tests/auth.php" fullPackage="Tests" tests="3" assertions="6" failures="0" errors="0" time="0.162882">
      <testcase name="test_auth_cookie_valid" class="Tests_Auth" file="/var/www/wordpress-unit-tests/tests/auth.php" line="14" assertions="1" time="0.056920"/>
      <testcase name="test_auth_cookie_invalid" class="Tests_Auth" file="/var/www/wordpress-unit-tests/tests/auth.php" line="19" assertions="3" time="0.056627"/>
      <testcase name="test_auth_cookie_scheme" class="Tests_Auth" file="/var/www/wordpress-unit-tests/tests/auth.php" line="35" assertions="2" time="0.049335"/>
    </testsuite>
    <testsuite name="Tests_Basic" file="/var/www/wordpress-unit-tests/tests/basic.php" fullPackage="Tests" tests="5" assertions="9" failures="0" errors="0" time="0.009209">
      <testcase name="test_true" class="Tests_Basic" file="/var/www/wordpress-unit-tests/tests/basic.php" line="21" assertions="1" time="0.001572"/>
      <testcase name="test_globals" class="Tests_Basic" file="/var/www/wordpress-unit-tests/tests/basic.php" line="26" assertions="2" time="0.002251"/>
      <testcase name="test_globals_bar" class="Tests_Basic" file="/var/www/wordpress-unit-tests/tests/basic.php" line="40" assertions="1" time="0.002041"/>
      <testcase name="test_strip_ws" class="Tests_Basic" file="/var/www/wordpress-unit-tests/tests/basic.php" line="48" assertions="4" time="0.001775"/>
      <testcase name="test_mask_input_value" class="Tests_Basic" file="/var/www/wordpress-unit-tests/tests/basic.php" line="75" assertions="1" time="0.001570"/>
    </testsuite>
    <testsuite name="Tests_Cache" file="/var/www/wordpress-unit-tests/tests/cache.php" fullPackage="Tests" tests="16" assertions="61" failures="0" errors="0" time="0.039849">
      <testcase name="test_miss" class="Tests_Cache" file="/var/www/wordpress-unit-tests/tests/cache.php" line="27" assertions="1" time="0.001748"/>
      <testcase name="test_add_get" class="Tests_Cache" file="/var/www/wordpress-unit-tests/tests/cache.php" line="31" assertions="1" time="0.001838"/>
      <testcase name="test_add_get_0" class="Tests_Cache" file="/var/www/wordpress-unit-tests/tests/cache.php" line="39" assertions="1" time="0.001724"/>
      <testcase name="test_add_get_null" class="Tests_Cache" file="/var/www/wordpress-unit-tests/tests/cache.php" line="48" assertions="2" time="0.001640"/>
      <testcase name="test_add" class="Tests_Cache" file="/var/www/wordpress-unit-tests/tests/cache.php" line="57" assertions="4" time="0.009749"/>
      <testcase name="test_replace" class="Tests_Cache" file="/var/www/wordpress-unit-tests/tests/cache.php" line="70" assertions="6" time="0.002436"/>
      <testcase name="test_set" class="Tests_Cache" file="/var/www/wordpress-unit-tests/tests/cache.php" line="84" assertions="4" time="0.002196"/>
      <testcase name="test_flush" class="Tests_Cache" file="/var/www/wordpress-unit-tests/tests/cache.php" line="97" assertions="2" time="0.001884"/>
      <testcase name="test_object_refs" class="Tests_Cache" file="/var/www/wordpress-unit-tests/tests/cache.php" line="115" assertions="4" time="0.002010"/>
      <testcase name="test_incr" class="Tests_Cache" file="/var/www/wordpress-unit-tests/tests/cache.php" line="137" assertions="3" time="0.001922"/>
      <testcase name="test_wp_cache_incr" class="Tests_Cache" file="/var/www/wordpress-unit-tests/tests/cache.php" line="150" assertions="3" time="0.001928"/>
      <testcase name="test_decr" class="Tests_Cache" file="/var/www/wordpress-unit-tests/tests/cache.php" line="163" assertions="4" time="0.002022"/>
      <testcase name="test_wp_cache_decr" class="Tests_Cache" file="/var/www/wordpress-unit-tests/tests/cache.php" line="183" assertions="4" time="0.001999"/>
      <testcase name="test_delete" class="Tests_Cache" file="/var/www/wordpress-unit-tests/tests/cache.php" line="200" assertions="5" time="0.002019"/>
      <testcase name="test_wp_cache_delete" class="Tests_Cache" file="/var/www/wordpress-unit-tests/tests/cache.php" line="215" assertions="5" time="0.001928"/>
      <testcase name="test_switch_to_blog" class="Tests_Cache" file="/var/www/wordpress-unit-tests/tests/cache.php" line="234" assertions="12" time="0.002807"/>
    </testsuite>
    <testsuite name="Tests_Canonical" file="/var/www/wordpress-unit-tests/tests/canonical.php" fullPackage="Tests" tests="47" assertions="56" failures="0" errors="0" time="13.999019">
      <testsuite name="Tests_Canonical::test" tests="47" assertions="56" failures="0" errors="0" time="13.999019">
        <testcase name="test with data set #2" assertions="1" time="0.279717"/>
        <testcase name="test with data set #3" assertions="2" time="0.298307"/>
        <testcase name="test with data set #4" assertions="2" time="0.299425"/>
        <testcase name="test with data set #5" assertions="2" time="0.320049"/>
        <testcase name="test with data set #6" assertions="2" time="0.297387"/>
        <testcase name="test with data set #9" assertions="3" time="0.292529"/>
        <testcase name="test with data set #10" assertions="3" time="0.293420"/>
        <testcase name="test with data set #11" assertions="1" time="0.289905"/>
        <testcase name="test with data set #18" assertions="1" time="0.302076"/>
        <testcase name="test with data set #19" assertions="1" time="0.337562"/>
        <testcase name="test with data set #20" assertions="1" time="0.286882"/>
        <testcase name="test with data set #21" assertions="1" time="0.294483"/>
        <testcase name="test with data set #22" assertions="1" time="0.290568"/>
        <testcase name="test with data set #23" assertions="1" time="0.286525"/>
        <testcase name="test with data set #24" assertions="1" time="0.304777"/>
        <testcase name="test with data set #25" assertions="1" time="0.294054"/>
        <testcase name="test with data set #26" assertions="1" time="0.289253"/>
        <testcase name="test with data set #27" assertions="1" time="0.306449"/>
        <testcase name="test with data set #28" assertions="1" time="0.299034"/>
        <testcase name="test with data set #29" assertions="1" time="0.291814"/>
        <testcase name="test with data set #30" assertions="2" time="0.312188"/>
        <testcase name="test with data set #32" assertions="1" time="0.296249"/>
        <testcase name="test with data set #33" assertions="1" time="0.294099"/>
        <testcase name="test with data set #37" assertions="1" time="0.289284"/>
        <testcase name="test with data set #38" assertions="1" time="0.290557"/>
        <testcase name="test with data set #39" assertions="1" time="0.297870"/>
        <testcase name="test with data set #40" assertions="1" time="0.291708"/>
        <testcase name="test with data set #41" assertions="1" time="0.290670"/>
        <testcase name="test with data set #42" assertions="1" time="0.327494"/>
        <testcase name="test with data set #43" assertions="1" time="0.297408"/>
        <testcase name="test with data set #44" assertions="1" time="0.295334"/>
        <testcase name="test with data set #45" assertions="1" time="0.301760"/>
        <testcase name="test with data set #46" assertions="1" time="0.298232"/>
        <testcase name="test with data set #49" assertions="1" time="0.301647"/>
        <testcase name="test with data set #50" assertions="1" time="0.294518"/>
        <testcase name="test with data set #51" assertions="1" time="0.297400"/>
        <testcase name="test with data set #52" assertions="1" time="0.297419"/>
        <testcase name="test with data set #53" assertions="1" time="0.330936"/>
        <testcase name="test with data set #54" assertions="1" time="0.290672"/>
        <testcase name="test with data set #55" assertions="1" time="0.295115"/>
        <testcase name="test with data set #56" assertions="1" time="0.294056"/>
        <testcase name="test with data set #57" assertions="1" time="0.292664"/>
        <testcase name="test with data set #58" assertions="1" time="0.296164"/>
        <testcase name="test with data set #59" assertions="1" time="0.293608"/>
        <testcase name="test with data set #60" assertions="1" time="0.292335"/>
        <testcase name="test with data set #61" assertions="1" time="0.289832"/>
        <testcase name="test with data set #62" assertions="1" time="0.295583"/>
      </testsuite>
    </testsuite>
    <testsuite name="Tests_Canonical_CustomRules" file="/var/www/wordpress-unit-tests/tests/canonical/customRules.php" fullPackage="Tests.Canonical" tests="2" assertions="4" failures="0" errors="0" time="0.654788">
      <testsuite name="Tests_Canonical_CustomRules::test" tests="2" assertions="4" failures="0" errors="0" time="0.654788">
        <testcase name="test with data set #0" assertions="2" time="0.325105"/>
        <testcase name="test with data set #1" assertions="2" time="0.329683"/>
      </testsuite>
    </testsuite>
    <testsuite name="Tests_Canonical_NoRewrite" file="/var/www/wordpress-unit-tests/tests/canonical/noRewrite.php" fullPackage="Tests.Canonical" tests="8" assertions="12" failures="0" errors="0" time="2.261919">
      <testsuite name="Tests_Canonical_NoRewrite::test" tests="8" assertions="12" failures="0" errors="0" time="2.261919">
        <testcase name="test with data set #0" assertions="1" time="0.278403"/>
        <testcase name="test with data set #1" assertions="1" time="0.279565"/>
        <testcase name="test with data set #2" assertions="1" time="0.277574"/>
        <testcase name="test with data set #3" assertions="3" time="0.287992"/>
        <testcase name="test with data set #4" assertions="3" time="0.283919"/>
        <testcase name="test with data set #5" assertions="1" time="0.283072"/>
        <testcase name="test with data set #6" assertions="1" time="0.292647"/>
        <testcase name="test with data set #7" assertions="1" time="0.278747"/>
      </testsuite>
    </testsuite>
    <testsuite name="Tests_Canonical_PageOnFront" file="/var/www/wordpress-unit-tests/tests/canonical/pageOnFront.php" fullPackage="Tests.Canonical" tests="3" assertions="3" failures="0" errors="0" time="1.006840">
      <testsuite name="Tests_Canonical_PageOnFront::test" tests="3" assertions="3" failures="0" errors="0" time="1.006840">
        <testcase name="test with data set #0" assertions="1" time="0.325134"/>
        <testcase name="test with data set #1" assertions="1" time="0.327868"/>
        <testcase name="test with data set #2" assertions="1" time="0.353838"/>
      </testsuite>
    </testsuite>
    <testsuite name="Tests_Canonical_PermalinkFormat" file="/var/www/wordpress-unit-tests/tests/canonical/permalinkFormats.php" fullPackage="Tests.Canonical" tests="0" assertions="0" failures="0" errors="0" time="0.000000"/>
    <testsuite name="Tests_Comment" file="/var/www/wordpress-unit-tests/tests/comment.php" fullPackage="Tests" tests="1" assertions="3" failures="0" errors="0" time="0.042120">
      <testcase name="test_wp_update_comment" class="Tests_Comment" file="/var/www/wordpress-unit-tests/tests/comment.php" line="7" assertions="3" time="0.042120"/>
    </testsuite>
    <testsuite name="Tests_Comment_Query" file="/var/www/wordpress-unit-tests/tests/comment/query.php" fullPackage="Tests.Comment" tests="5" assertions="85" failures="0" errors="0" time="0.384142">
      <testcase name="test_get_comment_comment_approved_0" class="Tests_Comment_Query" file="/var/www/wordpress-unit-tests/tests/comment/query.php" line="18" assertions="1" time="0.005622"/>
      <testcase name="test_get_comment_comment_approved_1" class="Tests_Comment_Query" file="/var/www/wordpress-unit-tests/tests/comment/query.php" line="27" assertions="2" time="0.005612"/>
      <testcase name="test_get_comments_for_post" class="Tests_Comment_Query" file="/var/www/wordpress-unit-tests/tests/comment/query.php" line="37" assertions="66" time="0.166320"/>
      <testcase name="test_orderby_meta" class="Tests_Comment_Query" file="/var/www/wordpress-unit-tests/tests/comment/query.php" line="82" assertions="10" time="0.018791"/>
      <testcase name="test_get_status" class="Tests_Comment_Query" file="/var/www/wordpress-unit-tests/tests/comment/query.php" line="115" assertions="6" time="0.187797"/>
    </testsuite>
    <testsuite name="Tests_Comment_Slashes" file="/var/www/wordpress-unit-tests/tests/comment/slashes.php" fullPackage="Tests.Comment" tests="0" assertions="0" failures="0" errors="0" time="0.000000"/>
    <testsuite name="Tests_Compat" file="/var/www/wordpress-unit-tests/tests/compat.php" fullPackage="Tests" tests="4" assertions="10" failures="0" errors="0" time="0.008474">
      <testcase name="test_mb_substr" class="Tests_Compat" file="/var/www/wordpress-unit-tests/tests/compat.php" line="7" assertions="4" time="0.003346"/>
      <testcase name="test_hash_hmac_simple" class="Tests_Compat" file="/var/www/wordpress-unit-tests/tests/compat.php" line="14" assertions="2" time="0.001637"/>
      <testcase name="test_hash_hmac_padding" class="Tests_Compat" file="/var/www/wordpress-unit-tests/tests/compat.php" line="19" assertions="2" time="0.001636"/>
      <testcase name="test_hash_hmac_output" class="Tests_Compat" file="/var/www/wordpress-unit-tests/tests/compat.php" line="24" assertions="2" time="0.001855"/>
    </testsuite>
    <testsuite name="Tests_Cron" file="/var/www/wordpress-unit-tests/tests/cron.php" fullPackage="Tests" tests="11" assertions="34" failures="0" errors="0" time="0.128898">
      <testcase name="test_wp_get_schedule_empty" class="Tests_Cron" file="/var/www/wordpress-unit-tests/tests/cron.php" line="21" assertions="1" time="0.006405"/>
      <testcase name="test_schedule_event_single" class="Tests_Cron" file="/var/www/wordpress-unit-tests/tests/cron.php" line="27" assertions="2" time="0.017783"/>
      <testcase name="test_schedule_event_single_args" class="Tests_Cron" file="/var/www/wordpress-unit-tests/tests/cron.php" line="40" assertions="4" time="0.009079"/>
      <testcase name="test_schedule_event" class="Tests_Cron" file="/var/www/wordpress-unit-tests/tests/cron.php" line="57" assertions="2" time="0.005670"/>
      <testcase name="test_schedule_event_args" class="Tests_Cron" file="/var/www/wordpress-unit-tests/tests/cron.php" line="70" assertions="4" time="0.006484"/>
      <testcase name="test_unschedule_event" class="Tests_Cron" file="/var/www/wordpress-unit-tests/tests/cron.php" line="88" assertions="2" time="0.005906"/>
      <testcase name="test_clear_schedule" class="Tests_Cron" file="/var/www/wordpress-unit-tests/tests/cron.php" line="101" assertions="5" time="0.014036"/>
      <testcase name="test_clear_schedule_multiple_args" class="Tests_Cron" file="/var/www/wordpress-unit-tests/tests/cron.php" line="127" assertions="5" time="0.011276"/>
      <testcase name="test_clear_schedule_new_args" class="Tests_Cron" file="/var/www/wordpress-unit-tests/tests/cron.php" line="156" assertions="6" time="0.012054"/>
      <testcase name="test_duplicate_event" class="Tests_Cron" file="/var/www/wordpress-unit-tests/tests/cron.php" line="195" assertions="1" time="0.006186"/>
      <testcase name="test_not_duplicate_event" class="Tests_Cron" file="/var/www/wordpress-unit-tests/tests/cron.php" line="214" assertions="2" time="0.034019"/>
    </testsuite>
    <testsuite name="Tests_DB" file="/var/www/wordpress-unit-tests/tests/db.php" fullPackage="Tests" tests="4" assertions="12" failures="0" errors="0" time="0.008970">
      <testcase name="test_locale_floats" class="Tests_DB" file="/var/www/wordpress-unit-tests/tests/db.php" line="49" assertions="2" time="0.002822"/>
      <testcase name="test_wpdb_supposedly_protected_properties" class="Tests_DB" file="/var/www/wordpress-unit-tests/tests/db.php" line="85" assertions="5" time="0.002099"/>
      <testcase name="test_wpdb_nonexistent_properties" class="Tests_DB" file="/var/www/wordpress-unit-tests/tests/db.php" line="101" assertions="4" time="0.001986"/>
      <testcase name="test_double_escaped_placeholders" class="Tests_DB" file="/var/www/wordpress-unit-tests/tests/db.php" line="116" assertions="1" time="0.002063"/>
    </testsuite>
    <testsuite name="Tests_Dependencies" file="/var/www/wordpress-unit-tests/tests/dependencies.php" fullPackage="Tests" tests="7" assertions="56" failures="0" errors="0" time="0.012016">
      <testcase name="test_add" class="Tests_Dependencies" file="/var/www/wordpress-unit-tests/tests/dependencies.php" line="7" assertions="5" time="0.001530"/>
      <testcase name="test_remove" class="Tests_Dependencies" file="/var/www/wordpress-unit-tests/tests/dependencies.php" line="20" assertions="4" time="0.001484"/>
      <testcase name="test_enqueue" class="Tests_Dependencies" file="/var/www/wordpress-unit-tests/tests/dependencies.php" line="33" assertions="7" time="0.001553"/>
      <testcase name="test_dequeue" class="Tests_Dependencies" file="/var/www/wordpress-unit-tests/tests/dependencies.php" line="49" assertions="8" time="0.001602"/>
      <testcase name="test_enqueue_args" class="Tests_Dependencies" file="/var/www/wordpress-unit-tests/tests/dependencies.php" line="69" assertions="9" time="0.001797"/>
      <testcase name="test_dequeue_args" class="Tests_Dependencies" file="/var/www/wordpress-unit-tests/tests/dependencies.php" line="87" assertions="12" time="0.001896"/>
      <testcase name="test_query_and_registered_enqueued" class="Tests_Dependencies" file="/var/www/wordpress-unit-tests/tests/dependencies.php" line="114" assertions="11" time="0.002154"/>
    </testsuite>
    <testsuite name="Tests_Dependencies_jQuery" file="/var/www/wordpress-unit-tests/tests/dependencies/jquery.php" fullPackage="Tests.Dependencies" tests="2" assertions="3" failures="0" errors="0" time="0.020085">
      <testcase name="test_location_of_jquery" class="Tests_Dependencies_jQuery" file="/var/www/wordpress-unit-tests/tests/dependencies/jquery.php" line="9" assertions="2" time="0.017837"/>
      <testcase name="test_presence_of_jquery_no_conflict" class="Tests_Dependencies_jQuery" file="/var/www/wordpress-unit-tests/tests/dependencies/jquery.php" line="17" assertions="1" time="0.002248"/>
    </testsuite>
    <testsuite name="Tests_Dependencies_Scripts" file="/var/www/wordpress-unit-tests/tests/dependencies/scripts.php" fullPackage="Tests.Dependencies" tests="2" assertions="4" failures="0" errors="0" time="0.008829">
      <testcase name="test_wp_enqueue_script" class="Tests_Dependencies_Scripts" file="/var/www/wordpress-unit-tests/tests/dependencies/scripts.php" line="27" assertions="2" time="0.004172"/>
      <testcase name="test_protocols" class="Tests_Dependencies_Scripts" file="/var/www/wordpress-unit-tests/tests/dependencies/scripts.php" line="49" assertions="2" time="0.004657"/>
    </testsuite>
    <testsuite name="Tests_Dependencies_Styles" file="/var/www/wordpress-unit-tests/tests/dependencies/styles.php" fullPackage="Tests.Dependencies" tests="2" assertions="4" failures="0" errors="0" time="0.008124">
      <testcase name="test_wp_enqueue_style" class="Tests_Dependencies_Styles" file="/var/www/wordpress-unit-tests/tests/dependencies/styles.php" line="27" assertions="2" time="0.003808"/>
      <testcase name="test_protocols" class="Tests_Dependencies_Styles" file="/var/www/wordpress-unit-tests/tests/dependencies/styles.php" line="49" assertions="2" time="0.004316"/>
    </testsuite>
    <testsuite name="Test_WP_Export_Query" file="/var/www/wordpress-unit-tests/tests/export/class-wp-export-query.php" fullPackage="Test.WP.Export" tests="0" assertions="0" failures="0" errors="0" time="0.000000"/>
    <testsuite name="Test_WP_Export_Functions" file="/var/www/wordpress-unit-tests/tests/export/functions.export.php" fullPackage="Test.WP.Export" tests="0" assertions="0" failures="0" errors="0" time="0.000000"/>
    <testsuite name="Test_WP_Export_Writers" file="/var/www/wordpress-unit-tests/tests/export/writers.php" fullPackage="Test.WP.Export" tests="0" assertions="0" failures="0" errors="0" time="0.000000"/>
    <testsuite name="Tests_Feed_RSS2" file="/var/www/wordpress-unit-tests/tests/feed/rss2.php" fullPackage="Tests.Feed" tests="2" assertions="11" failures="0" errors="0" time="0.896043">
      <testcase name="test_rss" class="Tests_Feed_RSS2" file="/var/www/wordpress-unit-tests/tests/feed/rss2.php" line="38" assertions="6" time="0.450318"/>
      <testcase name="test_channel" class="Tests_Feed_RSS2" file="/var/www/wordpress-unit-tests/tests/feed/rss2.php" line="58" assertions="5" time="0.445725"/>
    </testsuite>
    <testsuite name="Tests_File" file="/var/www/wordpress-unit-tests/tests/file.php" fullPackage="Tests" tests="8" assertions="21" failures="0" errors="0" time="0.019774">
      <testcase name="test_get_file_data" class="Tests_File" file="/var/www/wordpress-unit-tests/tests/file.php" line="19" assertions="6" time="0.002648"/>
      <testcase name="test_get_file_data_cr_line_endings" class="Tests_File" file="/var/www/wordpress-unit-tests/tests/file.php" line="48" assertions="3" time="0.001848"/>
      <testcase name="test_unique_filename_is_valid" class="Tests_File" file="/var/www/wordpress-unit-tests/tests/file.php" line="82" assertions="1" time="0.002142"/>
      <testcase name="test_unique_filename_is_unique" class="Tests_File" file="/var/www/wordpress-unit-tests/tests/file.php" line="91" assertions="3" time="0.003485"/>
      <testcase name="test_unique_filename_is_sanitized" class="Tests_File" file="/var/www/wordpress-unit-tests/tests/file.php" line="107" assertions="2" time="0.002191"/>
      <testcase name="test_unique_filename_with_slashes" class="Tests_File" file="/var/www/wordpress-unit-tests/tests/file.php" line="119" assertions="2" time="0.002195"/>
      <testcase name="test_unique_filename_multiple_ext" class="Tests_File" file="/var/www/wordpress-unit-tests/tests/file.php" line="132" assertions="2" time="0.003150"/>
      <testcase name="test_unique_filename_no_ext" class="Tests_File" file="/var/www/wordpress-unit-tests/tests/file.php" line="144" assertions="2" time="0.002115"/>
    </testsuite>
    <testsuite name="Tests_Filters" file="/var/www/wordpress-unit-tests/tests/filters.php" fullPackage="Tests" tests="11" assertions="54" failures="0" errors="0" time="0.028913">
      <testcase name="test_simple_filter" class="Tests_Filters" file="/var/www/wordpress-unit-tests/tests/filters.php" line="10" assertions="4" time="0.002455"/>
      <testcase name="test_remove_filter" class="Tests_Filters" file="/var/www/wordpress-unit-tests/tests/filters.php" line="27" assertions="6" time="0.002657"/>
      <testcase name="test_has_filter" class="Tests_Filters" file="/var/www/wordpress-unit-tests/tests/filters.php" line="47" assertions="6" time="0.001975"/>
      <testcase name="test_multiple_filters" class="Tests_Filters" file="/var/www/wordpress-unit-tests/tests/filters.php" line="62" assertions="3" time="0.002149"/>
      <testcase name="test_filter_args_1" class="Tests_Filters" file="/var/www/wordpress-unit-tests/tests/filters.php" line="79" assertions="3" time="0.002523"/>
      <testcase name="test_filter_args_2" class="Tests_Filters" file="/var/www/wordpress-unit-tests/tests/filters.php" line="93" assertions="5" time="0.003171"/>
      <testcase name="test_filter_priority" class="Tests_Filters" file="/var/www/wordpress-unit-tests/tests/filters.php" line="116" assertions="3" time="0.003397"/>
      <testcase name="test_all_filter" class="Tests_Filters" file="/var/www/wordpress-unit-tests/tests/filters.php" line="147" assertions="7" time="0.003193"/>
      <testcase name="test_remove_all_filter" class="Tests_Filters" file="/var/www/wordpress-unit-tests/tests/filters.php" line="171" assertions="10" time="0.002812"/>
      <testcase name="test_filter_ref_array" class="Tests_Filters" file="/var/www/wordpress-unit-tests/tests/filters.php" line="198" assertions="2" time="0.002197"/>
      <testcase name="test_filter_ref_array_result" class="Tests_Filters" file="/var/www/wordpress-unit-tests/tests/filters.php" line="217" assertions="5" time="0.002383"/>
    </testsuite>
    <testsuite name="Tests_Formatting_Autop" file="/var/www/wordpress-unit-tests/tests/formatting/Autop.php" fullPackage="Tests.Formatting" tests="3" assertions="5" failures="0" errors="0" time="0.008902">
      <testcase name="test_first_post" class="Tests_Formatting_Autop" file="/var/www/wordpress-unit-tests/tests/formatting/Autop.php" line="8" assertions="1" time="0.002342"/>
      <testcase name="test_skip_pre_elements" class="Tests_Formatting_Autop" file="/var/www/wordpress-unit-tests/tests/formatting/Autop.php" line="70" assertions="3" time="0.004487"/>
      <testcase name="test_skip_input_elements" class="Tests_Formatting_Autop" file="/var/www/wordpress-unit-tests/tests/formatting/Autop.php" line="97" assertions="1" time="0.002073"/>
    </testsuite>
    <testsuite name="Tests_Formatting_CleanPre" file="/var/www/wordpress-unit-tests/tests/formatting/CleanPre.php" fullPackage="Tests.Formatting" tests="4" assertions="4" failures="0" errors="0" time="0.006170">
      <testcase name="test_removes_self_closing_br_with_space" class="Tests_Formatting_CleanPre" file="/var/www/wordpress-unit-tests/tests/formatting/CleanPre.php" line="10" assertions="1" time="0.001563"/>
      <testcase name="test_removes_self_closing_br_without_space" class="Tests_Formatting_CleanPre" file="/var/www/wordpress-unit-tests/tests/formatting/CleanPre.php" line="17" assertions="1" time="0.001533"/>
      <testcase name="test_removes_html_br" class="Tests_Formatting_CleanPre" file="/var/www/wordpress-unit-tests/tests/formatting/CleanPre.php" line="27" assertions="1" time="0.001555"/>
      <testcase name="test_removes_p" class="Tests_Formatting_CleanPre" file="/var/www/wordpress-unit-tests/tests/formatting/CleanPre.php" line="33" assertions="1" time="0.001519"/>
    </testsuite>
    <testsuite name="Tests_Formatting_ConvertChars" file="/var/www/wordpress-unit-tests/tests/formatting/ConvertChars.php" fullPackage="Tests.Formatting" tests="5" assertions="7" failures="0" errors="0" time="0.008319">
      <testcase name="test_replaces_windows1252_entities_with_unicode_ones" class="Tests_Formatting_ConvertChars" file="/var/www/wordpress-unit-tests/tests/formatting/ConvertChars.php" line="7" assertions="1" time="0.001560"/>
      <testcase name="test_replaces_latin_letter_z_with_caron" class="Tests_Formatting_ConvertChars" file="/var/www/wordpress-unit-tests/tests/formatting/ConvertChars.php" line="16" assertions="1" time="0.001989"/>
      <testcase name="test_converts_html_br_and_hr_to_the_xhtml_self_closing_variety" class="Tests_Formatting_ConvertChars" file="/var/www/wordpress-unit-tests/tests/formatting/ConvertChars.php" line="22" assertions="3" time="0.001755"/>
      <testcase name="test_escapes_lone_ampersands" class="Tests_Formatting_ConvertChars" file="/var/www/wordpress-unit-tests/tests/formatting/ConvertChars.php" line="33" assertions="1" time="0.001502"/>
      <testcase name="test_removes_category_and_title_metadata_tags" class="Tests_Formatting_ConvertChars" file="/var/www/wordpress-unit-tests/tests/formatting/ConvertChars.php" line="37" assertions="1" time="0.001513"/>
    </testsuite>
    <testsuite name="Tests_Formatting_EscAttr" file="/var/www/wordpress-unit-tests/tests/formatting/EscAttr.php" fullPackage="Tests.Formatting" tests="2" assertions="7" failures="0" errors="0" time="0.005926">
      <testcase name="test_esc_attr_quotes" class="Tests_Formatting_EscAttr" file="/var/www/wordpress-unit-tests/tests/formatting/EscAttr.php" line="7" assertions="6" time="0.004169"/>
      <testcase name="test_esc_attr_amp" class="Tests_Formatting_EscAttr" file="/var/www/wordpress-unit-tests/tests/formatting/EscAttr.php" line="28" assertions="1" time="0.001757"/>
    </testsuite>
    <testsuite name="Tests_Formatting_EscHtml" file="/var/www/wordpress-unit-tests/tests/formatting/EscHtml.php" fullPackage="Tests.Formatting" tests="4" assertions="6" failures="0" errors="0" time="0.007152">
      <testcase name="test_esc_html_basics" class="Tests_Formatting_EscHtml" file="/var/www/wordpress-unit-tests/tests/formatting/EscHtml.php" line="7" assertions="3" time="0.001954"/>
      <testcase name="test_escapes_ampersands" class="Tests_Formatting_EscHtml" file="/var/www/wordpress-unit-tests/tests/formatting/EscHtml.php" line="23" assertions="1" time="0.001943"/>
      <testcase name="test_escapes_greater_and_less_than" class="Tests_Formatting_EscHtml" file="/var/www/wordpress-unit-tests/tests/formatting/EscHtml.php" line="29" assertions="1" time="0.001591"/>
      <testcase name="test_ignores_existing_entities" class="Tests_Formatting_EscHtml" file="/var/www/wordpress-unit-tests/tests/formatting/EscHtml.php" line="35" assertions="1" time="0.001664"/>
    </testsuite>
    <testsuite name="Tests_Formatting_EscUrl" file="/var/www/wordpress-unit-tests/tests/formatting/EscUrl.php" fullPackage="Tests.Formatting" tests="7" assertions="28" failures="0" errors="0" time="0.016842">
      <testcase name="test_spaces" class="Tests_Formatting_EscUrl" file="/var/www/wordpress-unit-tests/tests/formatting/EscUrl.php" line="7" assertions="2" time="0.001853"/>
      <testcase name="test_bad_characters" class="Tests_Formatting_EscUrl" file="/var/www/wordpress-unit-tests/tests/formatting/EscUrl.php" line="12" assertions="10" time="0.003778"/>
      <testcase name="test_relative" class="Tests_Formatting_EscUrl" file="/var/www/wordpress-unit-tests/tests/formatting/EscUrl.php" line="26" assertions="4" time="0.002155"/>
      <testcase name="test_protocol" class="Tests_Formatting_EscUrl" file="/var/www/wordpress-unit-tests/tests/formatting/EscUrl.php" line="33" assertions="2" time="0.001900"/>
      <testcase name="test_display_extras" class="Tests_Formatting_EscUrl" file="/var/www/wordpress-unit-tests/tests/formatting/EscUrl.php" line="38" assertions="2" time="0.001836"/>
      <testcase name="test_non_ascii" class="Tests_Formatting_EscUrl" file="/var/www/wordpress-unit-tests/tests/formatting/EscUrl.php" line="43" assertions="3" time="0.002084"/>
      <testcase name="test_feed" class="Tests_Formatting_EscUrl" file="/var/www/wordpress-unit-tests/tests/formatting/EscUrl.php" line="49" assertions="5" time="0.003236"/>
    </testsuite>
    <testsuite name="Tests_Formatting_HtmlExcerpt" file="/var/www/wordpress-unit-tests/tests/formatting/HtmlExcerpt.php" fullPackage="Tests.Formatting" tests="3" assertions="6" failures="0" errors="0" time="0.004936">
      <testcase name="test_simple" class="Tests_Formatting_HtmlExcerpt" file="/var/www/wordpress-unit-tests/tests/formatting/HtmlExcerpt.php" line="7" assertions="1" time="0.001552"/>
      <testcase name="test_html" class="Tests_Formatting_HtmlExcerpt" file="/var/www/wordpress-unit-tests/tests/formatting/HtmlExcerpt.php" line="10" assertions="1" time="0.001540"/>
      <testcase name="test_entities" class="Tests_Formatting_HtmlExcerpt" file="/var/www/wordpress-unit-tests/tests/formatting/HtmlExcerpt.php" line="13" assertions="4" time="0.001844"/>
    </testsuite>
    <testsuite name="Tests_Formatting_IsEmail" file="/var/www/wordpress-unit-tests/tests/formatting/IsEmail.php" fullPackage="Tests.Formatting" tests="2" assertions="9" failures="0" errors="0" time="0.003720">
      <testcase name="test_returns_true_if_given_a_valid_email_address" class="Tests_Formatting_IsEmail" file="/var/www/wordpress-unit-tests/tests/formatting/IsEmail.php" line="7" assertions="4" time="0.002042"/>
      <testcase name="test_returns_false_if_given_an_invalid_email_address" class="Tests_Formatting_IsEmail" file="/var/www/wordpress-unit-tests/tests/formatting/IsEmail.php" line="19" assertions="5" time="0.001678"/>
    </testsuite>
    <testsuite name="Tests_Formatting_JSEscape" file="/var/www/wordpress-unit-tests/tests/formatting/JSEscape.php" fullPackage="Tests.Formatting" tests="7" assertions="7" failures="0" errors="0" time="0.011393">
      <testcase name="test_js_escape_simple" class="Tests_Formatting_JSEscape" file="/var/www/wordpress-unit-tests/tests/formatting/JSEscape.php" line="7" assertions="1" time="0.001611"/>
      <testcase name="test_js_escape_quotes" class="Tests_Formatting_JSEscape" file="/var/www/wordpress-unit-tests/tests/formatting/JSEscape.php" line="12" assertions="1" time="0.001642"/>
      <testcase name="test_js_escape_backslash" class="Tests_Formatting_JSEscape" file="/var/www/wordpress-unit-tests/tests/formatting/JSEscape.php" line="18" assertions="1" time="0.001578"/>
      <testcase name="test_js_escape_amp" class="Tests_Formatting_JSEscape" file="/var/www/wordpress-unit-tests/tests/formatting/JSEscape.php" line="25" assertions="1" time="0.001778"/>
      <testcase name="test_js_escape_quote_entity" class="Tests_Formatting_JSEscape" file="/var/www/wordpress-unit-tests/tests/formatting/JSEscape.php" line="30" assertions="1" time="0.001678"/>
      <testcase name="test_js_no_carriage_return" class="Tests_Formatting_JSEscape" file="/var/www/wordpress-unit-tests/tests/formatting/JSEscape.php" line="35" assertions="1" time="0.001552"/>
      <testcase name="test_js_escape_rn" class="Tests_Formatting_JSEscape" file="/var/www/wordpress-unit-tests/tests/formatting/JSEscape.php" line="41" assertions="1" time="0.001554"/>
    </testsuite>
    <testsuite name="Tests_Formatting_LikeEscape" file="/var/www/wordpress-unit-tests/tests/formatting/LikeEscape.php" fullPackage="Tests.Formatting" tests="0" assertions="0" failures="0" errors="0" time="0.000000"/>
    <testsuite name="Tests_Formatting_MakeClickable" file="/var/www/wordpress-unit-tests/tests/formatting/MakeClickable.php" fullPackage="Tests.Formatting" tests="17" assertions="76" failures="0" errors="0" time="0.046036">
      <testcase name="test_mailto_xss" class="Tests_Formatting_MakeClickable" file="/var/www/wordpress-unit-tests/tests/formatting/MakeClickable.php" line="7" assertions="1" time="0.001647"/>
      <testcase name="test_valid_mailto" class="Tests_Formatting_MakeClickable" file="/var/www/wordpress-unit-tests/tests/formatting/MakeClickable.php" line="12" assertions="5" time="0.002069"/>
      <testcase name="test_invalid_mailto" class="Tests_Formatting_MakeClickable" file="/var/www/wordpress-unit-tests/tests/formatting/MakeClickable.php" line="25" assertions="6" time="0.002127"/>
      <testcase name="test_strip_trailing_with_protocol" class="Tests_Formatting_MakeClickable" file="/var/www/wordpress-unit-tests/tests/formatting/MakeClickable.php" line="41" assertions="6" time="0.003155"/>
      <testcase name="test_strip_trailing_with_protocol_nothing_afterwards" class="Tests_Formatting_MakeClickable" file="/var/www/wordpress-unit-tests/tests/formatting/MakeClickable.php" line="66" assertions="7" time="0.003423"/>
      <testcase name="test_strip_trailing_without_protocol" class="Tests_Formatting_MakeClickable" file="/var/www/wordpress-unit-tests/tests/formatting/MakeClickable.php" line="93" assertions="6" time="0.003094"/>
      <testcase name="test_strip_trailing_without_protocol_nothing_afterwards" class="Tests_Formatting_MakeClickable" file="/var/www/wordpress-unit-tests/tests/formatting/MakeClickable.php" line="118" assertions="6" time="0.003124"/>
      <testcase name="test_iri" class="Tests_Formatting_MakeClickable" file="/var/www/wordpress-unit-tests/tests/formatting/MakeClickable.php" line="142" assertions="3" time="0.002281"/>
      <testcase name="test_brackets_in_urls" class="Tests_Formatting_MakeClickable" file="/var/www/wordpress-unit-tests/tests/formatting/MakeClickable.php" line="159" assertions="10" time="0.005631"/>
      <testcase name="test_real_world_examples" class="Tests_Formatting_MakeClickable" file="/var/www/wordpress-unit-tests/tests/formatting/MakeClickable.php" line="194" assertions="4" time="0.002743"/>
      <testcase name="test_twitter_hash_bang" class="Tests_Formatting_MakeClickable" file="/var/www/wordpress-unit-tests/tests/formatting/MakeClickable.php" line="213" assertions="3" time="0.002294"/>
      <testcase name="test_wrapped_in_angles" class="Tests_Formatting_MakeClickable" file="/var/www/wordpress-unit-tests/tests/formatting/MakeClickable.php" line="229" assertions="3" time="0.002162"/>
      <testcase name="test_preceded_by_punctuation" class="Tests_Formatting_MakeClickable" file="/var/www/wordpress-unit-tests/tests/formatting/MakeClickable.php" line="245" assertions="6" time="0.003109"/>
      <testcase name="test_dont_break_attributes" class="Tests_Formatting_MakeClickable" file="/var/www/wordpress-unit-tests/tests/formatting/MakeClickable.php" line="267" assertions="6" time="0.002622"/>
      <testcase name="test_click_inside_html" class="Tests_Formatting_MakeClickable" file="/var/www/wordpress-unit-tests/tests/formatting/MakeClickable.php" line="294" assertions="2" time="0.002452"/>
      <testcase name="test_no_links_within_links" class="Tests_Formatting_MakeClickable" file="/var/www/wordpress-unit-tests/tests/formatting/MakeClickable.php" line="308" assertions="1" time="0.002435"/>
      <testcase name="test_no_segfault" class="Tests_Formatting_MakeClickable" file="/var/www/wordpress-unit-tests/tests/formatting/MakeClickable.php" line="321" assertions="1" time="0.001668"/>
    </testsuite>
    <testsuite name="Tests_Formatting_MapDeep" file="/var/www/wordpress-unit-tests/tests/formatting/MapDeep.php" fullPackage="Tests.Formatting" tests="0" assertions="0" failures="0" errors="0" time="0.000000"/>
    <testsuite name="Tests_Formatting_RemoveAccents" file="/var/www/wordpress-unit-tests/tests/formatting/RemoveAccents.php" fullPackage="Tests.Formatting" tests="8" assertions="18" failures="0" errors="0" time="0.050555">
      <testcase name="test_remove_accents_simple" class="Tests_Formatting_RemoveAccents" file="/var/www/wordpress-unit-tests/tests/formatting/RemoveAccents.php" line="7" assertions="1" time="0.014997"/>
      <testcase name="test_remove_accents_latin1_supplement" class="Tests_Formatting_RemoveAccents" file="/var/www/wordpress-unit-tests/tests/formatting/RemoveAccents.php" line="14" assertions="1" time="0.003710"/>
      <testcase name="test_remove_accents_latin_extended_a" class="Tests_Formatting_RemoveAccents" file="/var/www/wordpress-unit-tests/tests/formatting/RemoveAccents.php" line="21" assertions="1" time="0.003402"/>
      <testcase name="test_remove_accents_latin_extended_b" class="Tests_Formatting_RemoveAccents" file="/var/www/wordpress-unit-tests/tests/formatting/RemoveAccents.php" line="28" assertions="1" time="0.002764"/>
      <testcase name="test_remove_accents_euro_pound_signs" class="Tests_Formatting_RemoveAccents" file="/var/www/wordpress-unit-tests/tests/formatting/RemoveAccents.php" line="32" assertions="2" time="0.004513"/>
      <testcase name="test_remove_accents_iso8859" class="Tests_Formatting_RemoveAccents" file="/var/www/wordpress-unit-tests/tests/formatting/RemoveAccents.php" line="37" assertions="1" time="0.001734"/>
      <testcase name="test_remove_accents_vowels_diacritic" class="Tests_Formatting_RemoveAccents" file="/var/www/wordpress-unit-tests/tests/formatting/RemoveAccents.php" line="50" assertions="6" time="0.010633"/>
      <testcase name="test_remove_accents_hanyu_pinyin" class="Tests_Formatting_RemoveAccents" file="/var/www/wordpress-unit-tests/tests/formatting/RemoveAccents.php" line="69" assertions="5" time="0.008802"/>
    </testsuite>
    <testsuite name="Tests_Formatting_SanitizeFileName" file="/var/www/wordpress-unit-tests/tests/formatting/SanitizeFileName.php" fullPackage="Tests.Formatting" tests="5" assertions="6" failures="0" errors="0" time="0.008786">
      <testcase name="test_munges_extensions" class="Tests_Formatting_SanitizeFileName" file="/var/www/wordpress-unit-tests/tests/formatting/SanitizeFileName.php" line="7" assertions="1" time="0.002064"/>
      <testcase name="test_removes_special_chars" class="Tests_Formatting_SanitizeFileName" file="/var/www/wordpress-unit-tests/tests/formatting/SanitizeFileName.php" line="13" assertions="1" time="0.001662"/>
      <testcase name="test_replaces_any_number_of_hyphens_with_one_hyphen" class="Tests_Formatting_SanitizeFileName" file="/var/www/wordpress-unit-tests/tests/formatting/SanitizeFileName.php" line="22" assertions="1" time="0.001632"/>
      <testcase name="test_trims_trailing_hyphens" class="Tests_Formatting_SanitizeFileName" file="/var/www/wordpress-unit-tests/tests/formatting/SanitizeFileName.php" line="26" assertions="1" time="0.001648"/>
      <testcase name="test_replaces_any_amount_of_whitespace_with_one_hyphen" class="Tests_Formatting_SanitizeFileName" file="/var/www/wordpress-unit-tests/tests/formatting/SanitizeFileName.php" line="30" assertions="2" time="0.001780"/>
    </testsuite>
    <testsuite name="Tests_Formatting_SanitizeMimeType" file="/var/www/wordpress-unit-tests/tests/formatting/SanitizeMimeType.php" fullPackage="Tests.Formatting" tests="1" assertions="22" failures="0" errors="0" time="0.003843">
      <testcase name="test_sanitize_valid_mime_type" class="Tests_Formatting_SanitizeMimeType" file="/var/www/wordpress-unit-tests/tests/formatting/SanitizeMimeType.php" line="8" assertions="22" time="0.003843"/>
    </testsuite>
    <testsuite name="Tests_Formatting_SanitizeTextField" file="/var/www/wordpress-unit-tests/tests/formatting/SanitizeTextField.php" fullPackage="Tests.Formatting" tests="1" assertions="13" failures="0" errors="0" time="0.003415">
      <testcase name="test_sanitize_text_field" class="Tests_Formatting_SanitizeTextField" file="/var/www/wordpress-unit-tests/tests/formatting/SanitizeTextField.php" line="8" assertions="13" time="0.003415"/>
    </testsuite>
    <testsuite name="Tests_Formatting_SanitizeTitle" file="/var/www/wordpress-unit-tests/tests/formatting/SanitizeTitle.php" fullPackage="Tests.Formatting" tests="2" assertions="2" failures="0" errors="0" time="0.003507">
      <testcase name="test_strips_html" class="Tests_Formatting_SanitizeTitle" file="/var/www/wordpress-unit-tests/tests/formatting/SanitizeTitle.php" line="7" assertions="1" time="0.001799"/>
      <testcase name="test_titles_sanitized_to_nothing_are_replaced_with_optional_fallback" class="Tests_Formatting_SanitizeTitle" file="/var/www/wordpress-unit-tests/tests/formatting/SanitizeTitle.php" line="13" assertions="1" time="0.001708"/>
    </testsuite>
    <testsuite name="Tests_Formatting_SanitizeTitleWithDashes" file="/var/www/wordpress-unit-tests/tests/formatting/SanitizeTitleWithDashes.php" fullPackage="Tests.Formatting" tests="16" assertions="27" failures="0" errors="0" time="0.032920">
      <testcase name="test_strips_html" class="Tests_Formatting_SanitizeTitleWithDashes" file="/var/www/wordpress-unit-tests/tests/formatting/SanitizeTitleWithDashes.php" line="7" assertions="1" time="0.001864"/>
      <testcase name="test_strips_unencoded_percent_signs" class="Tests_Formatting_SanitizeTitleWithDashes" file="/var/www/wordpress-unit-tests/tests/formatting/SanitizeTitleWithDashes.php" line="13" assertions="1" time="0.001761"/>
      <testcase name="test_makes_title_lowercase" class="Tests_Formatting_SanitizeTitleWithDashes" file="/var/www/wordpress-unit-tests/tests/formatting/SanitizeTitleWithDashes.php" line="17" assertions="1" time="0.001683"/>
      <testcase name="test_replaces_any_amount_of_whitespace_with_one_hyphen" class="Tests_Formatting_SanitizeTitleWithDashes" file="/var/www/wordpress-unit-tests/tests/formatting/SanitizeTitleWithDashes.php" line="21" assertions="2" time="0.001890"/>
      <testcase name="test_replaces_any_number_of_hyphens_with_one_hyphen" class="Tests_Formatting_SanitizeTitleWithDashes" file="/var/www/wordpress-unit-tests/tests/formatting/SanitizeTitleWithDashes.php" line="26" assertions="1" time="0.001813"/>
      <testcase name="test_trims_trailing_hyphens" class="Tests_Formatting_SanitizeTitleWithDashes" file="/var/www/wordpress-unit-tests/tests/formatting/SanitizeTitleWithDashes.php" line="30" assertions="1" time="0.001800"/>
      <testcase name="test_handles_non_entity_ampersands" class="Tests_Formatting_SanitizeTitleWithDashes" file="/var/www/wordpress-unit-tests/tests/formatting/SanitizeTitleWithDashes.php" line="34" assertions="1" time="0.001800"/>
      <testcase name="test_replaces_nbsp" class="Tests_Formatting_SanitizeTitleWithDashes" file="/var/www/wordpress-unit-tests/tests/formatting/SanitizeTitleWithDashes.php" line="52" assertions="1" time="0.001859"/>
      <testcase name="test_replaces_ndash_mdash" class="Tests_Formatting_SanitizeTitleWithDashes" file="/var/www/wordpress-unit-tests/tests/formatting/SanitizeTitleWithDashes.php" line="56" assertions="2" time="0.002035"/>
      <testcase name="test_replaces_iexcel_iquest" class="Tests_Formatting_SanitizeTitleWithDashes" file="/var/www/wordpress-unit-tests/tests/formatting/SanitizeTitleWithDashes.php" line="61" assertions="2" time="0.002037"/>
      <testcase name="test_replaces_angle_quotes" class="Tests_Formatting_SanitizeTitleWithDashes" file="/var/www/wordpress-unit-tests/tests/formatting/SanitizeTitleWithDashes.php" line="66" assertions="2" time="0.002072"/>
      <testcase name="test_replaces_curly_quotes" class="Tests_Formatting_SanitizeTitleWithDashes" file="/var/www/wordpress-unit-tests/tests/formatting/SanitizeTitleWithDashes.php" line="71" assertions="5" time="0.003211"/>
      <testcase name="test_replaces_copy_reg_deg_trade" class="Tests_Formatting_SanitizeTitleWithDashes" file="/var/www/wordpress-unit-tests/tests/formatting/SanitizeTitleWithDashes.php" line="79" assertions="4" time="0.002606"/>
      <testcase name="test_replaces_multiply_sign" class="Tests_Formatting_SanitizeTitleWithDashes" file="/var/www/wordpress-unit-tests/tests/formatting/SanitizeTitleWithDashes.php" line="89" assertions="1" time="0.002152"/>
      <testcase name="test_replaces_standalone_diacritic" class="Tests_Formatting_SanitizeTitleWithDashes" file="/var/www/wordpress-unit-tests/tests/formatting/SanitizeTitleWithDashes.php" line="96" assertions="1" time="0.002150"/>
      <testcase name="test_replaces_acute_accents" class="Tests_Formatting_SanitizeTitleWithDashes" file="/var/www/wordpress-unit-tests/tests/formatting/SanitizeTitleWithDashes.php" line="103" assertions="1" time="0.002187"/>
    </testsuite>
    <testsuite name="Tests_Formatting_SanitizeTrackbackUrls" file="/var/www/wordpress-unit-tests/tests/formatting/SanitizeTrackbackUrls.php" fullPackage="Tests.Formatting" tests="8" assertions="8" failures="0" errors="0" time="0.018460">
      <testsuite name="Tests_Formatting_SanitizeTrackbackUrls::test_sanitize_trackback_urls_with_multiple_urls" tests="8" assertions="8" failures="0" errors="0" time="0.018460">
        <testcase name="test_sanitize_trackback_urls_with_multiple_urls with data set #0" assertions="1" time="0.002255"/>
        <testcase name="test_sanitize_trackback_urls_with_multiple_urls with data set #1" assertions="1" time="0.002299"/>
        <testcase name="test_sanitize_trackback_urls_with_multiple_urls with data set #2" assertions="1" time="0.002308"/>
        <testcase name="test_sanitize_trackback_urls_with_multiple_urls with data set #3" assertions="1" time="0.002302"/>
        <testcase name="test_sanitize_trackback_urls_with_multiple_urls with data set #4" assertions="1" time="0.002308"/>
        <testcase name="test_sanitize_trackback_urls_with_multiple_urls with data set #5" assertions="1" time="0.002245"/>
        <testcase name="test_sanitize_trackback_urls_with_multiple_urls with data set #6" assertions="1" time="0.002410"/>
        <testcase name="test_sanitize_trackback_urls_with_multiple_urls with data set #7" assertions="1" time="0.002333"/>
      </testsuite>
    </testsuite>
    <testsuite name="Tests_Formatting_SanitizeUser" file="/var/www/wordpress-unit-tests/tests/formatting/SanitizeUser.php" fullPackage="Tests.Formatting" tests="3" assertions="3" failures="0" errors="0" time="0.006255">
      <testcase name="test_strips_html" class="Tests_Formatting_SanitizeUser" file="/var/www/wordpress-unit-tests/tests/formatting/SanitizeUser.php" line="7" assertions="1" time="0.001556"/>
      <testcase name="test_strips_percent_encoded_octets" class="Tests_Formatting_SanitizeUser" file="/var/www/wordpress-unit-tests/tests/formatting/SanitizeUser.php" line="20" assertions="1" time="0.001637"/>
      <testcase name="test_optional_strict_mode_reduces_to_safe_ascii_subset" class="Tests_Formatting_SanitizeUser" file="/var/www/wordpress-unit-tests/tests/formatting/SanitizeUser.php" line="24" assertions="1" time="0.003062"/>
    </testsuite>
    <testsuite name="Tests_Formatting_SeemsUtf8" file="/var/www/wordpress-unit-tests/tests/formatting/SeemsUtf8.php" fullPackage="Tests.Formatting" tests="5" assertions="5" failures="0" errors="0" time="0.007621">
      <testsuite name="Tests_Formatting_SeemsUtf8::test_returns_true_for_utf8_strings" tests="5" assertions="5" failures="0" errors="0" time="0.007621">
        <testcase name="test_returns_true_for_utf8_strings with data set #0" assertions="1" time="0.001486"/>
        <testcase name="test_returns_true_for_utf8_strings with data set #1" assertions="1" time="0.001437"/>
        <testcase name="test_returns_true_for_utf8_strings with data set #2" assertions="1" time="0.001718"/>
        <testcase name="test_returns_true_for_utf8_strings with data set #3" assertions="1" time="0.001503"/>
        <testcase name="test_returns_true_for_utf8_strings with data set #4" assertions="1" time="0.001477"/>
      </testsuite>
      <testsuite name="Tests_Formatting_SeemsUtf8::test_returns_false_for_non_utf8_strings" tests="0" assertions="0" failures="0" errors="0" time="0.000000"/>
    </testsuite>
    <testsuite name="Tests_Formatting_Slashit" file="/var/www/wordpress-unit-tests/tests/formatting/Slashit.php" fullPackage="Tests.Formatting" tests="5" assertions="6" failures="0" errors="0" time="0.007803">
      <testcase name="test_backslashes_alphas" class="Tests_Formatting_Slashit" file="/var/www/wordpress-unit-tests/tests/formatting/Slashit.php" line="7" assertions="1" time="0.001591"/>
      <testcase name="test_double_backslashes_leading_numbers" class="Tests_Formatting_Slashit" file="/var/www/wordpress-unit-tests/tests/formatting/Slashit.php" line="11" assertions="1" time="0.001541"/>
      <testcase name="test_removes_trailing_slashes" class="Tests_Formatting_Slashit" file="/var/www/wordpress-unit-tests/tests/formatting/Slashit.php" line="15" assertions="2" time="0.001594"/>
      <testcase name="test_adds_trailing_slash" class="Tests_Formatting_Slashit" file="/var/www/wordpress-unit-tests/tests/formatting/Slashit.php" line="20" assertions="1" time="0.001525"/>
      <testcase name="test_does_not_add_trailing_slash_if_one_exists" class="Tests_Formatting_Slashit" file="/var/www/wordpress-unit-tests/tests/formatting/Slashit.php" line="24" assertions="1" time="0.001552"/>
    </testsuite>
    <testsuite name="Tests_Formatting_Smilies" file="/var/www/wordpress-unit-tests/tests/formatting/Smilies.php" fullPackage="Tests.Formatting" tests="1" assertions="12" failures="0" errors="0" time="0.016821">
      <testcase name="test_convert_smilies" class="Tests_Formatting_Smilies" file="/var/www/wordpress-unit-tests/tests/formatting/Smilies.php" line="8" assertions="12" time="0.016821"/>
    </testsuite>
    <testsuite name="Tests_Formatting_StripSlashesDeep" file="/var/www/wordpress-unit-tests/tests/formatting/StripSlashesDeep.php" fullPackage="Tests.Formatting" tests="3" assertions="14" failures="0" errors="0" time="0.009052">
      <testcase name="test_preserves_original_datatype" class="Tests_Formatting_StripSlashesDeep" file="/var/www/wordpress-unit-tests/tests/formatting/StripSlashesDeep.php" line="10" assertions="7" time="0.005013"/>
      <testcase name="test_strips_slashes" class="Tests_Formatting_StripSlashesDeep" file="/var/www/wordpress-unit-tests/tests/formatting/StripSlashesDeep.php" line="27" assertions="5" time="0.002433"/>
      <testcase name="test_permits_escaped_slash" class="Tests_Formatting_StripSlashesDeep" file="/var/www/wordpress-unit-tests/tests/formatting/StripSlashesDeep.php" line="42" assertions="2" time="0.001606"/>
    </testsuite>
    <testsuite name="Tests_Formatting_UrlEncodedToEntities" file="/var/www/wordpress-unit-tests/tests/formatting/UrlEncodedToEntities.php" fullPackage="Tests.Formatting" tests="5" assertions="5" failures="0" errors="0" time="0.008025">
      <testsuite name="Tests_Formatting_UrlEncodedToEntities::test_convert_urlencoded_to_entities" tests="5" assertions="5" failures="0" errors="0" time="0.008025">
        <testcase name="test_convert_urlencoded_to_entities with data set #0" assertions="1" time="0.001555"/>
        <testcase name="test_convert_urlencoded_to_entities with data set #1" assertions="1" time="0.001646"/>
        <testcase name="test_convert_urlencoded_to_entities with data set #2" assertions="1" time="0.001603"/>
        <testcase name="test_convert_urlencoded_to_entities with data set #3" assertions="1" time="0.001649"/>
        <testcase name="test_convert_urlencoded_to_entities with data set #4" assertions="1" time="0.001572"/>
      </testsuite>
    </testsuite>
    <testsuite name="Tests_Formatting_Utf8UriEncode" file="/var/www/wordpress-unit-tests/tests/formatting/Utf8UriEncode.php" fullPackage="Tests.Formatting" tests="10" assertions="10" failures="0" errors="0" time="0.017315">
      <testsuite name="Tests_Formatting_Utf8UriEncode::test_percent_encodes_non_reserved_characters" tests="5" assertions="5" failures="0" errors="0" time="0.008397">
        <testcase name="test_percent_encodes_non_reserved_characters with data set #0" assertions="1" time="0.001643"/>
        <testcase name="test_percent_encodes_non_reserved_characters with data set #1" assertions="1" time="0.001663"/>
        <testcase name="test_percent_encodes_non_reserved_characters with data set #2" assertions="1" time="0.001805"/>
        <testcase name="test_percent_encodes_non_reserved_characters with data set #3" assertions="1" time="0.001633"/>
        <testcase name="test_percent_encodes_non_reserved_characters with data set #4" assertions="1" time="0.001653"/>
      </testsuite>
      <testsuite name="Tests_Formatting_Utf8UriEncode::test_output_is_not_longer_than_optional_length_argument" tests="5" assertions="5" failures="0" errors="0" time="0.008918">
        <testcase name="test_output_is_not_longer_than_optional_length_argument with data set #0" assertions="1" time="0.001557"/>
        <testcase name="test_output_is_not_longer_than_optional_length_argument with data set #1" assertions="1" time="0.001572"/>
        <testcase name="test_output_is_not_longer_than_optional_length_argument with data set #2" assertions="1" time="0.001576"/>
        <testcase name="test_output_is_not_longer_than_optional_length_argument with data set #3" assertions="1" time="0.002645"/>
        <testcase name="test_output_is_not_longer_than_optional_length_argument with data set #4" assertions="1" time="0.001568"/>
      </testsuite>
    </testsuite>
    <testsuite name="Tests_Formatting_WPSpecialchars" file="/var/www/wordpress-unit-tests/tests/formatting/WPSpecialchars.php" fullPackage="Tests.Formatting" tests="4" assertions="262" failures="0" errors="0" time="0.059260">
      <testcase name="test_wp_specialchars_basics" class="Tests_Formatting_WPSpecialchars" file="/var/www/wordpress-unit-tests/tests/formatting/WPSpecialchars.php" line="7" assertions="2" time="0.001813"/>
      <testcase name="test_allowed_entity_names" class="Tests_Formatting_WPSpecialchars" file="/var/www/wordpress-unit-tests/tests/formatting/WPSpecialchars.php" line="15" assertions="246" time="0.052052"/>
      <testcase name="test_not_allowed_entity_names" class="Tests_Formatting_WPSpecialchars" file="/var/www/wordpress-unit-tests/tests/formatting/WPSpecialchars.php" line="25" assertions="10" time="0.003426"/>
      <testcase name="test_optionally_escapes_quotes" class="Tests_Formatting_WPSpecialchars" file="/var/www/wordpress-unit-tests/tests/formatting/WPSpecialchars.php" line="35" assertions="4" time="0.001969"/>
    </testsuite>
    <testsuite name="Tests_Formatting_WPTexturize" file="/var/www/wordpress-unit-tests/tests/formatting/WPTexturize.php" fullPackage="Tests.Formatting" tests="8" assertions="34" failures="0" errors="0" time="0.018162">
      <testcase name="test_dashes" class="Tests_Formatting_WPTexturize" file="/var/www/wordpress-unit-tests/tests/formatting/WPTexturize.php" line="7" assertions="2" time="0.001915"/>
      <testcase name="test_disable" class="Tests_Formatting_WPTexturize" file="/var/www/wordpress-unit-tests/tests/formatting/WPTexturize.php" line="12" assertions="8" time="0.003345"/>
      <testcase name="test_bracketed_quotes_1418" class="Tests_Formatting_WPTexturize" file="/var/www/wordpress-unit-tests/tests/formatting/WPTexturize.php" line="33" assertions="3" time="0.001988"/>
      <testcase name="test_bracketed_quotes_3810" class="Tests_Formatting_WPTexturize" file="/var/www/wordpress-unit-tests/tests/formatting/WPTexturize.php" line="40" assertions="1" time="0.001630"/>
      <testcase name="test_basic_quotes" class="Tests_Formatting_WPTexturize" file="/var/www/wordpress-unit-tests/tests/formatting/WPTexturize.php" line="45" assertions="12" time="0.003589"/>
      <testcase name="test_quotes_after_numbers" class="Tests_Formatting_WPTexturize" file="/var/www/wordpress-unit-tests/tests/formatting/WPTexturize.php" line="119" assertions="1" time="0.001619"/>
      <testcase name="test_x" class="Tests_Formatting_WPTexturize" file="/var/www/wordpress-unit-tests/tests/formatting/WPTexturize.php" line="133" assertions="1" time="0.001610"/>
      <testcase name="test_minutes_seconds" class="Tests_Formatting_WPTexturize" file="/var/www/wordpress-unit-tests/tests/formatting/WPTexturize.php" line="137" assertions="6" time="0.002466"/>
    </testsuite>
    <testsuite name="Tests_Formatting_WPTrimWords" file="/var/www/wordpress-unit-tests/tests/formatting/WPTrimWords.php" fullPackage="Tests.Formatting" tests="6" assertions="7" failures="0" errors="0" time="0.010153">
      <testcase name="test_trims_to_55_by_default" class="Tests_Formatting_WPTrimWords" file="/var/www/wordpress-unit-tests/tests/formatting/WPTrimWords.php" line="9" assertions="1" time="0.001785"/>
      <testcase name="test_trims_to_10" class="Tests_Formatting_WPTrimWords" file="/var/www/wordpress-unit-tests/tests/formatting/WPTrimWords.php" line="14" assertions="1" time="0.001623"/>
      <testcase name="test_trims_to_5_and_uses_custom_more" class="Tests_Formatting_WPTrimWords" file="/var/www/wordpress-unit-tests/tests/formatting/WPTrimWords.php" line="19" assertions="1" time="0.001619"/>
      <testcase name="test_strips_tags_before_trimming" class="Tests_Formatting_WPTrimWords" file="/var/www/wordpress-unit-tests/tests/formatting/WPTrimWords.php" line="24" assertions="1" time="0.001642"/>
      <testcase name="test_strips_script_and_style_content" class="Tests_Formatting_WPTrimWords" file="/var/www/wordpress-unit-tests/tests/formatting/WPTrimWords.php" line="31" assertions="2" time="0.001852"/>
      <testcase name="test_doesnt_trim_short_text" class="Tests_Formatting_WPTrimWords" file="/var/www/wordpress-unit-tests/tests/formatting/WPTrimWords.php" line="41" assertions="1" time="0.001632"/>
    </testsuite>
    <testsuite name="Tests_Formatting_Zeroise" file="/var/www/wordpress-unit-tests/tests/formatting/Zeroise.php" fullPackage="Tests.Formatting" tests="2" assertions="2" failures="0" errors="0" time="0.003139">
      <testcase name="test_pads_with_leading_zeroes" class="Tests_Formatting_Zeroise" file="/var/www/wordpress-unit-tests/tests/formatting/Zeroise.php" line="7" assertions="1" time="0.001584"/>
      <testcase name="test_does_nothing_if_input_is_already_longer" class="Tests_Formatting_Zeroise" file="/var/www/wordpress-unit-tests/tests/formatting/Zeroise.php" line="11" assertions="1" time="0.001555"/>
    </testsuite>
    <testsuite name="Tests_Formatting_BalanceTags" file="/var/www/wordpress-unit-tests/tests/formatting/balanceTags.php" fullPackage="Tests.Formatting" tests="50" assertions="72" failures="0" errors="0" time="0.099927">
      <testsuite name="Tests_Formatting_BalanceTags::test_selfcloses_unclosed_basic_known_single_tags" tests="4" assertions="4" failures="0" errors="0" time="0.006463">
        <testcase name="test_selfcloses_unclosed_basic_known_single_tags with data set #0" assertions="1" time="0.001629"/>
        <testcase name="test_selfcloses_unclosed_basic_known_single_tags with data set #1" assertions="1" time="0.001604"/>
        <testcase name="test_selfcloses_unclosed_basic_known_single_tags with data set #2" assertions="1" time="0.001615"/>
        <testcase name="test_selfcloses_unclosed_basic_known_single_tags with data set #3" assertions="1" time="0.001615"/>
      </testsuite>
      <testsuite name="Tests_Formatting_BalanceTags::test_selfcloses_unclosed_known_single_tags" tests="16" assertions="16" failures="0" errors="0" time="0.032521">
        <testcase name="test_selfcloses_unclosed_known_single_tags with data set #0" assertions="1" time="0.002050"/>
        <testcase name="test_selfcloses_unclosed_known_single_tags with data set #1" assertions="1" time="0.002012"/>
        <testcase name="test_selfcloses_unclosed_known_single_tags with data set #2" assertions="1" time="0.002039"/>
        <testcase name="test_selfcloses_unclosed_known_single_tags with data set #3" assertions="1" time="0.002016"/>
        <testcase name="test_selfcloses_unclosed_known_single_tags with data set #4" assertions="1" time="0.002020"/>
        <testcase name="test_selfcloses_unclosed_known_single_tags with data set #5" assertions="1" time="0.002020"/>
        <testcase name="test_selfcloses_unclosed_known_single_tags with data set #6" assertions="1" time="0.002023"/>
        <testcase name="test_selfcloses_unclosed_known_single_tags with data set #7" assertions="1" time="0.002036"/>
        <testcase name="test_selfcloses_unclosed_known_single_tags with data set #8" assertions="1" time="0.002033"/>
        <testcase name="test_selfcloses_unclosed_known_single_tags with data set #9" assertions="1" time="0.002024"/>
        <testcase name="test_selfcloses_unclosed_known_single_tags with data set #10" assertions="1" time="0.002039"/>
        <testcase name="test_selfcloses_unclosed_known_single_tags with data set #11" assertions="1" time="0.002052"/>
        <testcase name="test_selfcloses_unclosed_known_single_tags with data set #12" assertions="1" time="0.002030"/>
        <testcase name="test_selfcloses_unclosed_known_single_tags with data set #13" assertions="1" time="0.002044"/>
        <testcase name="test_selfcloses_unclosed_known_single_tags with data set #14" assertions="1" time="0.002026"/>
        <testcase name="test_selfcloses_unclosed_known_single_tags with data set #15" assertions="1" time="0.002057"/>
      </testsuite>
      <testsuite name="Tests_Formatting_BalanceTags::test_selfcloses_basic_known_single_tags_having_closing_tag" tests="4" assertions="4" failures="0" errors="0" time="0.006526">
        <testcase name="test_selfcloses_basic_known_single_tags_having_closing_tag with data set #0" assertions="1" time="0.001645"/>
        <testcase name="test_selfcloses_basic_known_single_tags_having_closing_tag with data set #1" assertions="1" time="0.001635"/>
        <testcase name="test_selfcloses_basic_known_single_tags_having_closing_tag with data set #2" assertions="1" time="0.001612"/>
        <testcase name="test_selfcloses_basic_known_single_tags_having_closing_tag with data set #3" assertions="1" time="0.001634"/>
      </testsuite>
      <testsuite name="Tests_Formatting_BalanceTags::test_selfcloses_known_single_tags_having_closing_tag" tests="16" assertions="16" failures="0" errors="0" time="0.033082">
        <testcase name="test_selfcloses_known_single_tags_having_closing_tag with data set #0" assertions="1" time="0.002055"/>
        <testcase name="test_selfcloses_known_single_tags_having_closing_tag with data set #1" assertions="1" time="0.002041"/>
        <testcase name="test_selfcloses_known_single_tags_having_closing_tag with data set #2" assertions="1" time="0.002063"/>
        <testcase name="test_selfcloses_known_single_tags_having_closing_tag with data set #3" assertions="1" time="0.002051"/>
        <testcase name="test_selfcloses_known_single_tags_having_closing_tag with data set #4" assertions="1" time="0.002068"/>
        <testcase name="test_selfcloses_known_single_tags_having_closing_tag with data set #5" assertions="1" time="0.002061"/>
        <testcase name="test_selfcloses_known_single_tags_having_closing_tag with data set #6" assertions="1" time="0.002041"/>
        <testcase name="test_selfcloses_known_single_tags_having_closing_tag with data set #7" assertions="1" time="0.002056"/>
        <testcase name="test_selfcloses_known_single_tags_having_closing_tag with data set #8" assertions="1" time="0.002031"/>
        <testcase name="test_selfcloses_known_single_tags_having_closing_tag with data set #9" assertions="1" time="0.002057"/>
        <testcase name="test_selfcloses_known_single_tags_having_closing_tag with data set #10" assertions="1" time="0.002041"/>
        <testcase name="test_selfcloses_known_single_tags_having_closing_tag with data set #11" assertions="1" time="0.002051"/>
        <testcase name="test_selfcloses_known_single_tags_having_closing_tag with data set #12" assertions="1" time="0.002053"/>
        <testcase name="test_selfcloses_known_single_tags_having_closing_tag with data set #13" assertions="1" time="0.002303"/>
        <testcase name="test_selfcloses_known_single_tags_having_closing_tag with data set #14" assertions="1" time="0.002055"/>
        <testcase name="test_selfcloses_known_single_tags_having_closing_tag with data set #15" assertions="1" time="0.002055"/>
      </testsuite>
      <testcase name="test_closes_unknown_single_tags_with_closing_tag" class="Tests_Formatting_BalanceTags" file="/var/www/wordpress-unit-tests/tests/formatting/balanceTags.php" line="76" assertions="4" time="0.002467"/>
      <testcase name="test_closes_unclosed_single_tags_having_attributes" class="Tests_Formatting_BalanceTags" file="/var/www/wordpress-unit-tests/tests/formatting/balanceTags.php" line="96" assertions="2" time="0.001729"/>
      <testcase name="test_allows_validly_closed_single_tags" class="Tests_Formatting_BalanceTags" file="/var/www/wordpress-unit-tests/tests/formatting/balanceTags.php" line="111" assertions="4" time="0.002025"/>
      <testcase name="test_balances_nestable_tags" class="Tests_Formatting_BalanceTags" file="/var/www/wordpress-unit-tests/tests/formatting/balanceTags.php" line="124" assertions="3" time="0.002007"/>
      <testcase name="test_allows_adjacent_nestable_tags" class="Tests_Formatting_BalanceTags" file="/var/www/wordpress-unit-tests/tests/formatting/balanceTags.php" line="141" assertions="5" time="0.002551"/>
      <testcase name="test_allows_immediately_nested_object_tags" class="Tests_Formatting_BalanceTags" file="/var/www/wordpress-unit-tests/tests/formatting/balanceTags.php" line="158" assertions="1" time="0.002165"/>
      <testcase name="test_balances_nested_non_nestable_tags" class="Tests_Formatting_BalanceTags" file="/var/www/wordpress-unit-tests/tests/formatting/balanceTags.php" line="164" assertions="2" time="0.001917"/>
      <testcase name="test_fixes_improper_closing_tag_sequence" class="Tests_Formatting_BalanceTags" file="/var/www/wordpress-unit-tests/tests/formatting/balanceTags.php" line="179" assertions="2" time="0.001997"/>
      <testcase name="test_adds_missing_closing_tags" class="Tests_Formatting_BalanceTags" file="/var/www/wordpress-unit-tests/tests/formatting/balanceTags.php" line="194" assertions="5" time="0.002314"/>
      <testcase name="test_removes_extraneous_closing_tags" class="Tests_Formatting_BalanceTags" file="/var/www/wordpress-unit-tests/tests/formatting/balanceTags.php" line="215" assertions="4" time="0.002163"/>
    </testsuite>
    <testsuite name="Tests_Formatting_Ent2NCR" file="/var/www/wordpress-unit-tests/tests/formatting/ent2ncr.php" fullPackage="Tests.Formatting" tests="251" assertions="251" failures="0" errors="0" time="0.458825">
      <testsuite name="Tests_Formatting_Ent2NCR::test_converts_named_entities_to_numeric_character_references" tests="251" assertions="251" failures="0" errors="0" time="0.458825">
        <testcase name="test_converts_named_entities_to_numeric_character_references with data set #0" assertions="1" time="0.001885"/>
        <testcase name="test_converts_named_entities_to_numeric_character_references with data set #1" assertions="1" time="0.001712"/>
        <testcase name="test_converts_named_entities_to_numeric_character_references with data set #2" assertions="1" time="0.001733"/>
        <testcase name="test_converts_named_entities_to_numeric_character_references with data set #3" assertions="1" time="0.001706"/>
        <testcase name="test_converts_named_entities_to_numeric_character_references with data set #4" assertions="1" time="0.001719"/>
        <testcase name="test_converts_named_entities_to_numeric_character_references with data set #5" assertions="1" time="0.001954"/>
        <testcase name="test_converts_named_entities_to_numeric_character_references with data set #6" assertions="1" time="0.001818"/>
        <testcase name="test_converts_named_entities_to_numeric_character_references with data set #7" assertions="1" time="0.001773"/>
        <testcase name="test_converts_named_entities_to_numeric_character_references with data set #8" assertions="1" time="0.001744"/>
        <testcase name="test_converts_named_entities_to_numeric_character_references with data set #9" assertions="1" time="0.001750"/>
        <testcase name="test_converts_named_entities_to_numeric_character_references with data set #10" assertions="1" time="0.001730"/>
        <testcase name="test_converts_named_entities_to_numeric_character_references with data set #11" assertions="1" time="0.001709"/>
        <testcase name="test_converts_named_entities_to_numeric_character_references with data set #12" assertions="1" time="0.001827"/>
        <testcase name="test_converts_named_entities_to_numeric_character_references with data set #13" assertions="1" time="0.001710"/>
        <testcase name="test_converts_named_entities_to_numeric_character_references with data set #14" assertions="1" time="0.001704"/>
        <testcase name="test_converts_named_entities_to_numeric_character_references with data set #15" assertions="1" time="0.001759"/>
        <testcase name="test_converts_named_entities_to_numeric_character_references with data set #16" assertions="1" time="0.001703"/>
        <testcase name="test_converts_named_entities_to_numeric_character_references with data set #17" assertions="1" time="0.001717"/>
        <testcase name="test_converts_named_entities_to_numeric_character_references with data set #18" assertions="1" time="0.001712"/>
        <testcase name="test_converts_named_entities_to_numeric_character_references with data set #19" assertions="1" time="0.001736"/>
        <testcase name="test_converts_named_entities_to_numeric_character_references with data set #20" assertions="1" time="0.001698"/>
        <testcase name="test_converts_named_entities_to_numeric_character_references with data set #21" assertions="1" time="0.001741"/>
        <testcase name="test_converts_named_entities_to_numeric_character_references with data set #22" assertions="1" time="0.001701"/>
        <testcase name="test_converts_named_entities_to_numeric_character_references with data set #23" assertions="1" time="0.001754"/>
        <testcase name="test_converts_named_entities_to_numeric_character_references with data set #24" assertions="1" time="0.001829"/>
        <testcase name="test_converts_named_entities_to_numeric_character_references with data set #25" assertions="1" time="0.001777"/>
        <testcase name="test_converts_named_entities_to_numeric_character_references with data set #26" assertions="1" time="0.001845"/>
        <testcase name="test_converts_named_entities_to_numeric_character_references with data set #27" assertions="1" time="0.001766"/>
        <testcase name="test_converts_named_entities_to_numeric_character_references with data set #28" assertions="1" time="0.001799"/>
        <testcase name="test_converts_named_entities_to_numeric_character_references with data set #29" assertions="1" time="0.001715"/>
        <testcase name="test_converts_named_entities_to_numeric_character_references with data set #30" assertions="1" time="0.005652"/>
        <testcase name="test_converts_named_entities_to_numeric_character_references with data set #31" assertions="1" time="0.001756"/>
        <testcase name="test_converts_named_entities_to_numeric_character_references with data set #32" assertions="1" time="0.001855"/>
        <testcase name="test_converts_named_entities_to_numeric_character_references with data set #33" assertions="1" time="0.001802"/>
        <testcase name="test_converts_named_entities_to_numeric_character_references with data set #34" assertions="1" time="0.001729"/>
        <testcase name="test_converts_named_entities_to_numeric_character_references with data set #35" assertions="1" time="0.001709"/>
        <testcase name="test_converts_named_entities_to_numeric_character_references with data set #36" assertions="1" time="0.001713"/>
        <testcase name="test_converts_named_entities_to_numeric_character_references with data set #37" assertions="1" time="0.001756"/>
        <testcase name="test_converts_named_entities_to_numeric_character_references with data set #38" assertions="1" time="0.001786"/>
        <testcase name="test_converts_named_entities_to_numeric_character_references with data set #39" assertions="1" time="0.001803"/>
        <testcase name="test_converts_named_entities_to_numeric_character_references with data set #40" assertions="1" time="0.001735"/>
        <testcase name="test_converts_named_entities_to_numeric_character_references with data set #41" assertions="1" time="0.001879"/>
        <testcase name="test_converts_named_entities_to_numeric_character_references with data set #42" assertions="1" time="0.001728"/>
        <testcase name="test_converts_named_entities_to_numeric_character_references with data set #43" assertions="1" time="0.001685"/>
        <testcase name="test_converts_named_entities_to_numeric_character_references with data set #44" assertions="1" time="0.001788"/>
        <testcase name="test_converts_named_entities_to_numeric_character_references with data set #45" assertions="1" time="0.001882"/>
        <testcase name="test_converts_named_entities_to_numeric_character_references with data set #46" assertions="1" time="0.001867"/>
        <testcase name="test_converts_named_entities_to_numeric_character_references with data set #47" assertions="1" time="0.001768"/>
        <testcase name="test_converts_named_entities_to_numeric_character_references with data set #48" assertions="1" time="0.001809"/>
        <testcase name="test_converts_named_entities_to_numeric_character_references with data set #49" assertions="1" time="0.001661"/>
        <testcase name="test_converts_named_entities_to_numeric_character_references with data set #50" assertions="1" time="0.001755"/>
        <testcase name="test_converts_named_entities_to_numeric_character_references with data set #51" assertions="1" time="0.001846"/>
        <testcase name="test_converts_named_entities_to_numeric_character_references with data set #52" assertions="1" time="0.001710"/>
        <testcase name="test_converts_named_entities_to_numeric_character_references with data set #53" assertions="1" time="0.001741"/>
        <testcase name="test_converts_named_entities_to_numeric_character_references with data set #54" assertions="1" time="0.001780"/>
        <testcase name="test_converts_named_entities_to_numeric_character_references with data set #55" assertions="1" time="0.002079"/>
        <testcase name="test_converts_named_entities_to_numeric_character_references with data set #56" assertions="1" time="0.001939"/>
        <testcase name="test_converts_named_entities_to_numeric_character_references with data set #57" assertions="1" time="0.002034"/>
        <testcase name="test_converts_named_entities_to_numeric_character_references with data set #58" assertions="1" time="0.001740"/>
        <testcase name="test_converts_named_entities_to_numeric_character_references with data set #59" assertions="1" time="0.001688"/>
        <testcase name="test_converts_named_entities_to_numeric_character_references with data set #60" assertions="1" time="0.001687"/>
        <testcase name="test_converts_named_entities_to_numeric_character_references with data set #61" assertions="1" time="0.001716"/>
        <testcase name="test_converts_named_entities_to_numeric_character_references with data set #62" assertions="1" time="0.001704"/>
        <testcase name="test_converts_named_entities_to_numeric_character_references with data set #63" assertions="1" time="0.001693"/>
        <testcase name="test_converts_named_entities_to_numeric_character_references with data set #64" assertions="1" time="0.001792"/>
        <testcase name="test_converts_named_entities_to_numeric_character_references with data set #65" assertions="1" time="0.001708"/>
        <testcase name="test_converts_named_entities_to_numeric_character_references with data set #66" assertions="1" time="0.001725"/>
        <testcase name="test_converts_named_entities_to_numeric_character_references with data set #67" assertions="1" time="0.001704"/>
        <testcase name="test_converts_named_entities_to_numeric_character_references with data set #68" assertions="1" time="0.001766"/>
        <testcase name="test_converts_named_entities_to_numeric_character_references with data set #69" assertions="1" time="0.001736"/>
        <testcase name="test_converts_named_entities_to_numeric_character_references with data set #70" assertions="1" time="0.001756"/>
        <testcase name="test_converts_named_entities_to_numeric_character_references with data set #71" assertions="1" time="0.001718"/>
        <testcase name="test_converts_named_entities_to_numeric_character_references with data set #72" assertions="1" time="0.001742"/>
        <testcase name="test_converts_named_entities_to_numeric_character_references with data set #73" assertions="1" time="0.001677"/>
        <testcase name="test_converts_named_entities_to_numeric_character_references with data set #74" assertions="1" time="0.001727"/>
        <testcase name="test_converts_named_entities_to_numeric_character_references with data set #75" assertions="1" time="0.001748"/>
        <testcase name="test_converts_named_entities_to_numeric_character_references with data set #76" assertions="1" time="0.001709"/>
        <testcase name="test_converts_named_entities_to_numeric_character_references with data set #77" assertions="1" time="0.001715"/>
        <testcase name="test_converts_named_entities_to_numeric_character_references with data set #78" assertions="1" time="0.001698"/>
        <testcase name="test_converts_named_entities_to_numeric_character_references with data set #79" assertions="1" time="0.001834"/>
        <testcase name="test_converts_named_entities_to_numeric_character_references with data set #80" assertions="1" time="0.001728"/>
        <testcase name="test_converts_named_entities_to_numeric_character_references with data set #81" assertions="1" time="0.001723"/>
        <testcase name="test_converts_named_entities_to_numeric_character_references with data set #82" assertions="1" time="0.001749"/>
        <testcase name="test_converts_named_entities_to_numeric_character_references with data set #83" assertions="1" time="0.001723"/>
        <testcase name="test_converts_named_entities_to_numeric_character_references with data set #84" assertions="1" time="0.001738"/>
        <testcase name="test_converts_named_entities_to_numeric_character_references with data set #85" assertions="1" time="0.001749"/>
        <testcase name="test_converts_named_entities_to_numeric_character_references with data set #86" assertions="1" time="0.001732"/>
        <testcase name="test_converts_named_entities_to_numeric_character_references with data set #87" assertions="1" time="0.001733"/>
        <testcase name="test_converts_named_entities_to_numeric_character_references with data set #88" assertions="1" time="0.001746"/>
        <testcase name="test_converts_named_entities_to_numeric_character_references with data set #89" assertions="1" time="0.001720"/>
        <testcase name="test_converts_named_entities_to_numeric_character_references with data set #90" assertions="1" time="0.001721"/>
        <testcase name="test_converts_named_entities_to_numeric_character_references with data set #91" assertions="1" time="0.001700"/>
        <testcase name="test_converts_named_entities_to_numeric_character_references with data set #92" assertions="1" time="0.001732"/>
        <testcase name="test_converts_named_entities_to_numeric_character_references with data set #93" assertions="1" time="0.001704"/>
        <testcase name="test_converts_named_entities_to_numeric_character_references with data set #94" assertions="1" time="0.001697"/>
        <testcase name="test_converts_named_entities_to_numeric_character_references with data set #95" assertions="1" time="0.001721"/>
        <testcase name="test_converts_named_entities_to_numeric_character_references with data set #96" assertions="1" time="0.001727"/>
        <testcase name="test_converts_named_entities_to_numeric_character_references with data set #97" assertions="1" time="0.001730"/>
        <testcase name="test_converts_named_entities_to_numeric_character_references with data set #98" assertions="1" time="0.001734"/>
        <testcase name="test_converts_named_entities_to_numeric_character_references with data set #99" assertions="1" time="0.001738"/>
        <testcase name="test_converts_named_entities_to_numeric_character_references with data set #100" assertions="1" time="0.001738"/>
        <testcase name="test_converts_named_entities_to_numeric_character_references with data set #101" assertions="1" time="0.001764"/>
        <testcase name="test_converts_named_entities_to_numeric_character_references with data set #102" assertions="1" time="0.001724"/>
        <testcase name="test_converts_named_entities_to_numeric_character_references with data set #103" assertions="1" time="0.001749"/>
        <testcase name="test_converts_named_entities_to_numeric_character_references with data set #104" assertions="1" time="0.001727"/>
        <testcase name="test_converts_named_entities_to_numeric_character_references with data set #105" assertions="1" time="0.001700"/>
        <testcase name="test_converts_named_entities_to_numeric_character_references with data set #106" assertions="1" time="0.001717"/>
        <testcase name="test_converts_named_entities_to_numeric_character_references with data set #107" assertions="1" time="0.001823"/>
        <testcase name="test_converts_named_entities_to_numeric_character_references with data set #108" assertions="1" time="0.001685"/>
        <testcase name="test_converts_named_entities_to_numeric_character_references with data set #109" assertions="1" time="0.001710"/>
        <testcase name="test_converts_named_entities_to_numeric_character_references with data set #110" assertions="1" time="0.001685"/>
        <testcase name="test_converts_named_entities_to_numeric_character_references with data set #111" assertions="1" time="0.001690"/>
        <testcase name="test_converts_named_entities_to_numeric_character_references with data set #112" assertions="1" time="0.001681"/>
        <testcase name="test_converts_named_entities_to_numeric_character_references with data set #113" assertions="1" time="0.001761"/>
        <testcase name="test_converts_named_entities_to_numeric_character_references with data set #114" assertions="1" time="0.001737"/>
        <testcase name="test_converts_named_entities_to_numeric_character_references with data set #115" assertions="1" time="0.001748"/>
        <testcase name="test_converts_named_entities_to_numeric_character_references with data set #116" assertions="1" time="0.001731"/>
        <testcase name="test_converts_named_entities_to_numeric_character_references with data set #117" assertions="1" time="0.001772"/>
        <testcase name="test_converts_named_entities_to_numeric_character_references with data set #118" assertions="1" time="0.001699"/>
        <testcase name="test_converts_named_entities_to_numeric_character_references with data set #119" assertions="1" time="0.001729"/>
        <testcase name="test_converts_named_entities_to_numeric_character_references with data set #120" assertions="1" time="0.001744"/>
        <testcase name="test_converts_named_entities_to_numeric_character_references with data set #121" assertions="1" time="0.001725"/>
        <testcase name="test_converts_named_entities_to_numeric_character_references with data set #122" assertions="1" time="0.001716"/>
        <testcase name="test_converts_named_entities_to_numeric_character_references with data set #123" assertions="1" time="0.001710"/>
        <testcase name="test_converts_named_entities_to_numeric_character_references with data set #124" assertions="1" time="0.001754"/>
        <testcase name="test_converts_named_entities_to_numeric_character_references with data set #125" assertions="1" time="0.001684"/>
        <testcase name="test_converts_named_entities_to_numeric_character_references with data set #126" assertions="1" time="0.001707"/>
        <testcase name="test_converts_named_entities_to_numeric_character_references with data set #127" assertions="1" time="0.001704"/>
        <testcase name="test_converts_named_entities_to_numeric_character_references with data set #128" assertions="1" time="0.001719"/>
        <testcase name="test_converts_named_entities_to_numeric_character_references with data set #129" assertions="1" time="0.001649"/>
        <testcase name="test_converts_named_entities_to_numeric_character_references with data set #130" assertions="1" time="0.001712"/>
        <testcase name="test_converts_named_entities_to_numeric_character_references with data set #131" assertions="1" time="0.001753"/>
        <testcase name="test_converts_named_entities_to_numeric_character_references with data set #132" assertions="1" time="0.001714"/>
        <testcase name="test_converts_named_entities_to_numeric_character_references with data set #133" assertions="1" time="0.001753"/>
        <testcase name="test_converts_named_entities_to_numeric_character_references with data set #134" assertions="1" time="0.001689"/>
        <testcase name="test_converts_named_entities_to_numeric_character_references with data set #135" assertions="1" time="0.001748"/>
        <testcase name="test_converts_named_entities_to_numeric_character_references with data set #136" assertions="1" time="0.001720"/>
        <testcase name="test_converts_named_entities_to_numeric_character_references with data set #137" assertions="1" time="0.001723"/>
        <testcase name="test_converts_named_entities_to_numeric_character_references with data set #138" assertions="1" time="0.001727"/>
        <testcase name="test_converts_named_entities_to_numeric_character_references with data set #139" assertions="1" time="0.001732"/>
        <testcase name="test_converts_named_entities_to_numeric_character_references with data set #140" assertions="1" time="0.001720"/>
        <testcase name="test_converts_named_entities_to_numeric_character_references with data set #141" assertions="1" time="0.001778"/>
        <testcase name="test_converts_named_entities_to_numeric_character_references with data set #142" assertions="1" time="0.001681"/>
        <testcase name="test_converts_named_entities_to_numeric_character_references with data set #143" assertions="1" time="0.001711"/>
        <testcase name="test_converts_named_entities_to_numeric_character_references with data set #144" assertions="1" time="0.001722"/>
        <testcase name="test_converts_named_entities_to_numeric_character_references with data set #145" assertions="1" time="0.001684"/>
        <testcase name="test_converts_named_entities_to_numeric_character_references with data set #146" assertions="1" time="0.001716"/>
        <testcase name="test_converts_named_entities_to_numeric_character_references with data set #147" assertions="1" time="0.001725"/>
        <testcase name="test_converts_named_entities_to_numeric_character_references with data set #148" assertions="1" time="0.001714"/>
        <testcase name="test_converts_named_entities_to_numeric_character_references with data set #149" assertions="1" time="0.001746"/>
        <testcase name="test_converts_named_entities_to_numeric_character_references with data set #150" assertions="1" time="0.001726"/>
        <testcase name="test_converts_named_entities_to_numeric_character_references with data set #151" assertions="1" time="0.001721"/>
        <testcase name="test_converts_named_entities_to_numeric_character_references with data set #152" assertions="1" time="0.001735"/>
        <testcase name="test_converts_named_entities_to_numeric_character_references with data set #153" assertions="1" time="0.001710"/>
        <testcase name="test_converts_named_entities_to_numeric_character_references with data set #154" assertions="1" time="0.001728"/>
        <testcase name="test_converts_named_entities_to_numeric_character_references with data set #155" assertions="1" time="0.001724"/>
        <testcase name="test_converts_named_entities_to_numeric_character_references with data set #156" assertions="1" time="0.001740"/>
        <testcase name="test_converts_named_entities_to_numeric_character_references with data set #157" assertions="1" time="0.001718"/>
        <testcase name="test_converts_named_entities_to_numeric_character_references with data set #158" assertions="1" time="0.001686"/>
        <testcase name="test_converts_named_entities_to_numeric_character_references with data set #159" assertions="1" time="0.018326"/>
        <testcase name="test_converts_named_entities_to_numeric_character_references with data set #160" assertions="1" time="0.001786"/>
        <testcase name="test_converts_named_entities_to_numeric_character_references with data set #161" assertions="1" time="0.001752"/>
        <testcase name="test_converts_named_entities_to_numeric_character_references with data set #162" assertions="1" time="0.001719"/>
        <testcase name="test_converts_named_entities_to_numeric_character_references with data set #163" assertions="1" time="0.001739"/>
        <testcase name="test_converts_named_entities_to_numeric_character_references with data set #164" assertions="1" time="0.001751"/>
        <testcase name="test_converts_named_entities_to_numeric_character_references with data set #165" assertions="1" time="0.001712"/>
        <testcase name="test_converts_named_entities_to_numeric_character_references with data set #166" assertions="1" time="0.001722"/>
        <testcase name="test_converts_named_entities_to_numeric_character_references with data set #167" assertions="1" time="0.001743"/>
        <testcase name="test_converts_named_entities_to_numeric_character_references with data set #168" assertions="1" time="0.001734"/>
        <testcase name="test_converts_named_entities_to_numeric_character_references with data set #169" assertions="1" time="0.001727"/>
        <testcase name="test_converts_named_entities_to_numeric_character_references with data set #170" assertions="1" time="0.001737"/>
        <testcase name="test_converts_named_entities_to_numeric_character_references with data set #171" assertions="1" time="0.001751"/>
        <testcase name="test_converts_named_entities_to_numeric_character_references with data set #172" assertions="1" time="0.001728"/>
        <testcase name="test_converts_named_entities_to_numeric_character_references with data set #173" assertions="1" time="0.001721"/>
        <testcase name="test_converts_named_entities_to_numeric_character_references with data set #174" assertions="1" time="0.001738"/>
        <testcase name="test_converts_named_entities_to_numeric_character_references with data set #175" assertions="1" time="0.001714"/>
        <testcase name="test_converts_named_entities_to_numeric_character_references with data set #176" assertions="1" time="0.001758"/>
        <testcase name="test_converts_named_entities_to_numeric_character_references with data set #177" assertions="1" time="0.001699"/>
        <testcase name="test_converts_named_entities_to_numeric_character_references with data set #178" assertions="1" time="0.001757"/>
        <testcase name="test_converts_named_entities_to_numeric_character_references with data set #179" assertions="1" time="0.001712"/>
        <testcase name="test_converts_named_entities_to_numeric_character_references with data set #180" assertions="1" time="0.001724"/>
        <testcase name="test_converts_named_entities_to_numeric_character_references with data set #181" assertions="1" time="0.001723"/>
        <testcase name="test_converts_named_entities_to_numeric_character_references with data set #182" assertions="1" time="0.001705"/>
        <testcase name="test_converts_named_entities_to_numeric_character_references with data set #183" assertions="1" time="0.001686"/>
        <testcase name="test_converts_named_entities_to_numeric_character_references with data set #184" assertions="1" time="0.001729"/>
        <testcase name="test_converts_named_entities_to_numeric_character_references with data set #185" assertions="1" time="0.001725"/>
        <testcase name="test_converts_named_entities_to_numeric_character_references with data set #186" assertions="1" time="0.001724"/>
        <testcase name="test_converts_named_entities_to_numeric_character_references with data set #187" assertions="1" time="0.001733"/>
        <testcase name="test_converts_named_entities_to_numeric_character_references with data set #188" assertions="1" time="0.001754"/>
        <testcase name="test_converts_named_entities_to_numeric_character_references with data set #189" assertions="1" time="0.001760"/>
        <testcase name="test_converts_named_entities_to_numeric_character_references with data set #190" assertions="1" time="0.001723"/>
        <testcase name="test_converts_named_entities_to_numeric_character_references with data set #191" assertions="1" time="0.001764"/>
        <testcase name="test_converts_named_entities_to_numeric_character_references with data set #192" assertions="1" time="0.001724"/>
        <testcase name="test_converts_named_entities_to_numeric_character_references with data set #193" assertions="1" time="0.001753"/>
        <testcase name="test_converts_named_entities_to_numeric_character_references with data set #194" assertions="1" time="0.001916"/>
        <testcase name="test_converts_named_entities_to_numeric_character_references with data set #195" assertions="1" time="0.001784"/>
        <testcase name="test_converts_named_entities_to_numeric_character_references with data set #196" assertions="1" time="0.001740"/>
        <testcase name="test_converts_named_entities_to_numeric_character_references with data set #197" assertions="1" time="0.001741"/>
        <testcase name="test_converts_named_entities_to_numeric_character_references with data set #198" assertions="1" time="0.001720"/>
        <testcase name="test_converts_named_entities_to_numeric_character_references with data set #199" assertions="1" time="0.001744"/>
        <testcase name="test_converts_named_entities_to_numeric_character_references with data set #200" assertions="1" time="0.001759"/>
        <testcase name="test_converts_named_entities_to_numeric_character_references with data set #201" assertions="1" time="0.001715"/>
        <testcase name="test_converts_named_entities_to_numeric_character_references with data set #202" assertions="1" time="0.001763"/>
        <testcase name="test_converts_named_entities_to_numeric_character_references with data set #203" assertions="1" time="0.001664"/>
        <testcase name="test_converts_named_entities_to_numeric_character_references with data set #204" assertions="1" time="0.001779"/>
        <testcase name="test_converts_named_entities_to_numeric_character_references with data set #205" assertions="1" time="0.001721"/>
        <testcase name="test_converts_named_entities_to_numeric_character_references with data set #206" assertions="1" time="0.001862"/>
        <testcase name="test_converts_named_entities_to_numeric_character_references with data set #207" assertions="1" time="0.001726"/>
        <testcase name="test_converts_named_entities_to_numeric_character_references with data set #208" assertions="1" time="0.001748"/>
        <testcase name="test_converts_named_entities_to_numeric_character_references with data set #209" assertions="1" time="0.001731"/>
        <testcase name="test_converts_named_entities_to_numeric_character_references with data set #210" assertions="1" time="0.001773"/>
        <testcase name="test_converts_named_entities_to_numeric_character_references with data set #211" assertions="1" time="0.001746"/>
        <testcase name="test_converts_named_entities_to_numeric_character_references with data set #212" assertions="1" time="0.001714"/>
        <testcase name="test_converts_named_entities_to_numeric_character_references with data set #213" assertions="1" time="0.001738"/>
        <testcase name="test_converts_named_entities_to_numeric_character_references with data set #214" assertions="1" time="0.001729"/>
        <testcase name="test_converts_named_entities_to_numeric_character_references with data set #215" assertions="1" time="0.001717"/>
        <testcase name="test_converts_named_entities_to_numeric_character_references with data set #216" assertions="1" time="0.001743"/>
        <testcase name="test_converts_named_entities_to_numeric_character_references with data set #217" assertions="1" time="0.001775"/>
        <testcase name="test_converts_named_entities_to_numeric_character_references with data set #218" assertions="1" time="0.001753"/>
        <testcase name="test_converts_named_entities_to_numeric_character_references with data set #219" assertions="1" time="0.001774"/>
        <testcase name="test_converts_named_entities_to_numeric_character_references with data set #220" assertions="1" time="0.001758"/>
        <testcase name="test_converts_named_entities_to_numeric_character_references with data set #221" assertions="1" time="0.001733"/>
        <testcase name="test_converts_named_entities_to_numeric_character_references with data set #222" assertions="1" time="0.001746"/>
        <testcase name="test_converts_named_entities_to_numeric_character_references with data set #223" assertions="1" time="0.001743"/>
        <testcase name="test_converts_named_entities_to_numeric_character_references with data set #224" assertions="1" time="0.001740"/>
        <testcase name="test_converts_named_entities_to_numeric_character_references with data set #225" assertions="1" time="0.001749"/>
        <testcase name="test_converts_named_entities_to_numeric_character_references with data set #226" assertions="1" time="0.001728"/>
        <testcase name="test_converts_named_entities_to_numeric_character_references with data set #227" assertions="1" time="0.001724"/>
        <testcase name="test_converts_named_entities_to_numeric_character_references with data set #228" assertions="1" time="0.001717"/>
        <testcase name="test_converts_named_entities_to_numeric_character_references with data set #229" assertions="1" time="0.001750"/>
        <testcase name="test_converts_named_entities_to_numeric_character_references with data set #230" assertions="1" time="0.001724"/>
        <testcase name="test_converts_named_entities_to_numeric_character_references with data set #231" assertions="1" time="0.001736"/>
        <testcase name="test_converts_named_entities_to_numeric_character_references with data set #232" assertions="1" time="0.001711"/>
        <testcase name="test_converts_named_entities_to_numeric_character_references with data set #233" assertions="1" time="0.001779"/>
        <testcase name="test_converts_named_entities_to_numeric_character_references with data set #234" assertions="1" time="0.001743"/>
        <testcase name="test_converts_named_entities_to_numeric_character_references with data set #235" assertions="1" time="0.001773"/>
        <testcase name="test_converts_named_entities_to_numeric_character_references with data set #236" assertions="1" time="0.001756"/>
        <testcase name="test_converts_named_entities_to_numeric_character_references with data set #237" assertions="1" time="0.001737"/>
        <testcase name="test_converts_named_entities_to_numeric_character_references with data set #238" assertions="1" time="0.001748"/>
        <testcase name="test_converts_named_entities_to_numeric_character_references with data set #239" assertions="1" time="0.001744"/>
        <testcase name="test_converts_named_entities_to_numeric_character_references with data set #240" assertions="1" time="0.001727"/>
        <testcase name="test_converts_named_entities_to_numeric_character_references with data set #241" assertions="1" time="0.001840"/>
        <testcase name="test_converts_named_entities_to_numeric_character_references with data set #242" assertions="1" time="0.002007"/>
        <testcase name="test_converts_named_entities_to_numeric_character_references with data set #243" assertions="1" time="0.001756"/>
        <testcase name="test_converts_named_entities_to_numeric_character_references with data set #244" assertions="1" time="0.001771"/>
        <testcase name="test_converts_named_entities_to_numeric_character_references with data set #245" assertions="1" time="0.001756"/>
        <testcase name="test_converts_named_entities_to_numeric_character_references with data set #246" assertions="1" time="0.001772"/>
        <testcase name="test_converts_named_entities_to_numeric_character_references with data set #247" assertions="1" time="0.001771"/>
        <testcase name="test_converts_named_entities_to_numeric_character_references with data set #248" assertions="1" time="0.002115"/>
        <testcase name="test_converts_named_entities_to_numeric_character_references with data set #249" assertions="1" time="0.001764"/>
        <testcase name="test_converts_named_entities_to_numeric_character_references with data set #250" assertions="1" time="0.001740"/>
      </testsuite>
    </testsuite>
    <testsuite name="Test_WP_ISO_Descrambler" file="/var/www/wordpress-unit-tests/tests/formatting/isoDescrambler.php" fullPackage="Test.WP.ISO" tests="1" assertions="1" failures="0" errors="0" time="0.001627">
      <testcase name="test_decodes_iso_8859_1_rfc2047_q_encoding" class="Test_WP_ISO_Descrambler" file="/var/www/wordpress-unit-tests/tests/formatting/isoDescrambler.php" line="11" assertions="1" time="0.001627"/>
    </testsuite>
    <testsuite name="Tests_Formatting_Redirect" file="/var/www/wordpress-unit-tests/tests/formatting/redirect.php" fullPackage="Tests.Formatting" tests="1" assertions="6" failures="0" errors="0" time="0.002233">
      <testcase name="test_wp_sanitize_redirect" class="Tests_Formatting_Redirect" file="/var/www/wordpress-unit-tests/tests/formatting/redirect.php" line="8" assertions="6" time="0.002233"/>
    </testsuite>
    <testsuite name="Tests_Formatting_WP_Basename" file="/var/www/wordpress-unit-tests/tests/formatting/wp_basename.php" fullPackage="Tests.Formatting.WP" tests="4" assertions="4" failures="0" errors="0" time="0.007127">
      <testcase name="test_wp_basename_unix" class="Tests_Formatting_WP_Basename" file="/var/www/wordpress-unit-tests/tests/formatting/wp_basename.php" line="8" assertions="1" time="0.001561"/>
      <testcase name="test_wp_basename_unix_utf8_support" class="Tests_Formatting_WP_Basename" file="/var/www/wordpress-unit-tests/tests/formatting/wp_basename.php" line="13" assertions="1" time="0.001527"/>
      <testcase name="test_wp_basename_windows" class="Tests_Formatting_WP_Basename" file="/var/www/wordpress-unit-tests/tests/formatting/wp_basename.php" line="21" assertions="1" time="0.002022"/>
      <testcase name="test_wp_basename_windows_utf8_support" class="Tests_Formatting_WP_Basename" file="/var/www/wordpress-unit-tests/tests/formatting/wp_basename.php" line="29" assertions="1" time="0.002017"/>
    </testsuite>
    <testsuite name="Tests_Functions" file="/var/www/wordpress-unit-tests/tests/functions.php" fullPackage="Tests" tests="11" assertions="255" failures="0" errors="0" time="0.081387">
      <testcase name="test_wp_parse_args_object" class="Tests_Functions" file="/var/www/wordpress-unit-tests/tests/functions.php" line="7" assertions="2" time="0.002471"/>
      <testcase name="test_wp_parse_args_array" class="Tests_Functions" file="/var/www/wordpress-unit-tests/tests/functions.php" line="16" assertions="2" time="0.002401"/>
      <testcase name="test_wp_parse_args_defaults" class="Tests_Functions" file="/var/www/wordpress-unit-tests/tests/functions.php" line="23" assertions="2" time="0.003352"/>
      <testcase name="test_wp_parse_args_other" class="Tests_Functions" file="/var/www/wordpress-unit-tests/tests/functions.php" line="33" assertions="2" time="0.002191"/>
      <testcase name="test_size_format" class="Tests_Functions" file="/var/www/wordpress-unit-tests/tests/functions.php" line="41" assertions="9" time="0.002260"/>
      <testcase name="test_path_is_absolute" class="Tests_Functions" file="/var/www/wordpress-unit-tests/tests/functions.php" line="61" assertions="10" time="0.001834"/>
      <testcase name="test_path_is_not_absolute" class="Tests_Functions" file="/var/www/wordpress-unit-tests/tests/functions.php" line="81" assertions="10" time="0.001794"/>
      <testcase name="test_wp_unique_filename" class="Tests_Functions" file="/var/www/wordpress-unit-tests/tests/functions.php" line="102" assertions="57" time="0.016189"/>
      <testcase name="test_add_query_arg" class="Tests_Functions" file="/var/www/wordpress-unit-tests/tests/functions.php" line="246" assertions="144" time="0.032499"/>
      <testcase name="test_get_allowed_mime_types" class="Tests_Functions" file="/var/www/wordpress-unit-tests/tests/functions.php" line="331" assertions="6" time="0.002662"/>
      <testcase name="test_wp_get_mime_types" class="Tests_Functions" file="/var/www/wordpress-unit-tests/tests/functions.php" line="351" assertions="11" time="0.013734"/>
    </testsuite>
    <testsuite name="Test_Functions_Deprecated" file="/var/www/wordpress-unit-tests/tests/functions/deprecated.php" fullPackage="WordPress.Unit" package="WordPress" subpackage="Unit" tests="2" assertions="2" failures="0" errors="0" time="0.119624">
      <testcase name="test_wp_save_image_file_deprecated_with_gd_resource" class="Test_Functions_Deprecated" file="/var/www/wordpress-unit-tests/tests/functions/deprecated.php" line="140" assertions="1" time="0.029431"/>
      <testcase name="test_wp_save_image_file_not_deprecated_with_wp_image_editor" class="Test_Functions_Deprecated" file="/var/www/wordpress-unit-tests/tests/functions/deprecated.php" line="161" assertions="1" time="0.090193"/>
    </testsuite>
    <testsuite name="Tests_Functions_ListFilter" file="/var/www/wordpress-unit-tests/tests/functions/listFilter.php" fullPackage="Tests.Functions" tests="14" assertions="33" failures="0" errors="0" time="0.025907">
      <testcase name="test_filter_object_list_and" class="Tests_Functions_ListFilter" file="/var/www/wordpress-unit-tests/tests/functions/listFilter.php" line="22" assertions="3" time="0.001930"/>
      <testcase name="test_filter_object_list_or" class="Tests_Functions_ListFilter" file="/var/www/wordpress-unit-tests/tests/functions/listFilter.php" line="29" assertions="4" time="0.001690"/>
      <testcase name="test_filter_object_list_not" class="Tests_Functions_ListFilter" file="/var/www/wordpress-unit-tests/tests/functions/listFilter.php" line="37" assertions="2" time="0.001607"/>
      <testcase name="test_filter_object_list_and_field" class="Tests_Functions_ListFilter" file="/var/www/wordpress-unit-tests/tests/functions/listFilter.php" line="43" assertions="2" time="0.001994"/>
      <testcase name="test_filter_object_list_or_field" class="Tests_Functions_ListFilter" file="/var/www/wordpress-unit-tests/tests/functions/listFilter.php" line="49" assertions="2" time="0.001985"/>
      <testcase name="test_filter_object_list_not_field" class="Tests_Functions_ListFilter" file="/var/www/wordpress-unit-tests/tests/functions/listFilter.php" line="55" assertions="2" time="0.001849"/>
      <testcase name="test_wp_list_pluck" class="Tests_Functions_ListFilter" file="/var/www/wordpress-unit-tests/tests/functions/listFilter.php" line="61" assertions="2" time="0.002523"/>
      <testcase name="test_filter_object_list_nested_array_and" class="Tests_Functions_ListFilter" file="/var/www/wordpress-unit-tests/tests/functions/listFilter.php" line="69" assertions="2" time="0.001629"/>
      <testcase name="test_filter_object_list_nested_array_not" class="Tests_Functions_ListFilter" file="/var/www/wordpress-unit-tests/tests/functions/listFilter.php" line="75" assertions="3" time="0.001688"/>
      <testcase name="test_filter_object_list_nested_array_or" class="Tests_Functions_ListFilter" file="/var/www/wordpress-unit-tests/tests/functions/listFilter.php" line="82" assertions="3" time="0.001661"/>
      <testcase name="test_filter_object_list_nested_array_or_singular" class="Tests_Functions_ListFilter" file="/var/www/wordpress-unit-tests/tests/functions/listFilter.php" line="89" assertions="2" time="0.001611"/>
      <testcase name="test_filter_object_list_nested_array_and_field" class="Tests_Functions_ListFilter" file="/var/www/wordpress-unit-tests/tests/functions/listFilter.php" line="96" assertions="2" time="0.001841"/>
      <testcase name="test_filter_object_list_nested_array_not_field" class="Tests_Functions_ListFilter" file="/var/www/wordpress-unit-tests/tests/functions/listFilter.php" line="102" assertions="2" time="0.001947"/>
      <testcase name="test_filter_object_list_nested_array_or_field" class="Tests_Functions_ListFilter" file="/var/www/wordpress-unit-tests/tests/functions/listFilter.php" line="108" assertions="2" time="0.001952"/>
    </testsuite>
    <testsuite name="Tests_HTTP_curl" file="/var/www/wordpress-unit-tests/tests/http/curl.php" fullPackage="Tests.HTTP" tests="12" assertions="23" failures="0" errors="0" time="3.881551">
      <testcase name="test_redirect_on_301" class="Tests_HTTP_curl" file="/var/www/wordpress-unit-tests/tests/http/curl.php" line="44" assertions="2" time="0.490020"/>
      <testcase name="test_redirect_on_302" class="Tests_HTTP_curl" file="/var/www/wordpress-unit-tests/tests/http/curl.php" line="51" assertions="2" time="0.462866"/>
      <testcase name="test_redirect_on_301_no_redirect" class="Tests_HTTP_curl" file="/var/www/wordpress-unit-tests/tests/http/curl.php" line="61" assertions="2" time="0.078585"/>
      <testcase name="test_redirect_on_302_no_redirect" class="Tests_HTTP_curl" file="/var/www/wordpress-unit-tests/tests/http/curl.php" line="71" assertions="2" time="0.085031"/>
      <testcase name="test_redirections_equal" class="Tests_HTTP_curl" file="/var/www/wordpress-unit-tests/tests/http/curl.php" line="78" assertions="2" time="0.464313"/>
      <testcase name="test_no_head_redirections" class="Tests_HTTP_curl" file="/var/www/wordpress-unit-tests/tests/http/curl.php" line="85" assertions="2" time="0.077789"/>
      <testcase name="test_redirect_on_head" class="Tests_HTTP_curl" file="/var/www/wordpress-unit-tests/tests/http/curl.php" line="95" assertions="2" time="0.479636"/>
      <testcase name="test_redirections_greater" class="Tests_HTTP_curl" file="/var/www/wordpress-unit-tests/tests/http/curl.php" line="102" assertions="1" time="0.469005"/>
      <testcase name="test_redirections_greater_edgecase" class="Tests_HTTP_curl" file="/var/www/wordpress-unit-tests/tests/http/curl.php" line="108" assertions="1" time="0.477777"/>
      <testcase name="test_redirections_less_edgecase" class="Tests_HTTP_curl" file="/var/www/wordpress-unit-tests/tests/http/curl.php" line="114" assertions="1" time="0.387759"/>
      <testcase name="test_redirections_zero_redirections_specified" class="Tests_HTTP_curl" file="/var/www/wordpress-unit-tests/tests/http/curl.php" line="123" assertions="2" time="0.078320"/>
      <testcase name="test_file_stream" class="Tests_HTTP_curl" file="/var/www/wordpress-unit-tests/tests/http/curl.php" line="170" assertions="4" time="0.330450"/>
    </testsuite>
    <testsuite name="Tests_HTTP_fsockopen" file="/var/www/wordpress-unit-tests/tests/http/fsockopen.php" fullPackage="Tests.HTTP" tests="12" assertions="23" failures="0" errors="0" time="3.874579">
      <testcase name="test_redirect_on_301" class="Tests_HTTP_fsockopen" file="/var/www/wordpress-unit-tests/tests/http/fsockopen.php" line="44" assertions="2" time="0.465422"/>
      <testcase name="test_redirect_on_302" class="Tests_HTTP_fsockopen" file="/var/www/wordpress-unit-tests/tests/http/fsockopen.php" line="51" assertions="2" time="0.484947"/>
      <testcase name="test_redirect_on_301_no_redirect" class="Tests_HTTP_fsockopen" file="/var/www/wordpress-unit-tests/tests/http/fsockopen.php" line="61" assertions="2" time="0.084288"/>
      <testcase name="test_redirect_on_302_no_redirect" class="Tests_HTTP_fsockopen" file="/var/www/wordpress-unit-tests/tests/http/fsockopen.php" line="71" assertions="2" time="0.079706"/>
      <testcase name="test_redirections_equal" class="Tests_HTTP_fsockopen" file="/var/www/wordpress-unit-tests/tests/http/fsockopen.php" line="78" assertions="2" time="0.493112"/>
      <testcase name="test_no_head_redirections" class="Tests_HTTP_fsockopen" file="/var/www/wordpress-unit-tests/tests/http/fsockopen.php" line="85" assertions="2" time="0.084184"/>
      <testcase name="test_redirect_on_head" class="Tests_HTTP_fsockopen" file="/var/www/wordpress-unit-tests/tests/http/fsockopen.php" line="95" assertions="2" time="0.475321"/>
      <testcase name="test_redirections_greater" class="Tests_HTTP_fsockopen" file="/var/www/wordpress-unit-tests/tests/http/fsockopen.php" line="102" assertions="1" time="0.482291"/>
      <testcase name="test_redirections_greater_edgecase" class="Tests_HTTP_fsockopen" file="/var/www/wordpress-unit-tests/tests/http/fsockopen.php" line="108" assertions="1" time="0.466078"/>
      <testcase name="test_redirections_less_edgecase" class="Tests_HTTP_fsockopen" file="/var/www/wordpress-unit-tests/tests/http/fsockopen.php" line="114" assertions="1" time="0.407304"/>
      <testcase name="test_redirections_zero_redirections_specified" class="Tests_HTTP_fsockopen" file="/var/www/wordpress-unit-tests/tests/http/fsockopen.php" line="123" assertions="2" time="0.081330"/>
      <testcase name="test_file_stream" class="Tests_HTTP_fsockopen" file="/var/www/wordpress-unit-tests/tests/http/fsockopen.php" line="170" assertions="4" time="0.270596"/>
    </testsuite>
    <testsuite name="Tests_HTTP_Functions" file="/var/www/wordpress-unit-tests/tests/http/functions.php" fullPackage="Tests.HTTP" tests="6" assertions="20" failures="0" errors="0" time="0.944202">
      <testcase name="test_head_request" class="Tests_HTTP_Functions" file="/var/www/wordpress-unit-tests/tests/http/functions.php" line="8" assertions="4" time="0.130114"/>
      <testcase name="test_head_redirect" class="Tests_HTTP_Functions" file="/var/www/wordpress-unit-tests/tests/http/functions.php" line="20" assertions="1" time="0.147808"/>
      <testcase name="test_head_404" class="Tests_HTTP_Functions" file="/var/www/wordpress-unit-tests/tests/http/functions.php" line="27" assertions="2" time="0.194108"/>
      <testcase name="test_get_request" class="Tests_HTTP_Functions" file="/var/www/wordpress-unit-tests/tests/http/functions.php" line="35" assertions="6" time="0.186535"/>
      <testcase name="test_get_redirect" class="Tests_HTTP_Functions" file="/var/www/wordpress-unit-tests/tests/http/functions.php" line="52" assertions="6" time="0.283844"/>
      <testcase name="test_get_redirect_limit_exceeded" class="Tests_HTTP_Functions" file="/var/www/wordpress-unit-tests/tests/http/functions.php" line="70" assertions="1" time="0.001793"/>
    </testsuite>
    <testsuite name="Tests_HTTP_HTTP" file="/var/www/wordpress-unit-tests/tests/http/http.php" fullPackage="Tests.HTTP" tests="22" assertions="22" failures="0" errors="0" time="0.035149">
      <testsuite name="Tests_HTTP_HTTP::test_make_absolute_url" tests="22" assertions="22" failures="0" errors="0" time="0.035149">
        <testcase name="test_make_absolute_url with data set #0" assertions="1" time="0.001665"/>
        <testcase name="test_make_absolute_url with data set #1" assertions="1" time="0.001558"/>
        <testcase name="test_make_absolute_url with data set #2" assertions="1" time="0.001560"/>
        <testcase name="test_make_absolute_url with data set #3" assertions="1" time="0.001528"/>
        <testcase name="test_make_absolute_url with data set #4" assertions="1" time="0.001624"/>
        <testcase name="test_make_absolute_url with data set #5" assertions="1" time="0.001585"/>
        <testcase name="test_make_absolute_url with data set #6" assertions="1" time="0.001607"/>
        <testcase name="test_make_absolute_url with data set #7" assertions="1" time="0.001609"/>
        <testcase name="test_make_absolute_url with data set #8" assertions="1" time="0.001624"/>
        <testcase name="test_make_absolute_url with data set #9" assertions="1" time="0.001555"/>
        <testcase name="test_make_absolute_url with data set #10" assertions="1" time="0.001564"/>
        <testcase name="test_make_absolute_url with data set #11" assertions="1" time="0.001563"/>
        <testcase name="test_make_absolute_url with data set #12" assertions="1" time="0.001629"/>
        <testcase name="test_make_absolute_url with data set #13" assertions="1" time="0.001647"/>
        <testcase name="test_make_absolute_url with data set #14" assertions="1" time="0.001655"/>
        <testcase name="test_make_absolute_url with data set #15" assertions="1" time="0.001546"/>
        <testcase name="test_make_absolute_url with data set #16" assertions="1" time="0.001589"/>
        <testcase name="test_make_absolute_url with data set #17" assertions="1" time="0.001565"/>
        <testcase name="test_make_absolute_url with data set #18" assertions="1" time="0.001558"/>
        <testcase name="test_make_absolute_url with data set #19" assertions="1" time="0.001581"/>
        <testcase name="test_make_absolute_url with data set #20" assertions="1" time="0.001643"/>
        <testcase name="test_make_absolute_url with data set #21" assertions="1" time="0.001693"/>
      </testsuite>
    </testsuite>
    <testsuite name="Tests_HTTP_streams" file="/var/www/wordpress-unit-tests/tests/http/streams.php" fullPackage="Tests.HTTP" tests="12" assertions="23" failures="0" errors="0" time="5.651072">
      <testcase name="test_redirect_on_301" class="Tests_HTTP_streams" file="/var/www/wordpress-unit-tests/tests/http/streams.php" line="44" assertions="2" time="0.706502"/>
      <testcase name="test_redirect_on_302" class="Tests_HTTP_streams" file="/var/www/wordpress-unit-tests/tests/http/streams.php" line="51" assertions="2" time="0.703600"/>
      <testcase name="test_redirect_on_301_no_redirect" class="Tests_HTTP_streams" file="/var/www/wordpress-unit-tests/tests/http/streams.php" line="61" assertions="2" time="0.116729"/>
      <testcase name="test_redirect_on_302_no_redirect" class="Tests_HTTP_streams" file="/var/www/wordpress-unit-tests/tests/http/streams.php" line="71" assertions="2" time="0.116773"/>
      <testcase name="test_redirections_equal" class="Tests_HTTP_streams" file="/var/www/wordpress-unit-tests/tests/http/streams.php" line="78" assertions="2" time="0.689607"/>
      <testcase name="test_no_head_redirections" class="Tests_HTTP_streams" file="/var/www/wordpress-unit-tests/tests/http/streams.php" line="85" assertions="2" time="0.116373"/>
      <testcase name="test_redirect_on_head" class="Tests_HTTP_streams" file="/var/www/wordpress-unit-tests/tests/http/streams.php" line="95" assertions="2" time="0.716618"/>
      <testcase name="test_redirections_greater" class="Tests_HTTP_streams" file="/var/www/wordpress-unit-tests/tests/http/streams.php" line="102" assertions="1" time="0.728490"/>
      <testcase name="test_redirections_greater_edgecase" class="Tests_HTTP_streams" file="/var/www/wordpress-unit-tests/tests/http/streams.php" line="108" assertions="1" time="0.722488"/>
      <testcase name="test_redirections_less_edgecase" class="Tests_HTTP_streams" file="/var/www/wordpress-unit-tests/tests/http/streams.php" line="114" assertions="1" time="0.584726"/>
      <testcase name="test_redirections_zero_redirections_specified" class="Tests_HTTP_streams" file="/var/www/wordpress-unit-tests/tests/http/streams.php" line="123" assertions="2" time="0.116014"/>
      <testcase name="test_file_stream" class="Tests_HTTP_streams" file="/var/www/wordpress-unit-tests/tests/http/streams.php" line="170" assertions="4" time="0.333151"/>
    </testsuite>
    <testsuite name="Tests_Image_Dimensions" file="/var/www/wordpress-unit-tests/tests/image/dimensions.php" fullPackage="Tests.Image" tests="10" assertions="20" failures="0" errors="0" time="0.032615">
      <testcase name="test_400x400_no_crop" class="Tests_Image_Dimensions" file="/var/www/wordpress-unit-tests/tests/image/dimensions.php" line="9" assertions="2" time="0.004186"/>
      <testcase name="test_400x0_no_crop" class="Tests_Image_Dimensions" file="/var/www/wordpress-unit-tests/tests/image/dimensions.php" line="21" assertions="2" time="0.004006"/>
      <testcase name="test_0x400_no_crop" class="Tests_Image_Dimensions" file="/var/www/wordpress-unit-tests/tests/image/dimensions.php" line="33" assertions="2" time="0.003987"/>
      <testcase name="test_800x800_no_crop" class="Tests_Image_Dimensions" file="/var/www/wordpress-unit-tests/tests/image/dimensions.php" line="45" assertions="2" time="0.001834"/>
      <testcase name="test_800x0_no_crop" class="Tests_Image_Dimensions" file="/var/www/wordpress-unit-tests/tests/image/dimensions.php" line="57" assertions="2" time="0.001741"/>
      <testcase name="test_0x800_no_crop" class="Tests_Image_Dimensions" file="/var/www/wordpress-unit-tests/tests/image/dimensions.php" line="69" assertions="2" time="0.001723"/>
      <testcase name="test_400x400_crop" class="Tests_Image_Dimensions" file="/var/www/wordpress-unit-tests/tests/image/dimensions.php" line="83" assertions="2" time="0.003811"/>
      <testcase name="test_400x0_crop" class="Tests_Image_Dimensions" file="/var/www/wordpress-unit-tests/tests/image/dimensions.php" line="95" assertions="2" time="0.003769"/>
      <testcase name="test_0x400_crop" class="Tests_Image_Dimensions" file="/var/www/wordpress-unit-tests/tests/image/dimensions.php" line="107" assertions="2" time="0.003806"/>
      <testcase name="test_400x500_crop" class="Tests_Image_Dimensions" file="/var/www/wordpress-unit-tests/tests/image/dimensions.php" line="119" assertions="2" time="0.003752"/>
    </testsuite>
    <testsuite name="Tests_Image_Functions" file="/var/www/wordpress-unit-tests/tests/image/functions.php" fullPackage="Tests.Image" tests="12" assertions="101" failures="0" errors="0" time="3.549036">
      <testcase name="test_is_image_positive" class="Tests_Image_Functions" file="/var/www/wordpress-unit-tests/tests/image/functions.php" line="38" assertions="11" time="0.001130"/>
      <testcase name="test_is_image_negative" class="Tests_Image_Functions" file="/var/www/wordpress-unit-tests/tests/image/functions.php" line="59" assertions="3" time="0.000654"/>
      <testcase name="test_is_displayable_image_positive" class="Tests_Image_Functions" file="/var/www/wordpress-unit-tests/tests/image/functions.php" line="72" assertions="3" time="0.000728"/>
      <testcase name="test_is_displayable_image_negative" class="Tests_Image_Functions" file="/var/www/wordpress-unit-tests/tests/image/functions.php" line="85" assertions="9" time="0.001150"/>
      <testcase name="test_wp_save_image_file" class="Tests_Image_Functions" file="/var/www/wordpress-unit-tests/tests/image/functions.php" line="110" assertions="18" time="0.789529"/>
      <testcase name="test_mime_overrides_filename" class="Tests_Image_Functions" file="/var/www/wordpress-unit-tests/tests/image/functions.php" line="154" assertions="6" time="0.599643"/>
      <testcase name="test_inferred_mime_types" class="Tests_Image_Functions" file="/var/www/wordpress-unit-tests/tests/image/functions.php" line="189" assertions="36" time="1.434129"/>
      <testcase name="test_load_directory" class="Tests_Image_Functions" file="/var/www/wordpress-unit-tests/tests/image/functions.php" line="235" assertions="5" time="0.001919"/>
      <testcase name="test_wp_crop_image_file" class="Tests_Image_Functions" file="/var/www/wordpress-unit-tests/tests/image/functions.php" line="257" assertions="4" time="0.032410"/>
      <testcase name="test_wp_crop_image_url" class="Tests_Image_Functions" file="/var/www/wordpress-unit-tests/tests/image/functions.php" line="271" assertions="4" time="0.466692"/>
      <testcase name="test_wp_crop_image_file_not_exist" class="Tests_Image_Functions" file="/var/www/wordpress-unit-tests/tests/image/functions.php" line="286" assertions="1" time="0.001613"/>
      <testcase name="test_wp_crop_image_url_not_exist" class="Tests_Image_Functions" file="/var/www/wordpress-unit-tests/tests/image/functions.php" line="292" assertions="1" time="0.219439"/>
    </testsuite>
    <testsuite name="Tests_Image_Intermediate_Size" file="/var/www/wordpress-unit-tests/tests/image/intermediate_size.php" fullPackage="Tests.Image.Intermediate" tests="4" assertions="8" failures="0" errors="0" time="0.061293">
      <testcase name="test_make_intermediate_size_no_size" class="Tests_Image_Intermediate_Size" file="/var/www/wordpress-unit-tests/tests/image/intermediate_size.php" line="9" assertions="1" time="0.001829"/>
      <testcase name="test_make_intermediate_size_width" class="Tests_Image_Intermediate_Size" file="/var/www/wordpress-unit-tests/tests/image/intermediate_size.php" line="15" assertions="1" time="0.013770"/>
      <testcase name="test_make_intermediate_size_height" class="Tests_Image_Intermediate_Size" file="/var/www/wordpress-unit-tests/tests/image/intermediate_size.php" line="24" assertions="1" time="0.014537"/>
      <testcase name="test_make_intermediate_size_successful" class="Tests_Image_Intermediate_Size" file="/var/www/wordpress-unit-tests/tests/image/intermediate_size.php" line="33" assertions="5" time="0.031157"/>
    </testsuite>
    <testsuite name="Tests_Image_Meta" file="/var/www/wordpress-unit-tests/tests/image/meta.php" fullPackage="Tests.Image" tests="8" assertions="62" failures="0" errors="0" time="0.092122">
      <testcase name="test_exif_d70" class="Tests_Image_Meta" file="/var/www/wordpress-unit-tests/tests/image/meta.php" line="19" assertions="10" time="0.013564"/>
      <testcase name="test_exif_d70_mf" class="Tests_Image_Meta" file="/var/www/wordpress-unit-tests/tests/image/meta.php" line="35" assertions="10" time="0.014541"/>
      <testcase name="test_exif_d70_iptc" class="Tests_Image_Meta" file="/var/www/wordpress-unit-tests/tests/image/meta.php" line="52" assertions="10" time="0.012888"/>
      <testcase name="test_exif_fuji" class="Tests_Image_Meta" file="/var/www/wordpress-unit-tests/tests/image/meta.php" line="68" assertions="10" time="0.014639"/>
      <testcase name="test_exif_error" class="Tests_Image_Meta" file="/var/www/wordpress-unit-tests/tests/image/meta.php" line="88" assertions="10" time="0.009846"/>
      <testcase name="test_exif_no_data" class="Tests_Image_Meta" file="/var/www/wordpress-unit-tests/tests/image/meta.php" line="106" assertions="10" time="0.002733"/>
      <testcase name="test_utf8_iptc_tags" class="Tests_Image_Meta" file="/var/www/wordpress-unit-tests/tests/image/meta.php" line="125" assertions="1" time="0.022328"/>
      <testcase name="test_missing_image_file" class="Tests_Image_Meta" file="/var/www/wordpress-unit-tests/tests/image/meta.php" line="137" assertions="1" time="0.001583"/>
    </testsuite>
    <testsuite name="Test_Image_Resize_GD" file="/var/www/wordpress-unit-tests/tests/image/resize_gd.php" fullPackage="Test.Image.Resize" tests="12" assertions="42" failures="0" errors="0" time="0.227973">
      <testcase name="test_resize_jpg" class="Test_Image_Resize_GD" file="/var/www/wordpress-unit-tests/tests/image/resize_gd.php" line="11" assertions="4" time="0.002245"/>
      <testcase name="test_resize_png" class="Test_Image_Resize_GD" file="/var/www/wordpress-unit-tests/tests/image/resize_gd.php" line="21" assertions="4" time="0.002146"/>
      <testcase name="test_resize_gif" class="Test_Image_Resize_GD" file="/var/www/wordpress-unit-tests/tests/image/resize_gd.php" line="31" assertions="4" time="0.002232"/>
      <testcase name="test_resize_larger" class="Test_Image_Resize_GD" file="/var/www/wordpress-unit-tests/tests/image/resize_gd.php" line="41" assertions="2" time="0.001137"/>
      <testcase name="test_resize_thumb_128x96" class="Test_Image_Resize_GD" file="/var/www/wordpress-unit-tests/tests/image/resize_gd.php" line="48" assertions="4" time="0.038584"/>
      <testcase name="test_resize_thumb_128x0" class="Test_Image_Resize_GD" file="/var/www/wordpress-unit-tests/tests/image/resize_gd.php" line="60" assertions="4" time="0.044053"/>
      <testcase name="test_resize_thumb_0x96" class="Test_Image_Resize_GD" file="/var/www/wordpress-unit-tests/tests/image/resize_gd.php" line="72" assertions="4" time="0.038755"/>
      <testcase name="test_resize_thumb_150x150_crop" class="Test_Image_Resize_GD" file="/var/www/wordpress-unit-tests/tests/image/resize_gd.php" line="84" assertions="4" time="0.037858"/>
      <testcase name="test_resize_thumb_150x100_crop" class="Test_Image_Resize_GD" file="/var/www/wordpress-unit-tests/tests/image/resize_gd.php" line="96" assertions="4" time="0.029693"/>
      <testcase name="test_resize_thumb_50x150_crop" class="Test_Image_Resize_GD" file="/var/www/wordpress-unit-tests/tests/image/resize_gd.php" line="108" assertions="4" time="0.027898"/>
      <testcase name="test_resize_non_existent_image" class="Test_Image_Resize_GD" file="/var/www/wordpress-unit-tests/tests/image/resize_gd.php" line="124" assertions="2" time="0.001268"/>
      <testcase name="test_resize_bad_image" class="Test_Image_Resize_GD" file="/var/www/wordpress-unit-tests/tests/image/resize_gd.php" line="134" assertions="2" time="0.002104"/>
    </testsuite>
    <testsuite name="Test_Image_Resize_Imagick" file="/var/www/wordpress-unit-tests/tests/image/resize_imagick.php" fullPackage="Test.Image.Resize" tests="12" assertions="42" failures="0" errors="0" time="0.501503">
      <testcase name="test_resize_jpg" class="Test_Image_Resize_Imagick" file="/var/www/wordpress-unit-tests/tests/image/resize_imagick.php" line="11" assertions="4" time="0.005318"/>
      <testcase name="test_resize_png" class="Test_Image_Resize_Imagick" file="/var/www/wordpress-unit-tests/tests/image/resize_imagick.php" line="21" assertions="4" time="0.005664"/>
      <testcase name="test_resize_gif" class="Test_Image_Resize_Imagick" file="/var/www/wordpress-unit-tests/tests/image/resize_imagick.php" line="31" assertions="4" time="0.182662"/>
      <testcase name="test_resize_larger" class="Test_Image_Resize_Imagick" file="/var/www/wordpress-unit-tests/tests/image/resize_imagick.php" line="41" assertions="2" time="0.003403"/>
      <testcase name="test_resize_thumb_128x96" class="Test_Image_Resize_Imagick" file="/var/www/wordpress-unit-tests/tests/image/resize_imagick.php" line="48" assertions="4" time="0.043183"/>
      <testcase name="test_resize_thumb_128x0" class="Test_Image_Resize_Imagick" file="/var/www/wordpress-unit-tests/tests/image/resize_imagick.php" line="60" assertions="4" time="0.045394"/>
      <testcase name="test_resize_thumb_0x96" class="Test_Image_Resize_Imagick" file="/var/www/wordpress-unit-tests/tests/image/resize_imagick.php" line="72" assertions="4" time="0.043540"/>
      <testcase name="test_resize_thumb_150x150_crop" class="Test_Image_Resize_Imagick" file="/var/www/wordpress-unit-tests/tests/image/resize_imagick.php" line="84" assertions="4" time="0.058075"/>
      <testcase name="test_resize_thumb_150x100_crop" class="Test_Image_Resize_Imagick" file="/var/www/wordpress-unit-tests/tests/image/resize_imagick.php" line="96" assertions="4" time="0.047085"/>
      <testcase name="test_resize_thumb_50x150_crop" class="Test_Image_Resize_Imagick" file="/var/www/wordpress-unit-tests/tests/image/resize_imagick.php" line="108" assertions="4" time="0.059524"/>
      <testcase name="test_resize_non_existent_image" class="Test_Image_Resize_Imagick" file="/var/www/wordpress-unit-tests/tests/image/resize_imagick.php" line="124" assertions="2" time="0.002476"/>
      <testcase name="test_resize_bad_image" class="Test_Image_Resize_Imagick" file="/var/www/wordpress-unit-tests/tests/image/resize_imagick.php" line="134" assertions="2" time="0.005178"/>
    </testsuite>
    <testsuite name="Tests_Image_Size" file="/var/www/wordpress-unit-tests/tests/image/size.php" fullPackage="Tests.Image" tests="13" assertions="41" failures="0" errors="0" time="0.142687">
      <testcase name="test_constrain_dims_zero" class="Tests_Image_Size" file="/var/www/wordpress-unit-tests/tests/image/size.php" line="9" assertions="3" time="0.022967"/>
      <testcase name="test_constrain_dims_smaller" class="Tests_Image_Size" file="/var/www/wordpress-unit-tests/tests/image/size.php" line="24" assertions="3" time="0.013482"/>
      <testcase name="test_constrain_dims_equal" class="Tests_Image_Size" file="/var/www/wordpress-unit-tests/tests/image/size.php" line="39" assertions="3" time="0.011701"/>
      <testcase name="test_constrain_dims_larger" class="Tests_Image_Size" file="/var/www/wordpress-unit-tests/tests/image/size.php" line="54" assertions="6" time="0.015801"/>
      <testcase name="test_constrain_dims_boundary" class="Tests_Image_Size" file="/var/www/wordpress-unit-tests/tests/image/size.php" line="79" assertions="4" time="0.002867"/>
      <testcase name="test_shrink_dimensions_default" class="Tests_Image_Size" file="/var/www/wordpress-unit-tests/tests/image/size.php" line="98" assertions="2" time="0.002255"/>
      <testcase name="test_shrink_dimensions_smaller" class="Tests_Image_Size" file="/var/www/wordpress-unit-tests/tests/image/size.php" line="106" assertions="2" time="0.002281"/>
      <testcase name="test_shrink_dimensions_equal" class="Tests_Image_Size" file="/var/www/wordpress-unit-tests/tests/image/size.php" line="115" assertions="2" time="0.002243"/>
      <testcase name="test_shrink_dimensions_larger" class="Tests_Image_Size" file="/var/www/wordpress-unit-tests/tests/image/size.php" line="124" assertions="2" time="0.002268"/>
      <testcase name="test_shrink_dimensions_boundary" class="Tests_Image_Size" file="/var/www/wordpress-unit-tests/tests/image/size.php" line="133" assertions="4" time="0.003099"/>
      <testcase name="test_constrain_size_for_editor_thumb" class="Tests_Image_Size" file="/var/www/wordpress-unit-tests/tests/image/size.php" line="149" assertions="2" time="0.003887"/>
      <testcase name="test_constrain_size_for_editor_medium" class="Tests_Image_Size" file="/var/www/wordpress-unit-tests/tests/image/size.php" line="157" assertions="4" time="0.056762"/>
      <testcase name="test_constrain_size_for_editor_full" class="Tests_Image_Size" file="/var/www/wordpress-unit-tests/tests/image/size.php" line="179" assertions="4" time="0.003074"/>
    </testsuite>
    <testsuite name="Tests_Import_Import" file="/var/www/wordpress-unit-tests/tests/import/import.php" fullPackage="Tests.Import" tests="2" assertions="121" failures="0" errors="0" time="1.171471">
      <testcase name="test_small_import" class="Tests_Import_Import" file="/var/www/wordpress-unit-tests/tests/import/import.php" line="31" assertions="103" time="0.526240"/>
      <testcase name="test_double_import" class="Tests_Import_Import" file="/var/www/wordpress-unit-tests/tests/import/import.php" line="188" assertions="18" time="0.645231"/>
    </testsuite>
    <testsuite name="Tests_Import_Parser" file="/var/www/wordpress-unit-tests/tests/import/parser.php" fullPackage="Tests.Import" tests="6" assertions="110" failures="0" errors="0" time="0.108893">
      <testcase name="test_malformed_wxr" class="Tests_Import_Parser" file="/var/www/wordpress-unit-tests/tests/import/parser.php" line="19" assertions="4" time="0.009027"/>
      <testcase name="test_invalid_wxr" class="Tests_Import_Parser" file="/var/www/wordpress-unit-tests/tests/import/parser.php" line="31" assertions="12" time="0.028882"/>
      <testcase name="test_wxr_version_1_1" class="Tests_Import_Parser" file="/var/www/wordpress-unit-tests/tests/import/parser.php" line="45" assertions="33" time="0.026870"/>
      <testcase name="test_wxr_version_1_0" class="Tests_Import_Parser" file="/var/www/wordpress-unit-tests/tests/import/parser.php" line="99" assertions="45" time="0.035108"/>
      <testcase name="test_escaped_cdata_closing_sequence" class="Tests_Import_Parser" file="/var/www/wordpress-unit-tests/tests/import/parser.php" line="146" assertions="12" time="0.005525"/>
      <testcase name="test_unescaped_cdata_closing_sequence" class="Tests_Import_Parser" file="/var/www/wordpress-unit-tests/tests/import/parser.php" line="172" assertions="4" time="0.003481"/>
    </testsuite>
    <testsuite name="Tests_Import_Postmeta" file="/var/www/wordpress-unit-tests/tests/import/postmeta.php" fullPackage="Tests.Import" tests="4" assertions="5" failures="0" errors="0" time="0.256236">
      <testcase name="test_serialized_postmeta_no_cdata" class="Tests_Import_Postmeta" file="/var/www/wordpress-unit-tests/tests/import/postmeta.php" line="19" assertions="1" time="0.063138"/>
      <testcase name="test_utw_postmeta" class="Tests_Import_Postmeta" file="/var/www/wordpress-unit-tests/tests/import/postmeta.php" line="26" assertions="1" time="0.065822"/>
      <testcase name="test_serialized_postmeta_with_cdata" class="Tests_Import_Postmeta" file="/var/www/wordpress-unit-tests/tests/import/postmeta.php" line="75" assertions="2" time="0.064045"/>
      <testcase name="test_serialized_postmeta_with_evil_stuff_in_cdata" class="Tests_Import_Postmeta" file="/var/www/wordpress-unit-tests/tests/import/postmeta.php" line="89" assertions="1" time="0.063231"/>
    </testsuite>
    <testsuite name="TestFactoryFor" file="/var/www/wordpress-unit-tests/tests/includes/factory.php" tests="4" assertions="4" failures="0" errors="0" time="0.023863">
      <testcase name="test_create_creates_a_category" class="TestFactoryFor" file="/var/www/wordpress-unit-tests/tests/includes/factory.php" line="9" assertions="1" time="0.006070"/>
      <testcase name="test_get_object_by_id_gets_an_object" class="TestFactoryFor" file="/var/www/wordpress-unit-tests/tests/includes/factory.php" line="14" assertions="1" time="0.005911"/>
      <testcase name="test_get_object_by_id_gets_an_object_with_the_same_name" class="TestFactoryFor" file="/var/www/wordpress-unit-tests/tests/includes/factory.php" line="19" assertions="1" time="0.005824"/>
      <testcase name="test_the_taxonomy_argument_overrules_the_factory_taxonomy" class="TestFactoryFor" file="/var/www/wordpress-unit-tests/tests/includes/factory.php" line="25" assertions="1" time="0.006058"/>
    </testsuite>
    <testsuite name="Test_WP_Post_IDs_Iterator" file="/var/www/wordpress-unit-tests/tests/iterators.php" fullPackage="Test.WP.Post.IDs" tests="0" assertions="0" failures="0" errors="0" time="0.000000"/>
    <testsuite name="Tests_Kses" file="/var/www/wordpress-unit-tests/tests/kses.php" fullPackage="Tests" tests="7" assertions="364" failures="0" errors="0" time="0.201712">
      <testcase name="test_wp_filter_post_kses_address" class="Tests_Kses" file="/var/www/wordpress-unit-tests/tests/kses.php" line="13" assertions="4" time="0.003673"/>
      <testcase name="test_wp_filter_post_kses_a" class="Tests_Kses" file="/var/www/wordpress-unit-tests/tests/kses.php" line="36" assertions="9" time="0.005721"/>
      <testcase name="test_wp_filter_post_kses_abbr" class="Tests_Kses" file="/var/www/wordpress-unit-tests/tests/kses.php" line="61" assertions="4" time="0.003626"/>
      <testcase name="test_feed_links" class="Tests_Kses" file="/var/www/wordpress-unit-tests/tests/kses.php" line="78" assertions="1" time="0.006804"/>
      <testcase name="test_wp_kses_bad_protocol" class="Tests_Kses" file="/var/www/wordpress-unit-tests/tests/kses.php" line="112" assertions="5" time="0.006339"/>
      <testcase name="test_hackers_attacks" class="Tests_Kses" file="/var/www/wordpress-unit-tests/tests/kses.php" line="174" assertions="33" time="0.032843"/>
      <testcase name="test_wp_kses_allowed_html" class="Tests_Kses" file="/var/www/wordpress-unit-tests/tests/kses.php" line="315" assertions="308" time="0.142706"/>
    </testsuite>
    <testsuite name="Tests_L10n" file="/var/www/wordpress-unit-tests/tests/l10n.php" fullPackage="Tests" tests="1" assertions="6" failures="0" errors="0" time="0.005788">
      <testcase name="test_load_unload_textdomain" class="Tests_L10n" file="/var/www/wordpress-unit-tests/tests/l10n.php" line="9" assertions="6" time="0.005788"/>
    </testsuite>
    <testsuite name="Tests_Link_Functions" file="/var/www/wordpress-unit-tests/tests/link.php" fullPackage="Tests.Link" tests="1" assertions="1" failures="0" errors="0" time="0.014524">
      <testcase name="test_get_pagenum_link_case_insensitivity" class="Tests_Link_Functions" file="/var/www/wordpress-unit-tests/tests/link.php" line="14" assertions="1" time="0.014524"/>
    </testsuite>
    <testsuite name="Tests_Mail" file="/var/www/wordpress-unit-tests/tests/mail.php" fullPackage="Tests" tests="0" assertions="0" failures="0" errors="0" time="0.000000"/>
    <testsuite name="Tests_Media" file="/var/www/wordpress-unit-tests/tests/media.php" fullPackage="Tests" tests="11" assertions="33" failures="0" errors="0" time="0.034761">
      <testcase name="test_img_caption_shortcode_added" class="Tests_Media" file="/var/www/wordpress-unit-tests/tests/media.php" line="20" assertions="2" time="0.001571"/>
      <testcase name="test_img_caption_shortcode_with_empty_params" class="Tests_Media" file="/var/www/wordpress-unit-tests/tests/media.php" line="26" assertions="1" time="0.001520"/>
      <testcase name="test_img_caption_shortcode_with_bad_attr" class="Tests_Media" file="/var/www/wordpress-unit-tests/tests/media.php" line="31" assertions="1" time="0.001539"/>
      <testcase name="test_img_caption_shortcode_with_old_format" class="Tests_Media" file="/var/www/wordpress-unit-tests/tests/media.php" line="36" assertions="4" time="0.001960"/>
      <testcase name="test_img_caption_shortcode_with_old_format_id_and_align" class="Tests_Media" file="/var/www/wordpress-unit-tests/tests/media.php" line="46" assertions="3" time="0.002055"/>
      <testcase name="test_new_img_caption_shortcode_with_html_caption" class="Tests_Media" file="/var/www/wordpress-unit-tests/tests/media.php" line="60" assertions="1" time="0.001664"/>
      <testcase name="test_new_img_caption_shortcode_new_format" class="Tests_Media" file="/var/www/wordpress-unit-tests/tests/media.php" line="69" assertions="2" time="0.001740"/>
      <testcase name="test_new_img_caption_shortcode_new_format_and_linked_image" class="Tests_Media" file="/var/www/wordpress-unit-tests/tests/media.php" line="81" assertions="2" time="0.001753"/>
      <testcase name="test_new_img_caption_shortcode_new_format_and_linked_image_with_newline" class="Tests_Media" file="/var/www/wordpress-unit-tests/tests/media.php" line="94" assertions="2" time="0.001678"/>
      <testcase name="test_add_remove_oembed_provider" class="Tests_Media" file="/var/www/wordpress-unit-tests/tests/media.php" line="107" assertions="2" time="0.002071"/>
      <testcase name="test_wp_prepare_attachment_for_js" class="Tests_Media" file="/var/www/wordpress-unit-tests/tests/media.php" line="113" assertions="13" time="0.017210"/>
    </testsuite>
    <testsuite name="Tests_Meta" file="/var/www/wordpress-unit-tests/tests/meta.php" fullPackage="Tests" tests="6" assertions="49" failures="0" errors="0" time="0.293299">
      <testcase name="test_sanitize_meta" class="Tests_Meta" file="/var/www/wordpress-unit-tests/tests/meta.php" line="18" assertions="2" time="0.043890"/>
      <testcase name="test_delete_metadata_by_mid" class="Tests_Meta" file="/var/www/wordpress-unit-tests/tests/meta.php" line="27" assertions="5" time="0.043995"/>
      <testcase name="test_update_metadata_by_mid" class="Tests_Meta" file="/var/www/wordpress-unit-tests/tests/meta.php" line="42" assertions="13" time="0.051473"/>
      <testcase name="test_metadata_exists" class="Tests_Meta" file="/var/www/wordpress-unit-tests/tests/meta.php" line="79" assertions="4" time="0.044704"/>
      <testcase name="test_user_metadata_not_exists" class="Tests_Meta" file="/var/www/wordpress-unit-tests/tests/meta.php" line="89" assertions="5" time="0.050487"/>
      <testcase name="test_metadata_slashes" class="Tests_Meta" file="/var/www/wordpress-unit-tests/tests/meta.php" line="124" assertions="20" time="0.058750"/>
    </testsuite>
    <testsuite name="Tests_Meta_Slashes" file="/var/www/wordpress-unit-tests/tests/meta/slashes.php" fullPackage="Tests.Meta" tests="0" assertions="0" failures="0" errors="0" time="0.000000"/>
    <testsuite name="Tests_Option_Option" file="/var/www/wordpress-unit-tests/tests/option/option.php" fullPackage="Tests.Option" tests="3" assertions="28" failures="0" errors="0" time="0.023015">
      <testcase name="test_the_basics" class="Tests_Option_Option" file="/var/www/wordpress-unit-tests/tests/option/option.php" line="12" assertions="16" time="0.010573"/>
      <testcase name="test_default_filter" class="Tests_Option_Option" file="/var/www/wordpress-unit-tests/tests/option/option.php" line="37" assertions="7" time="0.006166"/>
      <testcase name="test_serialized_data" class="Tests_Option_Option" file="/var/www/wordpress-unit-tests/tests/option/option.php" line="62" assertions="5" time="0.006276"/>
    </testsuite>
    <testsuite name="Tests_Option_SiteOption" file="/var/www/wordpress-unit-tests/tests/option/siteOption.php" fullPackage="Tests.Option" tests="5" assertions="32" failures="0" errors="0" time="0.035622">
      <testcase name="test_the_basics" class="Tests_Option_SiteOption" file="/var/www/wordpress-unit-tests/tests/option/siteOption.php" line="11" assertions="16" time="0.011388"/>
      <testcase name="test_default_filter" class="Tests_Option_SiteOption" file="/var/www/wordpress-unit-tests/tests/option/siteOption.php" line="36" assertions="7" time="0.006584"/>
      <testcase name="test_serialized_data" class="Tests_Option_SiteOption" file="/var/www/wordpress-unit-tests/tests/option/siteOption.php" line="61" assertions="5" time="0.007618"/>
      <testcase name="test_update_adds_falsey_value" class="Tests_Option_SiteOption" file="/var/www/wordpress-unit-tests/tests/option/siteOption.php" line="75" assertions="2" time="0.006716"/>
      <testcase name="test_get_doesnt_cache_default_value" class="Tests_Option_SiteOption" file="/var/www/wordpress-unit-tests/tests/option/siteOption.php" line="86" assertions="2" time="0.003316"/>
    </testsuite>
    <testsuite name="Tests_Option_SiteTransient" file="/var/www/wordpress-unit-tests/tests/option/siteTransient.php" fullPackage="Tests.Option" tests="2" assertions="14" failures="0" errors="0" time="0.049515">
      <testcase name="test_the_basics" class="Tests_Option_SiteTransient" file="/var/www/wordpress-unit-tests/tests/option/siteTransient.php" line="8" assertions="9" time="0.010331"/>
      <testcase name="test_serialized_data" class="Tests_Option_SiteTransient" file="/var/www/wordpress-unit-tests/tests/option/siteTransient.php" line="24" assertions="5" time="0.039184"/>
    </testsuite>
    <testsuite name="Tests_Option_Slashes" file="/var/www/wordpress-unit-tests/tests/option/slashes.php" fullPackage="Tests.Option" tests="0" assertions="0" failures="0" errors="0" time="0.000000"/>
    <testsuite name="Tests_Option_Transient" file="/var/www/wordpress-unit-tests/tests/option/transient.php" fullPackage="Tests.Option" tests="2" assertions="14" failures="0" errors="0" time="0.017499">
      <testcase name="test_the_basics" class="Tests_Option_Transient" file="/var/www/wordpress-unit-tests/tests/option/transient.php" line="8" assertions="9" time="0.009844"/>
      <testcase name="test_serialized_data" class="Tests_Option_Transient" file="/var/www/wordpress-unit-tests/tests/option/transient.php" line="24" assertions="5" time="0.007655"/>
    </testsuite>
    <testsuite name="WP_Test_MO" file="/var/www/wordpress-unit-tests/tests/pomo/test_mo.php" fullPackage="WP.Test" tests="9" assertions="36" failures="0" errors="0" time="0.032029">
      <testcase name="test_mo_simple" class="WP_Test_MO" file="/var/www/wordpress-unit-tests/tests/pomo/test_mo.php" line="5" assertions="4" time="0.002799"/>
      <testcase name="test_mo_plural" class="WP_Test_MO" file="/var/www/wordpress-unit-tests/tests/pomo/test_mo.php" line="14" assertions="14" time="0.004845"/>
      <testcase name="test_mo_context" class="WP_Test_MO" file="/var/www/wordpress-unit-tests/tests/pomo/test_mo.php" line="41" assertions="5" time="0.005175"/>
      <testcase name="test_translations_merge" class="WP_Test_MO" file="/var/www/wordpress-unit-tests/tests/pomo/test_mo.php" line="55" assertions="2" time="0.001748"/>
      <testcase name="test_export_mo_file" class="WP_Test_MO" file="/var/www/wordpress-unit-tests/tests/pomo/test_mo.php" line="67" assertions="6" time="0.010149"/>
      <testcase name="test_export_should_not_include_empty_translations" class="WP_Test_MO" file="/var/www/wordpress-unit-tests/tests/pomo/test_mo.php" line="100" assertions="1" time="0.001996"/>
      <testcase name="test_nplurals_with_backslashn" class="WP_Test_MO" file="/var/www/wordpress-unit-tests/tests/pomo/test_mo.php" line="114" assertions="3" time="0.002408"/>
      <testcase name="test_overloaded_mb_functions" class="WP_Test_MO" file="/var/www/wordpress-unit-tests/tests/pomo/test_mo.php" line="129" assertions="0" time="0.001361"/>
      <testcase name="test_load_pot_file" class="WP_Test_MO" file="/var/www/wordpress-unit-tests/tests/pomo/test_mo.php" line="139" assertions="1" time="0.001548"/>
    </testsuite>
    <testsuite name="WP_Test_NOOP_Translations" file="/var/www/wordpress-unit-tests/tests/pomo/test_noop_translations.php" fullPackage="WP.Test.NOOP" tests="6" assertions="8" failures="0" errors="0" time="0.009519">
      <testcase name="test_get_header" class="WP_Test_NOOP_Translations" file="/var/www/wordpress-unit-tests/tests/pomo/test_noop_translations.php" line="11" assertions="1" time="0.001563"/>
      <testcase name="test_add_entry" class="WP_Test_NOOP_Translations" file="/var/www/wordpress-unit-tests/tests/pomo/test_noop_translations.php" line="15" assertions="1" time="0.001548"/>
      <testcase name="test_set_header" class="WP_Test_NOOP_Translations" file="/var/www/wordpress-unit-tests/tests/pomo/test_noop_translations.php" line="20" assertions="1" time="0.001547"/>
      <testcase name="test_translate_entry" class="WP_Test_NOOP_Translations" file="/var/www/wordpress-unit-tests/tests/pomo/test_noop_translations.php" line="25" assertions="1" time="0.001566"/>
      <testcase name="test_translate" class="WP_Test_NOOP_Translations" file="/var/www/wordpress-unit-tests/tests/pomo/test_noop_translations.php" line="30" assertions="1" time="0.001589"/>
      <testcase name="test_plural" class="WP_Test_NOOP_Translations" file="/var/www/wordpress-unit-tests/tests/pomo/test_noop_translations.php" line="35" assertions="3" time="0.001706"/>
    </testsuite>
    <testsuite name="WP_Test_PO" file="/var/www/wordpress-unit-tests/tests/pomo/test_po.php" fullPackage="WP.Test" tests="11" assertions="43" failures="0" errors="0" time="0.028512">
      <testcase name="test_prepend_each_line" class="WP_Test_PO" file="/var/www/wordpress-unit-tests/tests/pomo/test_po.php" line="39" assertions="3" time="0.001944"/>
      <testcase name="test_poify" class="WP_Test_PO" file="/var/www/wordpress-unit-tests/tests/pomo/test_po.php" line="45" assertions="7" time="0.001266"/>
      <testcase name="test_unpoify" class="WP_Test_PO" file="/var/www/wordpress-unit-tests/tests/pomo/test_po.php" line="63" assertions="6" time="0.001837"/>
      <testcase name="test_export_entry" class="WP_Test_PO" file="/var/www/wordpress-unit-tests/tests/pomo/test_po.php" line="73" assertions="10" time="0.003071"/>
      <testcase name="test_export_entries" class="WP_Test_PO" file="/var/www/wordpress-unit-tests/tests/pomo/test_po.php" line="128" assertions="1" time="0.000660"/>
      <testcase name="test_export_headers" class="WP_Test_PO" file="/var/www/wordpress-unit-tests/tests/pomo/test_po.php" line="137" assertions="1" time="0.000527"/>
      <testcase name="test_export" class="WP_Test_PO" file="/var/www/wordpress-unit-tests/tests/pomo/test_po.php" line="144" assertions="2" time="0.000945"/>
      <testcase name="test_export_to_file" class="WP_Test_PO" file="/var/www/wordpress-unit-tests/tests/pomo/test_po.php" line="157" assertions="2" time="0.001533"/>
      <testcase name="test_import_from_file" class="WP_Test_PO" file="/var/www/wordpress-unit-tests/tests/pomo/test_po.php" line="175" assertions="8" time="0.014737"/>
      <testcase name="test_import_from_entry_file_should_give_false" class="WP_Test_PO" file="/var/www/wordpress-unit-tests/tests/pomo/test_po.php" line="205" assertions="1" time="0.000525"/>
      <testcase name="test_import_from_file_with_windows_line_endings_should_work_as_with_unix_line_endings" class="WP_Test_PO" file="/var/www/wordpress-unit-tests/tests/pomo/test_po.php" line="210" assertions="2" time="0.001467"/>
    </testsuite>
    <testsuite name="WP_Test_Translation_Entry" file="/var/www/wordpress-unit-tests/tests/pomo/test_translation_entry.php" fullPackage="WP.Test.Translation" tests="2" assertions="13" failures="0" errors="0" time="0.004745">
      <testcase name="test_create_entry" class="WP_Test_Translation_Entry" file="/var/www/wordpress-unit-tests/tests/pomo/test_translation_entry.php" line="5" assertions="9" time="0.002100"/>
      <testcase name="test_key" class="WP_Test_Translation_Entry" file="/var/www/wordpress-unit-tests/tests/pomo/test_translation_entry.php" line="27" assertions="4" time="0.002645"/>
    </testsuite>
    <testsuite name="WP_Test_Translations" file="/var/www/wordpress-unit-tests/tests/pomo/test_translations.php" fullPackage="WP.Test" tests="4" assertions="22" failures="0" errors="0" time="0.009585">
      <testcase name="test_add_entry" class="WP_Test_Translations" file="/var/www/wordpress-unit-tests/tests/pomo/test_translations.php" line="4" assertions="6" time="0.003211"/>
      <testcase name="test_translate" class="WP_Test_Translations" file="/var/www/wordpress-unit-tests/tests/pomo/test_translations.php" line="29" assertions="4" time="0.001920"/>
      <testcase name="test_translate_plural" class="WP_Test_Translations" file="/var/www/wordpress-unit-tests/tests/pomo/test_translations.php" line="41" assertions="10" time="0.002678"/>
      <testcase name="test_digit_and_merge" class="WP_Test_Translations" file="/var/www/wordpress-unit-tests/tests/pomo/test_translations.php" line="63" assertions="2" time="0.001776"/>
    </testsuite>
    <testsuite name="Tests_Post" file="/var/www/wordpress-unit-tests/tests/post.php" fullPackage="Tests" tests="13" assertions="124" failures="0" errors="0" time="1.209187">
      <testcase name="test_vb_insert_get_delete" class="Tests_Post" file="/var/www/wordpress-unit-tests/tests/post.php" line="29" assertions="29" time="0.160463"/>
      <testcase name="test_vb_insert_future" class="Tests_Post" file="/var/www/wordpress-unit-tests/tests/post.php" line="84" assertions="8" time="0.059173"/>
      <testcase name="test_vb_insert_future_over_dst" class="Tests_Post" file="/var/www/wordpress-unit-tests/tests/post.php" line="116" assertions="6" time="0.081968"/>
      <testcase name="test_vb_insert_future_edit_bug" class="Tests_Post" file="/var/www/wordpress-unit-tests/tests/post.php" line="159" assertions="6" time="0.081648"/>
      <testcase name="test_vb_insert_future_draft" class="Tests_Post" file="/var/www/wordpress-unit-tests/tests/post.php" line="201" assertions="8" time="0.055934"/>
      <testcase name="test_vb_insert_future_change_to_draft" class="Tests_Post" file="/var/www/wordpress-unit-tests/tests/post.php" line="234" assertions="6" time="0.079796"/>
      <testcase name="test_vb_insert_future_change_status" class="Tests_Post" file="/var/www/wordpress-unit-tests/tests/post.php" line="272" assertions="36" time="0.255439"/>
      <testcase name="test_vb_insert_future_private" class="Tests_Post" file="/var/www/wordpress-unit-tests/tests/post.php" line="314" assertions="8" time="0.057821"/>
      <testcase name="test_vb_insert_invalid_date" class="Tests_Post" file="/var/www/wordpress-unit-tests/tests/post.php" line="349" assertions="3" time="0.052491"/>
      <testcase name="test_vb_insert_future_change_to_private" class="Tests_Post" file="/var/www/wordpress-unit-tests/tests/post.php" line="369" assertions="6" time="0.091605"/>
      <testcase name="test_delete_future_post_cron" class="Tests_Post" file="/var/www/wordpress-unit-tests/tests/post.php" line="410" assertions="2" time="0.081265"/>
      <testcase name="test_get_page_by_path_priority" class="Tests_Post" file="/var/www/wordpress-unit-tests/tests/post.php" line="497" assertions="4" time="0.074160"/>
      <testcase name="test_wp_publish_post" class="Tests_Post" file="/var/www/wordpress-unit-tests/tests/post.php" line="512" assertions="2" time="0.077425"/>
    </testsuite>
    <testsuite name="Tests_Post_Attachments" file="/var/www/wordpress-unit-tests/tests/post/attachments.php" fullPackage="Tests.Post" tests="5" assertions="48" failures="0" errors="0" time="0.570209">
      <testcase name="test_insert_bogus_image" class="Tests_Post_Attachments" file="/var/www/wordpress-unit-tests/tests/post/attachments.php" line="47" assertions="1" time="0.014691"/>
      <testcase name="test_insert_image_no_thumb" class="Tests_Post_Attachments" file="/var/www/wordpress-unit-tests/tests/post/attachments.php" line="57" assertions="9" time="0.026762"/>
      <testcase name="test_insert_image_thumb_only" class="Tests_Post_Attachments" file="/var/www/wordpress-unit-tests/tests/post/attachments.php" line="85" assertions="14" time="0.051082"/>
      <testcase name="test_insert_image_medium" class="Tests_Post_Attachments" file="/var/www/wordpress-unit-tests/tests/post/attachments.php" line="131" assertions="15" time="0.256036"/>
      <testcase name="test_insert_image_delete" class="Tests_Post_Attachments" file="/var/www/wordpress-unit-tests/tests/post/attachments.php" line="177" assertions="9" time="0.221638"/>
    </testsuite>
    <testsuite name="Tests_Post_Filtering" file="/var/www/wordpress-unit-tests/tests/post/filtering.php" fullPackage="Tests.Post" tests="5" assertions="5" failures="0" errors="0" time="0.089477">
      <testcase name="test_post_content_unknown_tag" class="Tests_Post_Filtering" file="/var/www/wordpress-unit-tests/tests/post/filtering.php" line="24" assertions="1" time="0.017638"/>
      <testcase name="test_post_content_unbalanced_tag" class="Tests_Post_Filtering" file="/var/www/wordpress-unit-tests/tests/post/filtering.php" line="41" assertions="1" time="0.019315"/>
      <testcase name="test_post_content_disallowed_attr" class="Tests_Post_Filtering" file="/var/www/wordpress-unit-tests/tests/post/filtering.php" line="58" assertions="1" time="0.017123"/>
      <testcase name="test_post_content_xhtml_empty_elem" class="Tests_Post_Filtering" file="/var/www/wordpress-unit-tests/tests/post/filtering.php" line="78" assertions="1" time="0.017433"/>
      <testcase name="test_post_content_nobalance_nextpage_more" class="Tests_Post_Filtering" file="/var/www/wordpress-unit-tests/tests/post/filtering.php" line="194" assertions="1" time="0.017968"/>
    </testsuite>
    <testsuite name="Tests_Post_Formats" file="/var/www/wordpress-unit-tests/tests/post/formats.php" fullPackage="Tests.Post" tests="3" assertions="35" failures="0" errors="0" time="0.080280">
      <testcase name="test_set_get_post_format_for_post" class="Tests_Post_Formats" file="/var/www/wordpress-unit-tests/tests/post/formats.php" line="11" assertions="11" time="0.027785"/>
      <testcase name="test_set_get_post_format_for_page" class="Tests_Post_Formats" file="/var/www/wordpress-unit-tests/tests/post/formats.php" line="39" assertions="12" time="0.023092"/>
      <testcase name="test_has_format" class="Tests_Post_Formats" file="/var/www/wordpress-unit-tests/tests/post/formats.php" line="71" assertions="12" time="0.029403"/>
    </testsuite>
    <testsuite name="Tests_Post_Gallery" file="/var/www/wordpress-unit-tests/tests/post/gallery.php" fullPackage="Tests.Post" tests="0" assertions="0" failures="0" errors="0" time="0.000000"/>
    <testsuite name="Tests_Post_Meta" file="/var/www/wordpress-unit-tests/tests/post/meta.php" fullPackage="Tests.Post" tests="9" assertions="73" failures="0" errors="0" time="0.668396">
      <testcase name="test_unique_postmeta" class="Tests_Post_Meta" file="/var/www/wordpress-unit-tests/tests/post/meta.php" line="41" assertions="8" time="0.073151"/>
      <testcase name="test_nonunique_postmeta" class="Tests_Post_Meta" file="/var/www/wordpress-unit-tests/tests/post/meta.php" line="64" assertions="12" time="0.075223"/>
      <testcase name="test_update_post_meta" class="Tests_Post_Meta" file="/var/www/wordpress-unit-tests/tests/post/meta.php" line="101" assertions="14" time="0.077054"/>
      <testcase name="test_delete_post_meta" class="Tests_Post_Meta" file="/var/www/wordpress-unit-tests/tests/post/meta.php" line="128" assertions="6" time="0.072159"/>
      <testcase name="test_delete_post_meta_by_key" class="Tests_Post_Meta" file="/var/www/wordpress-unit-tests/tests/post/meta.php" line="146" assertions="7" time="0.073677"/>
      <testcase name="test_get_post_meta_by_id" class="Tests_Post_Meta" file="/var/www/wordpress-unit-tests/tests/post/meta.php" line="163" assertions="4" time="0.075027"/>
      <testcase name="test_delete_meta" class="Tests_Post_Meta" file="/var/www/wordpress-unit-tests/tests/post/meta.php" line="183" assertions="4" time="0.071150"/>
      <testcase name="test_update_meta" class="Tests_Post_Meta" file="/var/www/wordpress-unit-tests/tests/post/meta.php" line="193" assertions="16" time="0.077830"/>
      <testcase name="test_funky_post_meta" class="Tests_Post_Meta" file="/var/www/wordpress-unit-tests/tests/post/meta.php" line="228" assertions="2" time="0.073126"/>
    </testsuite>
    <testsuite name="Tests_Post_Objects" file="/var/www/wordpress-unit-tests/tests/post/objects.php" fullPackage="Tests.Post" tests="9" assertions="74" failures="0" errors="0" time="0.288013">
      <testcase name="test_get_post" class="Tests_Post_Objects" file="/var/www/wordpress-unit-tests/tests/post/objects.php" line="8" assertions="26" time="0.021721"/>
      <testcase name="test_get_post_ancestors" class="Tests_Post_Objects" file="/var/www/wordpress-unit-tests/tests/post/objects.php" line="69" assertions="11" time="0.084676"/>
      <testcase name="test_get_post_category_property" class="Tests_Post_Objects" file="/var/www/wordpress-unit-tests/tests/post/objects.php" line="91" assertions="7" time="0.038025"/>
      <testcase name="test_get_tags_input_property" class="Tests_Post_Objects" file="/var/www/wordpress-unit-tests/tests/post/objects.php" line="110" assertions="8" time="0.038741"/>
      <testcase name="test_get_page_template_property" class="Tests_Post_Objects" file="/var/www/wordpress-unit-tests/tests/post/objects.php" line="127" assertions="6" time="0.033964"/>
      <testcase name="test_get_post_filter" class="Tests_Post_Objects" file="/var/www/wordpress-unit-tests/tests/post/objects.php" line="147" assertions="8" time="0.021009"/>
      <testcase name="test_get_post_identity" class="Tests_Post_Objects" file="/var/www/wordpress-unit-tests/tests/post/objects.php" line="170" assertions="2" time="0.016041"/>
      <testcase name="test_get_post_array" class="Tests_Post_Objects" file="/var/www/wordpress-unit-tests/tests/post/objects.php" line="179" assertions="3" time="0.016856"/>
      <testcase name="test_get_post_cache" class="Tests_Post_Objects" file="/var/www/wordpress-unit-tests/tests/post/objects.php" line="192" assertions="3" time="0.016980"/>
    </testsuite>
    <testsuite name="Tests_Post_Output" file="/var/www/wordpress-unit-tests/tests/post/output.php" fullPackage="Tests.Post" tests="5" assertions="20" failures="0" errors="0" time="0.152993">
      <testcase name="test_the_content" class="Tests_Post_Output" file="/var/www/wordpress-unit-tests/tests/post/output.php" line="37" assertions="4" time="0.030404"/>
      <testcase name="test_the_content_shortcode" class="Tests_Post_Output" file="/var/www/wordpress-unit-tests/tests/post/output.php" line="60" assertions="4" time="0.029583"/>
      <testcase name="test_the_content_shortcode_paragraph" class="Tests_Post_Output" file="/var/www/wordpress-unit-tests/tests/post/output.php" line="88" assertions="4" time="0.030451"/>
      <testcase name="test_the_content_attribute_filtering" class="Tests_Post_Output" file="/var/www/wordpress-unit-tests/tests/post/output.php" line="126" assertions="4" time="0.032100"/>
      <testcase name="test_the_content_attribute_value_with_colon" class="Tests_Post_Output" file="/var/www/wordpress-unit-tests/tests/post/output.php" line="150" assertions="4" time="0.030455"/>
    </testsuite>
    <testsuite name="Tests_Post_Query" file="/var/www/wordpress-unit-tests/tests/post/query.php" fullPackage="Tests.Post" tests="10" assertions="139" failures="0" errors="0" time="0.940684">
      <testcase name="test_meta_key_or_query" class="Tests_Post_Query" file="/var/www/wordpress-unit-tests/tests/post/query.php" line="11" assertions="11" time="0.090372"/>
      <testcase name="test_meta_key_and_query" class="Tests_Post_Query" file="/var/www/wordpress-unit-tests/tests/post/query.php" line="56" assertions="13" time="0.112203"/>
      <testcase name="test_meta_key_not_exists" class="Tests_Post_Query" file="/var/www/wordpress-unit-tests/tests/post/query.php" line="133" assertions="11" time="0.084674"/>
      <testcase name="test_taxonomy_empty_or" class="Tests_Post_Query" file="/var/www/wordpress-unit-tests/tests/post/query.php" line="205" assertions="1" time="0.130793"/>
      <testcase name="test_meta_between_not_between" class="Tests_Post_Query" file="/var/www/wordpress-unit-tests/tests/post/query.php" line="233" assertions="16" time="0.076441"/>
      <testcase name="test_meta_default_compare" class="Tests_Post_Query" file="/var/www/wordpress-unit-tests/tests/post/query.php" line="281" assertions="10" time="0.073329"/>
      <testcase name="test_duplicate_posts_when_no_key" class="Tests_Post_Query" file="/var/www/wordpress-unit-tests/tests/post/query.php" line="321" assertions="7" time="0.046510"/>
      <testcase name="test_empty_meta_value" class="Tests_Post_Query" file="/var/www/wordpress-unit-tests/tests/post/query.php" line="352" assertions="44" time="0.102014"/>
      <testcase name="test_taxonomy_include_children" class="Tests_Post_Query" file="/var/www/wordpress-unit-tests/tests/post/query.php" line="413" assertions="6" time="0.085762"/>
      <testcase name="test_the_posts_filter" class="Tests_Post_Query" file="/var/www/wordpress-unit-tests/tests/post/query.php" line="503" assertions="20" time="0.138586"/>
    </testsuite>
    <testsuite name="Tests_Post_Slashes" file="/var/www/wordpress-unit-tests/tests/post/slashes.php" fullPackage="Tests.Post" tests="0" assertions="0" failures="0" errors="0" time="0.000000"/>
    <testsuite name="Tests_Post_Types" file="/var/www/wordpress-unit-tests/tests/post/types.php" fullPackage="Tests.Post" tests="5" assertions="22" failures="0" errors="0" time="0.016297">
      <testcase name="test_register_post_type" class="Tests_Post_Types" file="/var/www/wordpress-unit-tests/tests/post/types.php" line="7" assertions="5" time="0.003921"/>
      <testcase name="test_register_taxonomy_for_object_type" class="Tests_Post_Types" file="/var/www/wordpress-unit-tests/tests/post/types.php" line="22" assertions="6" time="0.004351"/>
      <testcase name="test_post_type_exists" class="Tests_Post_Types" file="/var/www/wordpress-unit-tests/tests/post/types.php" line="44" assertions="2" time="0.001438"/>
      <testcase name="test_post_type_supports" class="Tests_Post_Types" file="/var/www/wordpress-unit-tests/tests/post/types.php" line="49" assertions="5" time="0.001493"/>
      <testcase name="test_post_type_with_no_support" class="Tests_Post_Types" file="/var/www/wordpress-unit-tests/tests/post/types.php" line="60" assertions="4" time="0.005094"/>
    </testsuite>
    <testsuite name="Tests_Query" file="/var/www/wordpress-unit-tests/tests/query.php" fullPackage="Tests" tests="47" assertions="164" failures="0" errors="0" time="3.967511">
      <testcase name="test_home" class="Tests_Query" file="/var/www/wordpress-unit-tests/tests/query.php" line="79" assertions="1" time="0.025545"/>
      <testcase name="test_404" class="Tests_Query" file="/var/www/wordpress-unit-tests/tests/query.php" line="84" assertions="1" time="0.026982"/>
      <testcase name="test_permalink" class="Tests_Query" file="/var/www/wordpress-unit-tests/tests/query.php" line="89" assertions="1" time="0.040434"/>
      <testcase name="test_post_comments_feed" class="Tests_Query" file="/var/www/wordpress-unit-tests/tests/query.php" line="95" assertions="1" time="0.047640"/>
      <testcase name="test_post_comments_feed_with_no_comments" class="Tests_Query" file="/var/www/wordpress-unit-tests/tests/query.php" line="103" assertions="1" time="0.041533"/>
      <testcase name="test_page" class="Tests_Query" file="/var/www/wordpress-unit-tests/tests/query.php" line="109" assertions="1" time="0.035961"/>
      <testcase name="test_parent_page" class="Tests_Query" file="/var/www/wordpress-unit-tests/tests/query.php" line="115" assertions="1" time="0.036277"/>
      <testcase name="test_child_page_1" class="Tests_Query" file="/var/www/wordpress-unit-tests/tests/query.php" line="122" assertions="1" time="0.044539"/>
      <testcase name="test_child_page_2" class="Tests_Query" file="/var/www/wordpress-unit-tests/tests/query.php" line="130" assertions="1" time="0.052487"/>
      <testcase name="test_page_trackback" class="Tests_Query" file="/var/www/wordpress-unit-tests/tests/query.php" line="140" assertions="6" time="0.071137"/>
      <testcase name="test_page_feed" class="Tests_Query" file="/var/www/wordpress-unit-tests/tests/query.php" line="159" assertions="6" time="0.091105"/>
      <testcase name="test_page_feed_with_no_comments" class="Tests_Query" file="/var/www/wordpress-unit-tests/tests/query.php" line="178" assertions="6" time="0.073056"/>
      <testcase name="test_page_feed_atom" class="Tests_Query" file="/var/www/wordpress-unit-tests/tests/query.php" line="197" assertions="6" time="0.092305"/>
      <testcase name="test_page_page_2" class="Tests_Query" file="/var/www/wordpress-unit-tests/tests/query.php" line="218" assertions="2" time="0.035663"/>
      <testcase name="test_page_page_2_no_slash" class="Tests_Query" file="/var/www/wordpress-unit-tests/tests/query.php" line="231" assertions="2" time="0.035735"/>
      <testcase name="test_pagination_of_posts_page" class="Tests_Query" file="/var/www/wordpress-unit-tests/tests/query.php" line="245" assertions="2" time="0.035841"/>
      <testcase name="test_main_feed_2" class="Tests_Query" file="/var/www/wordpress-unit-tests/tests/query.php" line="267" assertions="10" time="0.114373"/>
      <testcase name="test_main_feed" class="Tests_Query" file="/var/www/wordpress-unit-tests/tests/query.php" line="285" assertions="3" time="0.058343"/>
      <testcase name="test_paged" class="Tests_Query" file="/var/www/wordpress-unit-tests/tests/query.php" line="295" assertions="2" time="0.229767"/>
      <testcase name="test_main_comments_feed" class="Tests_Query" file="/var/www/wordpress-unit-tests/tests/query.php" line="305" assertions="11" time="0.134200"/>
      <testcase name="test_search_feed" class="Tests_Query" file="/var/www/wordpress-unit-tests/tests/query.php" line="331" assertions="10" time="0.078825"/>
      <testcase name="test_search_paged" class="Tests_Query" file="/var/www/wordpress-unit-tests/tests/query.php" line="348" assertions="1" time="0.172630"/>
      <testcase name="test_search" class="Tests_Query" file="/var/www/wordpress-unit-tests/tests/query.php" line="355" assertions="1" time="0.027543"/>
      <testcase name="test_search_encoded_chars" class="Tests_Query" file="/var/www/wordpress-unit-tests/tests/query.php" line="363" assertions="1" time="0.027770"/>
      <testcase name="test_category_feed" class="Tests_Query" file="/var/www/wordpress-unit-tests/tests/query.php" line="370" assertions="10" time="0.103472"/>
      <testcase name="test_category_paged" class="Tests_Query" file="/var/www/wordpress-unit-tests/tests/query.php" line="388" assertions="1" time="0.160013"/>
      <testcase name="test_category" class="Tests_Query" file="/var/www/wordpress-unit-tests/tests/query.php" line="395" assertions="1" time="0.032766"/>
      <testcase name="test_tag_feed" class="Tests_Query" file="/var/www/wordpress-unit-tests/tests/query.php" line="403" assertions="10" time="0.109537"/>
      <testcase name="test_tag_paged" class="Tests_Query" file="/var/www/wordpress-unit-tests/tests/query.php" line="421" assertions="1" time="0.201491"/>
      <testcase name="test_tag" class="Tests_Query" file="/var/www/wordpress-unit-tests/tests/query.php" line="430" assertions="1" time="0.031670"/>
      <testcase name="test_author_feed" class="Tests_Query" file="/var/www/wordpress-unit-tests/tests/query.php" line="438" assertions="10" time="0.130417"/>
      <testcase name="test_author_paged" class="Tests_Query" file="/var/www/wordpress-unit-tests/tests/query.php" line="456" assertions="1" time="0.203693"/>
      <testcase name="test_author" class="Tests_Query" file="/var/www/wordpress-unit-tests/tests/query.php" line="464" assertions="1" time="0.081792"/>
      <testcase name="test_author_with_no_posts" class="Tests_Query" file="/var/www/wordpress-unit-tests/tests/query.php" line="471" assertions="1" time="0.066504"/>
      <testcase name="test_ymd_feed" class="Tests_Query" file="/var/www/wordpress-unit-tests/tests/query.php" line="479" assertions="10" time="0.115786"/>
      <testcase name="test_ymd_paged" class="Tests_Query" file="/var/www/wordpress-unit-tests/tests/query.php" line="497" assertions="1" time="0.159278"/>
      <testcase name="test_ymd" class="Tests_Query" file="/var/www/wordpress-unit-tests/tests/query.php" line="504" assertions="1" time="0.040001"/>
      <testcase name="test_ym_feed" class="Tests_Query" file="/var/www/wordpress-unit-tests/tests/query.php" line="512" assertions="10" time="0.129044"/>
      <testcase name="test_ym_paged" class="Tests_Query" file="/var/www/wordpress-unit-tests/tests/query.php" line="530" assertions="1" time="0.187930"/>
      <testcase name="test_ym" class="Tests_Query" file="/var/www/wordpress-unit-tests/tests/query.php" line="537" assertions="1" time="0.041549"/>
      <testcase name="test_y_feed" class="Tests_Query" file="/var/www/wordpress-unit-tests/tests/query.php" line="545" assertions="10" time="0.118696"/>
      <testcase name="test_y_paged" class="Tests_Query" file="/var/www/wordpress-unit-tests/tests/query.php" line="563" assertions="1" time="0.158639"/>
      <testcase name="test_y" class="Tests_Query" file="/var/www/wordpress-unit-tests/tests/query.php" line="570" assertions="1" time="0.040469"/>
      <testcase name="test_post_trackback" class="Tests_Query" file="/var/www/wordpress-unit-tests/tests/query.php" line="577" assertions="1" time="0.042009"/>
      <testcase name="test_post_comment_feed" class="Tests_Query" file="/var/www/wordpress-unit-tests/tests/query.php" line="586" assertions="10" time="0.108232"/>
      <testcase name="test_post_paged_short" class="Tests_Query" file="/var/www/wordpress-unit-tests/tests/query.php" line="605" assertions="1" time="0.041288"/>
      <testcase name="test_post_attachment" class="Tests_Query" file="/var/www/wordpress-unit-tests/tests/query.php" line="618" assertions="1" time="0.033544"/>
    </testsuite>
    <testsuite name="Tests_Query_Results" file="/var/www/wordpress-unit-tests/tests/query/results.php" fullPackage="Tests.Query" tests="15" assertions="56" failures="0" errors="0" time="6.303892">
      <testcase name="test_query_default" class="Tests_Query_Results" file="/var/www/wordpress-unit-tests/tests/query/results.php" line="50" assertions="1" time="0.410922"/>
      <testcase name="test_query_tag_a" class="Tests_Query_Results" file="/var/www/wordpress-unit-tests/tests/query/results.php" line="70" assertions="5" time="0.416934"/>
      <testcase name="test_query_tag_b" class="Tests_Query_Results" file="/var/www/wordpress-unit-tests/tests/query/results.php" line="81" assertions="5" time="0.427961"/>
      <testcase name="test_query_tag_nun" class="Tests_Query_Results" file="/var/www/wordpress-unit-tests/tests/query/results.php" line="95" assertions="2" time="0.412569"/>
      <testcase name="test_query_tag_id" class="Tests_Query_Results" file="/var/www/wordpress-unit-tests/tests/query/results.php" line="103" assertions="5" time="0.408589"/>
      <testcase name="test_query_tag_slug__in" class="Tests_Query_Results" file="/var/www/wordpress-unit-tests/tests/query/results.php" line="115" assertions="7" time="0.424742"/>
      <testcase name="test_query_tag__in" class="Tests_Query_Results" file="/var/www/wordpress-unit-tests/tests/query/results.php" line="129" assertions="7" time="0.410964"/>
      <testcase name="test_query_tag__not_in" class="Tests_Query_Results" file="/var/www/wordpress-unit-tests/tests/query/results.php" line="144" assertions="1" time="0.433459"/>
      <testcase name="test_query_tag__in_but__not_in" class="Tests_Query_Results" file="/var/www/wordpress-unit-tests/tests/query/results.php" line="166" assertions="3" time="0.430522"/>
      <testcase name="test_query_category_name" class="Tests_Query_Results" file="/var/www/wordpress-unit-tests/tests/query/results.php" line="179" assertions="5" time="0.420271"/>
      <testcase name="test_query_cat" class="Tests_Query_Results" file="/var/www/wordpress-unit-tests/tests/query/results.php" line="190" assertions="5" time="0.435142"/>
      <testcase name="test_query_posts_per_page" class="Tests_Query_Results" file="/var/www/wordpress-unit-tests/tests/query/results.php" line="202" assertions="2" time="0.418853"/>
      <testcase name="test_query_offset" class="Tests_Query_Results" file="/var/www/wordpress-unit-tests/tests/query/results.php" line="217" assertions="2" time="0.410433"/>
      <testcase name="test_query_paged" class="Tests_Query_Results" file="/var/www/wordpress-unit-tests/tests/query/results.php" line="237" assertions="3" time="0.424481"/>
      <testcase name="test_query_paged_and_posts_per_page" class="Tests_Query_Results" file="/var/www/wordpress-unit-tests/tests/query/results.php" line="258" assertions="3" time="0.418050"/>
    </testsuite>
    <testsuite name="Tests_Query_VerbosePageRules" file="/var/www/wordpress-unit-tests/tests/query/verboseRewriteRules.php" fullPackage="Tests.Query" tests="47" assertions="164" failures="0" errors="0" time="5.069748">
      <testcase name="test_home" class="Tests_Query_VerbosePageRules" file="/var/www/wordpress-unit-tests/tests/query/verboseRewriteRules.php" line="79" assertions="1" time="0.041380"/>
      <testcase name="test_404" class="Tests_Query_VerbosePageRules" file="/var/www/wordpress-unit-tests/tests/query/verboseRewriteRules.php" line="84" assertions="1" time="0.046472"/>
      <testcase name="test_permalink" class="Tests_Query_VerbosePageRules" file="/var/www/wordpress-unit-tests/tests/query/verboseRewriteRules.php" line="89" assertions="1" time="0.062510"/>
      <testcase name="test_post_comments_feed" class="Tests_Query_VerbosePageRules" file="/var/www/wordpress-unit-tests/tests/query/verboseRewriteRules.php" line="95" assertions="1" time="0.069381"/>
      <testcase name="test_post_comments_feed_with_no_comments" class="Tests_Query_VerbosePageRules" file="/var/www/wordpress-unit-tests/tests/query/verboseRewriteRules.php" line="103" assertions="1" time="0.064374"/>
      <testcase name="test_page" class="Tests_Query_VerbosePageRules" file="/var/www/wordpress-unit-tests/tests/query/verboseRewriteRules.php" line="109" assertions="1" time="0.053662"/>
      <testcase name="test_parent_page" class="Tests_Query_VerbosePageRules" file="/var/www/wordpress-unit-tests/tests/query/verboseRewriteRules.php" line="115" assertions="1" time="0.054004"/>
      <testcase name="test_child_page_1" class="Tests_Query_VerbosePageRules" file="/var/www/wordpress-unit-tests/tests/query/verboseRewriteRules.php" line="122" assertions="1" time="0.064991"/>
      <testcase name="test_child_page_2" class="Tests_Query_VerbosePageRules" file="/var/www/wordpress-unit-tests/tests/query/verboseRewriteRules.php" line="130" assertions="1" time="0.068953"/>
      <testcase name="test_page_trackback" class="Tests_Query_VerbosePageRules" file="/var/www/wordpress-unit-tests/tests/query/verboseRewriteRules.php" line="140" assertions="6" time="0.157229"/>
      <testcase name="test_page_feed" class="Tests_Query_VerbosePageRules" file="/var/www/wordpress-unit-tests/tests/query/verboseRewriteRules.php" line="159" assertions="6" time="0.115538"/>
      <testcase name="test_page_feed_with_no_comments" class="Tests_Query_VerbosePageRules" file="/var/www/wordpress-unit-tests/tests/query/verboseRewriteRules.php" line="178" assertions="6" time="0.094489"/>
      <testcase name="test_page_feed_atom" class="Tests_Query_VerbosePageRules" file="/var/www/wordpress-unit-tests/tests/query/verboseRewriteRules.php" line="197" assertions="6" time="0.155657"/>
      <testcase name="test_page_page_2" class="Tests_Query_VerbosePageRules" file="/var/www/wordpress-unit-tests/tests/query/verboseRewriteRules.php" line="218" assertions="2" time="0.058252"/>
      <testcase name="test_page_page_2_no_slash" class="Tests_Query_VerbosePageRules" file="/var/www/wordpress-unit-tests/tests/query/verboseRewriteRules.php" line="231" assertions="2" time="0.088118"/>
      <testcase name="test_pagination_of_posts_page" class="Tests_Query_VerbosePageRules" file="/var/www/wordpress-unit-tests/tests/query/verboseRewriteRules.php" line="245" assertions="2" time="0.054834"/>
      <testcase name="test_main_feed_2" class="Tests_Query_VerbosePageRules" file="/var/www/wordpress-unit-tests/tests/query/verboseRewriteRules.php" line="267" assertions="10" time="0.130991"/>
      <testcase name="test_main_feed" class="Tests_Query_VerbosePageRules" file="/var/www/wordpress-unit-tests/tests/query/verboseRewriteRules.php" line="285" assertions="3" time="0.076310"/>
      <testcase name="test_paged" class="Tests_Query_VerbosePageRules" file="/var/www/wordpress-unit-tests/tests/query/verboseRewriteRules.php" line="295" assertions="2" time="0.265495"/>
      <testcase name="test_main_comments_feed" class="Tests_Query_VerbosePageRules" file="/var/www/wordpress-unit-tests/tests/query/verboseRewriteRules.php" line="305" assertions="11" time="0.148270"/>
      <testcase name="test_search_feed" class="Tests_Query_VerbosePageRules" file="/var/www/wordpress-unit-tests/tests/query/verboseRewriteRules.php" line="331" assertions="10" time="0.097732"/>
      <testcase name="test_search_paged" class="Tests_Query_VerbosePageRules" file="/var/www/wordpress-unit-tests/tests/query/verboseRewriteRules.php" line="348" assertions="1" time="0.201224"/>
      <testcase name="test_search" class="Tests_Query_VerbosePageRules" file="/var/www/wordpress-unit-tests/tests/query/verboseRewriteRules.php" line="355" assertions="1" time="0.042461"/>
      <testcase name="test_search_encoded_chars" class="Tests_Query_VerbosePageRules" file="/var/www/wordpress-unit-tests/tests/query/verboseRewriteRules.php" line="363" assertions="1" time="0.043227"/>
      <testcase name="test_category_feed" class="Tests_Query_VerbosePageRules" file="/var/www/wordpress-unit-tests/tests/query/verboseRewriteRules.php" line="370" assertions="10" time="0.121959"/>
      <testcase name="test_category_paged" class="Tests_Query_VerbosePageRules" file="/var/www/wordpress-unit-tests/tests/query/verboseRewriteRules.php" line="388" assertions="1" time="0.197244"/>
      <testcase name="test_category" class="Tests_Query_VerbosePageRules" file="/var/www/wordpress-unit-tests/tests/query/verboseRewriteRules.php" line="395" assertions="1" time="0.054803"/>
      <testcase name="test_tag_feed" class="Tests_Query_VerbosePageRules" file="/var/www/wordpress-unit-tests/tests/query/verboseRewriteRules.php" line="403" assertions="10" time="0.135969"/>
      <testcase name="test_tag_paged" class="Tests_Query_VerbosePageRules" file="/var/www/wordpress-unit-tests/tests/query/verboseRewriteRules.php" line="421" assertions="1" time="0.222473"/>
      <testcase name="test_tag" class="Tests_Query_VerbosePageRules" file="/var/www/wordpress-unit-tests/tests/query/verboseRewriteRules.php" line="430" assertions="1" time="0.047694"/>
      <testcase name="test_author_feed" class="Tests_Query_VerbosePageRules" file="/var/www/wordpress-unit-tests/tests/query/verboseRewriteRules.php" line="438" assertions="10" time="0.147738"/>
      <testcase name="test_author_paged" class="Tests_Query_VerbosePageRules" file="/var/www/wordpress-unit-tests/tests/query/verboseRewriteRules.php" line="456" assertions="1" time="0.226810"/>
      <testcase name="test_author" class="Tests_Query_VerbosePageRules" file="/var/www/wordpress-unit-tests/tests/query/verboseRewriteRules.php" line="464" assertions="1" time="0.097873"/>
      <testcase name="test_author_with_no_posts" class="Tests_Query_VerbosePageRules" file="/var/www/wordpress-unit-tests/tests/query/verboseRewriteRules.php" line="471" assertions="1" time="0.080449"/>
      <testcase name="test_ymd_feed" class="Tests_Query_VerbosePageRules" file="/var/www/wordpress-unit-tests/tests/query/verboseRewriteRules.php" line="479" assertions="10" time="0.133349"/>
      <testcase name="test_ymd_paged" class="Tests_Query_VerbosePageRules" file="/var/www/wordpress-unit-tests/tests/query/verboseRewriteRules.php" line="497" assertions="1" time="0.188424"/>
      <testcase name="test_ymd" class="Tests_Query_VerbosePageRules" file="/var/www/wordpress-unit-tests/tests/query/verboseRewriteRules.php" line="504" assertions="1" time="0.057068"/>
      <testcase name="test_ym_feed" class="Tests_Query_VerbosePageRules" file="/var/www/wordpress-unit-tests/tests/query/verboseRewriteRules.php" line="512" assertions="10" time="0.132816"/>
      <testcase name="test_ym_paged" class="Tests_Query_VerbosePageRules" file="/var/www/wordpress-unit-tests/tests/query/verboseRewriteRules.php" line="530" assertions="1" time="0.187220"/>
      <testcase name="test_ym" class="Tests_Query_VerbosePageRules" file="/var/www/wordpress-unit-tests/tests/query/verboseRewriteRules.php" line="537" assertions="1" time="0.057205"/>
      <testcase name="test_y_feed" class="Tests_Query_VerbosePageRules" file="/var/www/wordpress-unit-tests/tests/query/verboseRewriteRules.php" line="545" assertions="10" time="0.134254"/>
      <testcase name="test_y_paged" class="Tests_Query_VerbosePageRules" file="/var/www/wordpress-unit-tests/tests/query/verboseRewriteRules.php" line="563" assertions="1" time="0.201437"/>
      <testcase name="test_y" class="Tests_Query_VerbosePageRules" file="/var/www/wordpress-unit-tests/tests/query/verboseRewriteRules.php" line="570" assertions="1" time="0.057253"/>
      <testcase name="test_post_trackback" class="Tests_Query_VerbosePageRules" file="/var/www/wordpress-unit-tests/tests/query/verboseRewriteRules.php" line="577" assertions="1" time="0.065436"/>
      <testcase name="test_post_comment_feed" class="Tests_Query_VerbosePageRules" file="/var/www/wordpress-unit-tests/tests/query/verboseRewriteRules.php" line="586" assertions="10" time="0.157376"/>
      <testcase name="test_post_paged_short" class="Tests_Query_VerbosePageRules" file="/var/www/wordpress-unit-tests/tests/query/verboseRewriteRules.php" line="605" assertions="1" time="0.060363"/>
      <testcase name="test_post_attachment" class="Tests_Query_VerbosePageRules" file="/var/www/wordpress-unit-tests/tests/query/verboseRewriteRules.php" line="618" assertions="1" time="0.048981"/>
    </testsuite>
    <testsuite name="Tests_Shortcode" file="/var/www/wordpress-unit-tests/tests/shortcode.php" fullPackage="Tests" tests="25" assertions="59" failures="0" errors="0" time="0.052826">
      <testcase name="test_noatts" class="Tests_Shortcode" file="/var/www/wordpress-unit-tests/tests/shortcode.php" line="73" assertions="2" time="0.002160"/>
      <testcase name="test_one_att" class="Tests_Shortcode" file="/var/www/wordpress-unit-tests/tests/shortcode.php" line="79" assertions="2" time="0.002087"/>
      <testcase name="test_not_a_tag" class="Tests_Shortcode" file="/var/www/wordpress-unit-tests/tests/shortcode.php" line="85" assertions="1" time="0.001731"/>
      <testcase name="test_tag_hyphen_not_tag" class="Tests_Shortcode" file="/var/www/wordpress-unit-tests/tests/shortcode.php" line="93" assertions="1" time="0.002210"/>
      <testcase name="test_tag_underscore_not_tag" class="Tests_Shortcode" file="/var/www/wordpress-unit-tests/tests/shortcode.php" line="98" assertions="1" time="0.001738"/>
      <testcase name="test_tag_not_tag" class="Tests_Shortcode" file="/var/www/wordpress-unit-tests/tests/shortcode.php" line="103" assertions="1" time="0.001692"/>
      <testcase name="test_tag_hyphen" class="Tests_Shortcode" file="/var/www/wordpress-unit-tests/tests/shortcode.php" line="111" assertions="5" time="0.002808"/>
      <testcase name="test_two_atts" class="Tests_Shortcode" file="/var/www/wordpress-unit-tests/tests/shortcode.php" line="119" assertions="2" time="0.002075"/>
      <testcase name="test_noatts_enclosing" class="Tests_Shortcode" file="/var/www/wordpress-unit-tests/tests/shortcode.php" line="125" assertions="3" time="0.001890"/>
      <testcase name="test_one_att_enclosing" class="Tests_Shortcode" file="/var/www/wordpress-unit-tests/tests/shortcode.php" line="132" assertions="3" time="0.002096"/>
      <testcase name="test_two_atts_enclosing" class="Tests_Shortcode" file="/var/www/wordpress-unit-tests/tests/shortcode.php" line="139" assertions="3" time="0.002165"/>
      <testcase name="test_unclosed" class="Tests_Shortcode" file="/var/www/wordpress-unit-tests/tests/shortcode.php" line="146" assertions="3" time="0.001806"/>
      <testcase name="test_positional_atts_num" class="Tests_Shortcode" file="/var/www/wordpress-unit-tests/tests/shortcode.php" line="153" assertions="3" time="0.001982"/>
      <testcase name="test_positional_atts_url" class="Tests_Shortcode" file="/var/www/wordpress-unit-tests/tests/shortcode.php" line="160" assertions="3" time="0.002040"/>
      <testcase name="test_positional_atts_quotes" class="Tests_Shortcode" file="/var/www/wordpress-unit-tests/tests/shortcode.php" line="167" assertions="3" time="0.002130"/>
      <testcase name="test_positional_atts_mixed" class="Tests_Shortcode" file="/var/www/wordpress-unit-tests/tests/shortcode.php" line="174" assertions="3" time="0.002620"/>
      <testcase name="test_positional_and_named_atts" class="Tests_Shortcode" file="/var/www/wordpress-unit-tests/tests/shortcode.php" line="181" assertions="3" time="0.002484"/>
      <testcase name="test_footag_default" class="Tests_Shortcode" file="/var/www/wordpress-unit-tests/tests/shortcode.php" line="188" assertions="1" time="0.001726"/>
      <testcase name="test_footag_val" class="Tests_Shortcode" file="/var/www/wordpress-unit-tests/tests/shortcode.php" line="193" assertions="1" time="0.001892"/>
      <testcase name="test_nested_tags" class="Tests_Shortcode" file="/var/www/wordpress-unit-tests/tests/shortcode.php" line="199" assertions="1" time="0.001823"/>
      <testcase name="test_tag_escaped" class="Tests_Shortcode" file="/var/www/wordpress-unit-tests/tests/shortcode.php" line="208" assertions="4" time="0.002551"/>
      <testcase name="test_tag_not_escaped" class="Tests_Shortcode" file="/var/www/wordpress-unit-tests/tests/shortcode.php" line="223" assertions="5" time="0.002601"/>
      <testcase name="test_mixed_tags" class="Tests_Shortcode" file="/var/www/wordpress-unit-tests/tests/shortcode.php" line="241" assertions="1" time="0.002268"/>
      <testcase name="test_shortcode_unautop" class="Tests_Shortcode" file="/var/www/wordpress-unit-tests/tests/shortcode.php" line="300" assertions="1" time="0.001854"/>
      <testcase name="test_strip_shortcodes" class="Tests_Shortcode" file="/var/www/wordpress-unit-tests/tests/shortcode.php" line="319" assertions="3" time="0.002398"/>
    </testsuite>
    <testsuite name="Tests_Taxonomy" file="/var/www/wordpress-unit-tests/tests/taxonomy.php" fullPackage="Tests" tests="12" assertions="39" failures="0" errors="0" time="0.026620">
      <testcase name="test_get_post_taxonomies" class="Tests_Taxonomy" file="/var/www/wordpress-unit-tests/tests/taxonomy.php" line="7" assertions="1" time="0.002004"/>
      <testcase name="test_get_link_taxonomies" class="Tests_Taxonomy" file="/var/www/wordpress-unit-tests/tests/taxonomy.php" line="11" assertions="1" time="0.001669"/>
      <testcase name="test_get_unknown_taxonomies" class="Tests_Taxonomy" file="/var/www/wordpress-unit-tests/tests/taxonomy.php" line="18" assertions="4" time="0.002446"/>
      <testcase name="test_get_post_taxonomy" class="Tests_Taxonomy" file="/var/www/wordpress-unit-tests/tests/taxonomy.php" line="26" assertions="9" time="0.002247"/>
      <testcase name="test_get_link_taxonomy" class="Tests_Taxonomy" file="/var/www/wordpress-unit-tests/tests/taxonomy.php" line="36" assertions="3" time="0.001765"/>
      <testcase name="test_taxonomy_exists_known" class="Tests_Taxonomy" file="/var/www/wordpress-unit-tests/tests/taxonomy.php" line="46" assertions="3" time="0.001518"/>
      <testcase name="test_taxonomy_exists_unknown" class="Tests_Taxonomy" file="/var/www/wordpress-unit-tests/tests/taxonomy.php" line="52" assertions="4" time="0.001704"/>
      <testcase name="test_is_taxonomy_hierarchical" class="Tests_Taxonomy" file="/var/www/wordpress-unit-tests/tests/taxonomy.php" line="59" assertions="3" time="0.001526"/>
      <testcase name="test_is_taxonomy_hierarchical_unknown" class="Tests_Taxonomy" file="/var/www/wordpress-unit-tests/tests/taxonomy.php" line="65" assertions="4" time="0.001707"/>
      <testcase name="test_register_taxonomy" class="Tests_Taxonomy" file="/var/www/wordpress-unit-tests/tests/taxonomy.php" line="72" assertions="3" time="0.004162"/>
      <testcase name="test_register_hierarchical_taxonomy" class="Tests_Taxonomy" file="/var/www/wordpress-unit-tests/tests/taxonomy.php" line="86" assertions="3" time="0.003905"/>
      <testcase name="test_register_long_taxonomy" class="Tests_Taxonomy" file="/var/www/wordpress-unit-tests/tests/taxonomy.php" line="103" assertions="1" time="0.001967"/>
    </testsuite>
    <testsuite name="Tests_Term" file="/var/www/wordpress-unit-tests/tests/term.php" fullPackage="Tests" tests="14" assertions="105" failures="0" errors="0" time="0.790141">
      <testcase name="test_wp_insert_delete_term" class="Tests_Term" file="/var/www/wordpress-unit-tests/tests/term.php" line="27" assertions="17" time="0.030022"/>
      <testcase name="test_term_exists_known" class="Tests_Term" file="/var/www/wordpress-unit-tests/tests/term.php" line="54" assertions="4" time="0.030757"/>
      <testcase name="test_term_exists_unknown" class="Tests_Term" file="/var/www/wordpress-unit-tests/tests/term.php" line="66" assertions="4" time="0.014879"/>
      <testcase name="test_is_term_type" class="Tests_Term" file="/var/www/wordpress-unit-tests/tests/term.php" line="76" assertions="3" time="0.025072"/>
      <testcase name="test_set_object_terms_by_id" class="Tests_Term" file="/var/www/wordpress-unit-tests/tests/term.php" line="88" assertions="14" time="0.137797"/>
      <testcase name="test_set_object_terms_by_name" class="Tests_Term" file="/var/www/wordpress-unit-tests/tests/term.php" line="118" assertions="11" time="0.149917"/>
      <testcase name="test_change_object_terms_by_name" class="Tests_Term" file="/var/www/wordpress-unit-tests/tests/term.php" line="150" assertions="5" time="0.057498"/>
      <testcase name="test_object_term_cache" class="Tests_Term" file="/var/www/wordpress-unit-tests/tests/term.php" line="182" assertions="6" time="0.058480"/>
      <testcase name="test_change_object_terms_by_id" class="Tests_Term" file="/var/www/wordpress-unit-tests/tests/term.php" line="208" assertions="8" time="0.069472"/>
      <testcase name="test_get_object_terms_by_slug" class="Tests_Term" file="/var/www/wordpress-unit-tests/tests/term.php" line="252" assertions="2" time="0.048707"/>
      <testcase name="test_set_object_terms_invalid" class="Tests_Term" file="/var/www/wordpress-unit-tests/tests/term.php" line="267" assertions="1" time="0.026804"/>
      <testcase name="test_term_is_ancestor_of" class="Tests_Term" file="/var/www/wordpress-unit-tests/tests/term.php" line="275" assertions="6" time="0.038921"/>
      <testcase name="test_wp_insert_delete_category" class="Tests_Term" file="/var/www/wordpress-unit-tests/tests/term.php" line="294" assertions="11" time="0.035537"/>
      <testcase name="test_wp_unique_term_slug" class="Tests_Term" file="/var/www/wordpress-unit-tests/tests/term.php" line="317" assertions="13" time="0.066278"/>
    </testsuite>
    <testsuite name="Tests_Term_Slashes" file="/var/www/wordpress-unit-tests/tests/term/slashes.php" fullPackage="Tests.Term" tests="0" assertions="0" failures="0" errors="0" time="0.000000"/>
    <testsuite name="Tests_Theme" file="/var/www/wordpress-unit-tests/tests/theme.php" fullPackage="Tests" tests="9" assertions="477" failures="1" errors="0" time="0.265451">
      <testcase name="test_wp_get_themes_default" class="Tests_Theme" file="/var/www/wordpress-unit-tests/tests/theme.php" line="27" assertions="4" time="0.015679"/>
      <testcase name="test_get_themes_default" class="Tests_Theme" file="/var/www/wordpress-unit-tests/tests/theme.php" line="37" assertions="5" time="0.011837"/>
      <testcase name="test_get_theme" class="Tests_Theme" file="/var/www/wordpress-unit-tests/tests/theme.php" line="47" assertions="9" time="0.012678"/>
      <testcase name="test_wp_get_theme" class="Tests_Theme" file="/var/www/wordpress-unit-tests/tests/theme.php" line="58" assertions="12" time="0.023848"/>
      <testcase name="test_get_themes_contents" class="Tests_Theme" file="/var/www/wordpress-unit-tests/tests/theme.php" line="70" assertions="198" time="0.029439">
        <failure type="PHPUnit_Framework_ExpectationFailedException">Tests_Theme::test_get_themes_contents
Failed asserting that false is true.

/var/www/wordpress-unit-tests/tests/theme.php:105
</failure>
      </testcase>
      <testcase name="test_wp_get_theme_contents" class="Tests_Theme" file="/var/www/wordpress-unit-tests/tests/theme.php" line="135" assertions="13" time="0.013549"/>
      <testcase name="test_extra_theme_headers" class="Tests_Theme" file="/var/www/wordpress-unit-tests/tests/theme.php" line="158" assertions="6" time="0.015385"/>
      <testcase name="test_switch_theme" class="Tests_Theme" file="/var/www/wordpress-unit-tests/tests/theme.php" line="174" assertions="225" time="0.128666"/>
      <testcase name="test_switch_theme_bogus" class="Tests_Theme" file="/var/www/wordpress-unit-tests/tests/theme.php" line="248" assertions="5" time="0.014370"/>
    </testsuite>
    <testsuite name="Tests_Theme_WPTheme" file="/var/www/wordpress-unit-tests/tests/theme/WPTheme.php" fullPackage="Tests.Theme" tests="4" assertions="37" failures="0" errors="0" time="0.068411">
      <testcase name="test_new_WP_Theme_top_level" class="Tests_Theme_WPTheme" file="/var/www/wordpress-unit-tests/tests/theme/WPTheme.php" line="35" assertions="11" time="0.020665"/>
      <testcase name="test_new_WP_Theme_subdir" class="Tests_Theme_WPTheme" file="/var/www/wordpress-unit-tests/tests/theme/WPTheme.php" line="54" assertions="11" time="0.016380"/>
      <testcase name="test_new_WP_Theme_subdir_bad_root" class="Tests_Theme_WPTheme" file="/var/www/wordpress-unit-tests/tests/theme/WPTheme.php" line="76" assertions="11" time="0.016079"/>
      <testcase name="test_wp_theme_uris_with_spaces" class="Tests_Theme_WPTheme" file="/var/www/wordpress-unit-tests/tests/theme/WPTheme.php" line="99" assertions="4" time="0.015287"/>
    </testsuite>
    <testsuite name="Tests_Theme_Support" file="/var/www/wordpress-unit-tests/tests/theme/support.php" fullPackage="Tests.Theme" tests="4" assertions="22" failures="0" errors="0" time="0.007282">
      <testcase name="test_the_basics" class="Tests_Theme_Support" file="/var/www/wordpress-unit-tests/tests/theme/support.php" line="8" assertions="3" time="0.001609"/>
      <testcase name="test_admin_bar" class="Tests_Theme_Support" file="/var/www/wordpress-unit-tests/tests/theme/support.php" line="17" assertions="7" time="0.002197"/>
      <testcase name="test_post_thumbnails" class="Tests_Theme_Support" file="/var/www/wordpress-unit-tests/tests/theme/support.php" line="37" assertions="7" time="0.001750"/>
      <testcase name="test_plugin_hook" class="Tests_Theme_Support" file="/var/www/wordpress-unit-tests/tests/theme/support.php" line="87" assertions="5" time="0.001726"/>
    </testsuite>
    <testsuite name="Tests_Theme_ThemeDir" file="/var/www/wordpress-unit-tests/tests/theme/themeDir.php" fullPackage="Tests.Theme" tests="9" assertions="74" failures="0" errors="0" time="0.200806">
      <testcase name="test_theme_default" class="Tests_Theme_ThemeDir" file="/var/www/wordpress-unit-tests/tests/theme/themeDir.php" line="41" assertions="16" time="0.023486"/>
      <testcase name="test_theme_sandbox" class="Tests_Theme_ThemeDir" file="/var/www/wordpress-unit-tests/tests/theme/themeDir.php" line="68" assertions="15" time="0.022033"/>
      <testcase name="test_theme_stylesheet_only" class="Tests_Theme_ThemeDir" file="/var/www/wordpress-unit-tests/tests/theme/themeDir.php" line="95" assertions="15" time="0.021618"/>
      <testcase name="test_theme_list" class="Tests_Theme_ThemeDir" file="/var/www/wordpress-unit-tests/tests/theme/themeDir.php" line="122" assertions="1" time="0.020388"/>
      <testcase name="test_broken_themes" class="Tests_Theme_ThemeDir" file="/var/www/wordpress-unit-tests/tests/theme/themeDir.php" line="149" assertions="1" time="0.021942"/>
      <testcase name="test_wp_get_theme_with_non_default_theme_root" class="Tests_Theme_ThemeDir" file="/var/www/wordpress-unit-tests/tests/theme/themeDir.php" line="156" assertions="2" time="0.027530"/>
      <testcase name="test_page_templates" class="Tests_Theme_ThemeDir" file="/var/www/wordpress-unit-tests/tests/theme/themeDir.php" line="161" assertions="2" time="0.019797"/>
      <testcase name="test_get_theme_data_top_level" class="Tests_Theme_ThemeDir" file="/var/www/wordpress-unit-tests/tests/theme/themeDir.php" line="171" assertions="11" time="0.020080"/>
      <testcase name="test_get_theme_data_subdir" class="Tests_Theme_ThemeDir" file="/var/www/wordpress-unit-tests/tests/theme/themeDir.php" line="187" assertions="11" time="0.023932"/>
    </testsuite>
    <testsuite name="Tests_Theme_ThemeDirLarge" file="/var/www/wordpress-unit-tests/tests/theme/themeDirLarge.php" fullPackage="Tests.Theme" tests="2" assertions="12" failures="0" errors="0" time="0.229011">
      <testcase name="test_theme_list" class="Tests_Theme_ThemeDirLarge" file="/var/www/wordpress-unit-tests/tests/theme/themeDirLarge.php" line="41" assertions="9" time="0.141402"/>
      <testcase name="test_smaller_storage" class="Tests_Theme_ThemeDirLarge" file="/var/www/wordpress-unit-tests/tests/theme/themeDirLarge.php" line="63" assertions="3" time="0.087609"/>
    </testsuite>
    <testsuite name="Tests_Upload" file="/var/www/wordpress-unit-tests/tests/upload.php" fullPackage="Tests" tests="5" assertions="20" failures="0" errors="0" time="0.027593">
      <testcase name="test_upload_dir_default" class="Tests_Upload" file="/var/www/wordpress-unit-tests/tests/upload.php" line="34" assertions="4" time="0.005265"/>
      <testcase name="test_upload_dir_relative" class="Tests_Upload" file="/var/www/wordpress-unit-tests/tests/upload.php" line="43" assertions="4" time="0.006646"/>
      <testcase name="test_upload_dir_no_yearnum" class="Tests_Upload" file="/var/www/wordpress-unit-tests/tests/upload.php" line="69" assertions="4" time="0.005048"/>
      <testcase name="test_upload_path_absolute" class="Tests_Upload" file="/var/www/wordpress-unit-tests/tests/upload.php" line="78" assertions="4" time="0.005700"/>
      <testcase name="test_upload_dir_empty" class="Tests_Upload" file="/var/www/wordpress-unit-tests/tests/upload.php" line="87" assertions="4" time="0.004934"/>
    </testsuite>
    <testsuite name="Tests_URL" file="/var/www/wordpress-unit-tests/tests/url.php" fullPackage="Tests" tests="10" assertions="143" failures="0" errors="0" time="1.099268">
      <testcase name="test_is_ssl_positive" class="Tests_URL" file="/var/www/wordpress-unit-tests/tests/url.php" line="16" assertions="4" time="0.001504"/>
      <testcase name="test_is_ssl_negative" class="Tests_URL" file="/var/www/wordpress-unit-tests/tests/url.php" line="31" assertions="3" time="0.001496"/>
      <testcase name="test_admin_url_valid" class="Tests_URL" file="/var/www/wordpress-unit-tests/tests/url.php" line="42" assertions="14" time="0.007068"/>
      <testcase name="test_admin_url_invalid" class="Tests_URL" file="/var/www/wordpress-unit-tests/tests/url.php" line="66" assertions="10" time="0.005703"/>
      <testcase name="test_home_url_valid" class="Tests_URL" file="/var/www/wordpress-unit-tests/tests/url.php" line="88" assertions="14" time="0.006603"/>
      <testcase name="test_home_url_invalid" class="Tests_URL" file="/var/www/wordpress-unit-tests/tests/url.php" line="112" assertions="10" time="0.005355"/>
      <testcase name="test_home_url_from_admin" class="Tests_URL" file="/var/www/wordpress-unit-tests/tests/url.php" line="134" assertions="9" time="0.023080"/>
      <testcase name="test_network_home_url_from_admin" class="Tests_URL" file="/var/www/wordpress-unit-tests/tests/url.php" line="183" assertions="5" time="0.004521"/>
      <testcase name="test_set_url_scheme" class="Tests_URL" file="/var/www/wordpress-unit-tests/tests/url.php" line="208" assertions="68" time="0.009637"/>
      <testcase name="test_get_adjacent_post" class="Tests_URL" file="/var/www/wordpress-unit-tests/tests/url.php" line="280" assertions="6" time="1.034301"/>
    </testsuite>
    <testsuite name="Tests_User" file="/var/www/wordpress-unit-tests/tests/user.php" fullPackage="Tests" tests="22" assertions="149" failures="0" errors="0" time="1.603205">
      <testcase name="test_get_users_of_blog" class="Tests_User" file="/var/www/wordpress-unit-tests/tests/user.php" line="28" assertions="1" time="0.217374"/>
      <testcase name="test_user_option" class="Tests_User" file="/var/www/wordpress-unit-tests/tests/user.php" line="52" assertions="3" time="0.048913"/>
      <testcase name="test_usermeta" class="Tests_User" file="/var/www/wordpress-unit-tests/tests/user.php" line="73" assertions="6" time="0.055026"/>
      <testcase name="test_usermeta_array" class="Tests_User" file="/var/www/wordpress-unit-tests/tests/user.php" line="108" assertions="7" time="0.049694"/>
      <testcase name="test_user_properties" class="Tests_User" file="/var/www/wordpress-unit-tests/tests/user.php" line="146" assertions="21" time="0.048441"/>
      <testcase name="test_user_meta_properties" class="Tests_User" file="/var/www/wordpress-unit-tests/tests/user.php" line="199" assertions="2" time="0.048070"/>
      <testcase name="test_id_property_back_compat" class="Tests_User" file="/var/www/wordpress-unit-tests/tests/user.php" line="212" assertions="3" time="0.042403"/>
      <testcase name="test_user_level_property_back_compat" class="Tests_User" file="/var/www/wordpress-unit-tests/tests/user.php" line="227" assertions="10" time="0.208096"/>
      <testcase name="test_construction" class="Tests_User" file="/var/www/wordpress-unit-tests/tests/user.php" line="245" assertions="21" time="0.045189"/>
      <testcase name="test_get" class="Tests_User" file="/var/www/wordpress-unit-tests/tests/user.php" line="286" assertions="5" time="0.045127"/>
      <testcase name="test_has_prop" class="Tests_User" file="/var/www/wordpress-unit-tests/tests/user.php" line="304" assertions="4" time="0.045222"/>
      <testcase name="test_update_user" class="Tests_User" file="/var/www/wordpress-unit-tests/tests/user.php" line="321" assertions="18" time="0.119602"/>
      <testcase name="test_get_blogs_of_user" class="Tests_User" file="/var/www/wordpress-unit-tests/tests/user.php" line="374" assertions="3" time="0.054985"/>
      <testcase name="test_is_user_member_of_blog" class="Tests_User" file="/var/www/wordpress-unit-tests/tests/user.php" line="395" assertions="7" time="0.057269"/>
      <testcase name="test_global_userdata" class="Tests_User" file="/var/www/wordpress-unit-tests/tests/user.php" line="420" assertions="4" time="0.044098"/>
      <testcase name="test_global_userdata_is_null_when_logged_out" class="Tests_User" file="/var/www/wordpress-unit-tests/tests/user.php" line="437" assertions="1" time="0.001984"/>
      <testcase name="test_exists" class="Tests_User" file="/var/www/wordpress-unit-tests/tests/user.php" line="443" assertions="3" time="0.046140"/>
      <testcase name="test_global_authordata" class="Tests_User" file="/var/www/wordpress-unit-tests/tests/user.php" line="458" assertions="4" time="0.057361"/>
      <testcase name="test_delete_user" class="Tests_User" file="/var/www/wordpress-unit-tests/tests/user.php" line="488" assertions="13" time="0.129170"/>
      <testcase name="test_get_userdata" class="Tests_User" file="/var/www/wordpress-unit-tests/tests/user.php" line="545" assertions="4" time="0.002163"/>
      <testcase name="test_wp_delete_user_reassignment_clears_post_caches" class="Tests_User" file="/var/www/wordpress-unit-tests/tests/user.php" line="555" assertions="1" time="0.107738"/>
      <testcase name="test_count_many_users_posts" class="Tests_User" file="/var/www/wordpress-unit-tests/tests/user.php" line="571" assertions="8" time="0.129141"/>
    </testsuite>
    <testsuite name="Tests_User_Author" file="/var/www/wordpress-unit-tests/tests/user/author.php" fullPackage="Tests.User" tests="3" assertions="17" failures="0" errors="0" time="0.179542">
      <testcase name="test_get_the_author" class="Tests_User_Author" file="/var/www/wordpress-unit-tests/tests/user/author.php" line="43" assertions="2" time="0.057985"/>
      <testcase name="test_get_the_author_meta" class="Tests_User_Author" file="/var/www/wordpress-unit-tests/tests/user/author.php" line="51" assertions="12" time="0.063673"/>
      <testcase name="test_get_the_author_meta_no_authordata" class="Tests_User_Author" file="/var/www/wordpress-unit-tests/tests/user/author.php" line="72" assertions="3" time="0.057884"/>
    </testsuite>
    <testsuite name="Tests_User_Capabilities" file="/var/www/wordpress-unit-tests/tests/user/capabilities.php" fullPackage="Tests.User" tests="21" assertions="212" failures="0" errors="0" time="1.621470">
      <testcase name="test_user_administrator" class="Tests_User_Capabilities" file="/var/www/wordpress-unit-tests/tests/user/capabilities.php" line="43" assertions="6" time="0.045774"/>
      <testcase name="test_user_editor" class="Tests_User_Capabilities" file="/var/www/wordpress-unit-tests/tests/user/capabilities.php" line="58" assertions="9" time="0.045473"/>
      <testcase name="test_user_author" class="Tests_User_Capabilities" file="/var/www/wordpress-unit-tests/tests/user/capabilities.php" line="78" assertions="9" time="0.046135"/>
      <testcase name="test_user_contributor" class="Tests_User_Capabilities" file="/var/www/wordpress-unit-tests/tests/user/capabilities.php" line="98" assertions="9" time="0.047354"/>
      <testcase name="test_user_subscriber" class="Tests_User_Capabilities" file="/var/www/wordpress-unit-tests/tests/user/capabilities.php" line="118" assertions="7" time="0.044208"/>
      <testcase name="test_bogus_role" class="Tests_User_Capabilities" file="/var/www/wordpress-unit-tests/tests/user/capabilities.php" line="137" assertions="3" time="0.045424"/>
      <testcase name="test_user_subscriber_contributor" class="Tests_User_Capabilities" file="/var/www/wordpress-unit-tests/tests/user/capabilities.php" line="150" assertions="10" time="0.048317"/>
      <testcase name="test_add_empty_role" class="Tests_User_Capabilities" file="/var/www/wordpress-unit-tests/tests/user/capabilities.php" line="176" assertions="8" time="0.048730"/>
      <testcase name="test_add_role" class="Tests_User_Capabilities" file="/var/www/wordpress-unit-tests/tests/user/capabilities.php" line="205" assertions="14" time="0.061329"/>
      <testcase name="test_role_add_cap" class="Tests_User_Capabilities" file="/var/www/wordpress-unit-tests/tests/user/capabilities.php" line="241" assertions="11" time="0.048470"/>
      <testcase name="test_role_remove_cap" class="Tests_User_Capabilities" file="/var/www/wordpress-unit-tests/tests/user/capabilities.php" line="279" assertions="8" time="0.050969"/>
      <testcase name="test_user_add_cap" class="Tests_User_Capabilities" file="/var/www/wordpress-unit-tests/tests/user/capabilities.php" line="314" assertions="14" time="0.091772"/>
      <testcase name="test_user_remove_cap" class="Tests_User_Capabilities" file="/var/www/wordpress-unit-tests/tests/user/capabilities.php" line="351" assertions="7" time="0.087109"/>
      <testcase name="test_user_level_update" class="Tests_User_Capabilities" file="/var/www/wordpress-unit-tests/tests/user/capabilities.php" line="382" assertions="6" time="0.054136"/>
      <testcase name="test_user_remove_all_caps" class="Tests_User_Capabilities" file="/var/www/wordpress-unit-tests/tests/user/capabilities.php" line="407" assertions="8" time="0.052086"/>
      <testcase name="test_post_meta_caps" class="Tests_User_Capabilities" file="/var/www/wordpress-unit-tests/tests/user/capabilities.php" line="447" assertions="35" time="0.234379"/>
      <testcase name="test_create_posts_caps" class="Tests_User_Capabilities" file="/var/www/wordpress-unit-tests/tests/user/capabilities.php" line="530" assertions="29" time="0.213663"/>
      <testcase name="test_page_meta_caps" class="Tests_User_Capabilities" file="/var/www/wordpress-unit-tests/tests/user/capabilities.php" line="592" assertions="11" time="0.217965"/>
      <testcase name="test_negative_caps" class="Tests_User_Capabilities" file="/var/www/wordpress-unit-tests/tests/user/capabilities.php" line="630" assertions="2" time="0.047645"/>
      <testcase name="test_set_role_same_role" class="Tests_User_Capabilities" file="/var/www/wordpress-unit-tests/tests/user/capabilities.php" line="641" assertions="3" time="0.045327"/>
      <testcase name="test_current_user_can_for_blog" class="Tests_User_Capabilities" file="/var/www/wordpress-unit-tests/tests/user/capabilities.php" line="650" assertions="3" time="0.045205"/>
    </testsuite>
    <testsuite name="Tests_User_MapMetaCap" file="/var/www/wordpress-unit-tests/tests/user/mapMetaCap.php" fullPackage="Tests.User" tests="8" assertions="44" failures="0" errors="0" time="0.808467">
      <testcase name="test_capability_type_post_with_no_extra_caps" class="Tests_User_MapMetaCap" file="/var/www/wordpress-unit-tests/tests/user/mapMetaCap.php" line="41" assertions="7" time="0.097853"/>
      <testcase name="test_custom_capability_type_with_map_meta_cap" class="Tests_User_MapMetaCap" file="/var/www/wordpress-unit-tests/tests/user/mapMetaCap.php" line="66" assertions="6" time="0.097786"/>
      <testcase name="test_capability_type_post_with_one_renamed_cap" class="Tests_User_MapMetaCap" file="/var/www/wordpress-unit-tests/tests/user/mapMetaCap.php" line="90" assertions="7" time="0.094827"/>
      <testcase name="test_capability_type_post_map_meta_cap_true_with_renamed_cap" class="Tests_User_MapMetaCap" file="/var/www/wordpress-unit-tests/tests/user/mapMetaCap.php" line="116" assertions="7" time="0.097610"/>
      <testcase name="test_capability_type_post_with_all_meta_caps_renamed" class="Tests_User_MapMetaCap" file="/var/www/wordpress-unit-tests/tests/user/mapMetaCap.php" line="146" assertions="7" time="0.094189"/>
      <testcase name="test_capability_type_post_with_all_meta_caps_renamed_mapped" class="Tests_User_MapMetaCap" file="/var/www/wordpress-unit-tests/tests/user/mapMetaCap.php" line="176" assertions="7" time="0.097095"/>
      <testcase name="test_unfiltered_html_cap" class="Tests_User_MapMetaCap" file="/var/www/wordpress-unit-tests/tests/user/mapMetaCap.php" line="207" assertions="1" time="0.090624"/>
      <testcase name="test_file_edit_caps_not_reliant_on_unfiltered_html_constant" class="Tests_User_MapMetaCap" file="/var/www/wordpress-unit-tests/tests/user/mapMetaCap.php" line="221" assertions="2" time="0.138483"/>
    </testsuite>
    <testsuite name="Tests_User_Query" file="/var/www/wordpress-unit-tests/tests/user/query.php" fullPackage="Tests.User" tests="4" assertions="35" failures="0" errors="0" time="0.582117">
      <testcase name="test_get_and_set" class="Tests_User_Query" file="/var/www/wordpress-unit-tests/tests/user/query.php" line="19" assertions="7" time="0.044906"/>
      <testcase name="test_include" class="Tests_User_Query" file="/var/www/wordpress-unit-tests/tests/user/query.php" line="37" assertions="1" time="0.049351"/>
      <testcase name="test_exclude" class="Tests_User_Query" file="/var/www/wordpress-unit-tests/tests/user/query.php" line="49" assertions="1" time="0.042613"/>
      <testcase name="test_get_all" class="Tests_User_Query" file="/var/www/wordpress-unit-tests/tests/user/query.php" line="60" assertions="26" time="0.445247"/>
    </testsuite>
    <testsuite name="Tests_User_Slashes" file="/var/www/wordpress-unit-tests/tests/user/slashes.php" fullPackage="Tests.User" tests="0" assertions="0" failures="0" errors="0" time="0.000000"/>
    <testsuite name="Tests_XMLRPC_Basic" file="/var/www/wordpress-unit-tests/tests/xmlrpc/basic.php" fullPackage="Tests.XMLRPC" tests="2" assertions="6" failures="0" errors="0" time="0.088463">
      <testcase name="test_enabled" class="Tests_XMLRPC_Basic" file="/var/www/wordpress-unit-tests/tests/xmlrpc/basic.php" line="11" assertions="2" time="0.004734"/>
      <testcase name="test_login_pass_ok" class="Tests_XMLRPC_Basic" file="/var/www/wordpress-unit-tests/tests/xmlrpc/basic.php" line="19" assertions="4" time="0.083729"/>
    </testsuite>
    <testsuite name="Tests_XMLRPC_mt_getRecentPostTitles" file="/var/www/wordpress-unit-tests/tests/xmlrpc/mt/getRecentPostTitles.php" fullPackage="Tests.XMLRPC.mt" tests="4" assertions="7" failures="0" errors="0" time="0.280134">
      <testcase name="test_invalid_username_password" class="Tests_XMLRPC_mt_getRecentPostTitles" file="/var/www/wordpress-unit-tests/tests/xmlrpc/mt/getRecentPostTitles.php" line="8" assertions="2" time="0.004744"/>
      <testcase name="test_no_posts" class="Tests_XMLRPC_mt_getRecentPostTitles" file="/var/www/wordpress-unit-tests/tests/xmlrpc/mt/getRecentPostTitles.php" line="14" assertions="2" time="0.064073"/>
      <testcase name="test_no_editable_posts" class="Tests_XMLRPC_mt_getRecentPostTitles" file="/var/www/wordpress-unit-tests/tests/xmlrpc/mt/getRecentPostTitles.php" line="22" assertions="2" time="0.125904"/>
      <testcase name="test_date" class="Tests_XMLRPC_mt_getRecentPostTitles" file="/var/www/wordpress-unit-tests/tests/xmlrpc/mt/getRecentPostTitles.php" line="32" assertions="1" time="0.085413"/>
    </testsuite>
    <testsuite name="Tests_XMLRPC_mw_editPost" file="/var/www/wordpress-unit-tests/tests/xmlrpc/mw/editPost.php" fullPackage="Tests.XMLRPC.mw" tests="9" assertions="41" failures="0" errors="0" time="1.167917">
      <testcase name="test_invalid_username_password" class="Tests_XMLRPC_mw_editPost" file="/var/www/wordpress-unit-tests/tests/xmlrpc/mw/editPost.php" line="8" assertions="2" time="0.005292"/>
      <testcase name="test_edit_own_post" class="Tests_XMLRPC_mw_editPost" file="/var/www/wordpress-unit-tests/tests/xmlrpc/mw/editPost.php" line="15" assertions="3" time="0.102232"/>
      <testcase name="test_capable_edit_others_post" class="Tests_XMLRPC_mw_editPost" file="/var/www/wordpress-unit-tests/tests/xmlrpc/mw/editPost.php" line="30" assertions="3" time="0.135809"/>
      <testcase name="test_incapable_edit_others_post" class="Tests_XMLRPC_mw_editPost" file="/var/www/wordpress-unit-tests/tests/xmlrpc/mw/editPost.php" line="47" assertions="3" time="0.119660"/>
      <testcase name="test_capable_reassign_author" class="Tests_XMLRPC_mw_editPost" file="/var/www/wordpress-unit-tests/tests/xmlrpc/mw/editPost.php" line="65" assertions="3" time="0.175948"/>
      <testcase name="test_incapable_reassign_author" class="Tests_XMLRPC_mw_editPost" file="/var/www/wordpress-unit-tests/tests/xmlrpc/mw/editPost.php" line="82" assertions="3" time="0.117591"/>
      <testcase name="test_post_thumbnail" class="Tests_XMLRPC_mw_editPost" file="/var/www/wordpress-unit-tests/tests/xmlrpc/mw/editPost.php" line="98" assertions="10" time="0.255086"/>
      <testcase name="test_edit_basic_post_info" class="Tests_XMLRPC_mw_editPost" file="/var/www/wordpress-unit-tests/tests/xmlrpc/mw/editPost.php" line="153" assertions="12" time="0.178358"/>
      <testcase name="test_change_post_type" class="Tests_XMLRPC_mw_editPost" file="/var/www/wordpress-unit-tests/tests/xmlrpc/mw/editPost.php" line="188" assertions="2" time="0.077941"/>
    </testsuite>
    <testsuite name="Tests_XMLRPC_mw_getPost" file="/var/www/wordpress-unit-tests/tests/xmlrpc/mw/getPost.php" fullPackage="Tests.XMLRPC.mw" tests="6" assertions="49" failures="0" errors="0" time="0.516144">
      <testcase name="test_invalid_username_password" class="Tests_XMLRPC_mw_getPost" file="/var/www/wordpress-unit-tests/tests/xmlrpc/mw/getPost.php" line="26" assertions="2" time="0.056470"/>
      <testcase name="test_incapable_user" class="Tests_XMLRPC_mw_getPost" file="/var/www/wordpress-unit-tests/tests/xmlrpc/mw/getPost.php" line="32" assertions="2" time="0.117831"/>
      <testcase name="test_invalid_postid" class="Tests_XMLRPC_mw_getPost" file="/var/www/wordpress-unit-tests/tests/xmlrpc/mw/getPost.php" line="43" assertions="2" time="0.076348"/>
      <testcase name="test_valid_post" class="Tests_XMLRPC_mw_getPost" file="/var/www/wordpress-unit-tests/tests/xmlrpc/mw/getPost.php" line="49" assertions="29" time="0.085188"/>
      <testcase name="test_post_thumbnail" class="Tests_XMLRPC_mw_getPost" file="/var/www/wordpress-unit-tests/tests/xmlrpc/mw/getPost.php" line="93" assertions="5" time="0.097363"/>
      <testcase name="test_date" class="Tests_XMLRPC_mw_getPost" file="/var/www/wordpress-unit-tests/tests/xmlrpc/mw/getPost.php" line="123" assertions="9" time="0.082944"/>
    </testsuite>
    <testsuite name="Tests_XMLRPC_mw_getRecentPosts" file="/var/www/wordpress-unit-tests/tests/xmlrpc/mw/getRecentPosts.php" fullPackage="Tests.XMLRPC.mw" tests="5" assertions="47" failures="0" errors="0" time="0.480501">
      <testcase name="test_invalid_username_password" class="Tests_XMLRPC_mw_getRecentPosts" file="/var/www/wordpress-unit-tests/tests/xmlrpc/mw/getRecentPosts.php" line="26" assertions="2" time="0.057047"/>
      <testcase name="test_no_editable_posts" class="Tests_XMLRPC_mw_getRecentPosts" file="/var/www/wordpress-unit-tests/tests/xmlrpc/mw/getRecentPosts.php" line="43" assertions="2" time="0.100975"/>
      <testcase name="test_valid_post" class="Tests_XMLRPC_mw_getRecentPosts" file="/var/www/wordpress-unit-tests/tests/xmlrpc/mw/getRecentPosts.php" line="51" assertions="29" time="0.100726"/>
      <testcase name="test_post_thumbnail" class="Tests_XMLRPC_mw_getRecentPosts" file="/var/www/wordpress-unit-tests/tests/xmlrpc/mw/getRecentPosts.php" line="98" assertions="5" time="0.097395"/>
      <testcase name="test_date" class="Tests_XMLRPC_mw_getRecentPosts" file="/var/www/wordpress-unit-tests/tests/xmlrpc/mw/getRecentPosts.php" line="133" assertions="9" time="0.124358"/>
    </testsuite>
    <testsuite name="Tests_XMLRPC_mw_newPost" file="/var/www/wordpress-unit-tests/tests/xmlrpc/mw/newPost.php" fullPackage="Tests.XMLRPC.mw" tests="14" assertions="32" failures="0" errors="0" time="1.095293">
      <testcase name="test_invalid_username_password" class="Tests_XMLRPC_mw_newPost" file="/var/www/wordpress-unit-tests/tests/xmlrpc/mw/newPost.php" line="8" assertions="2" time="0.005117"/>
      <testcase name="test_incapable_user" class="Tests_XMLRPC_mw_newPost" file="/var/www/wordpress-unit-tests/tests/xmlrpc/mw/newPost.php" line="15" assertions="2" time="0.063885"/>
      <testcase name="test_no_content" class="Tests_XMLRPC_mw_newPost" file="/var/www/wordpress-unit-tests/tests/xmlrpc/mw/newPost.php" line="24" assertions="3" time="0.075607"/>
      <testcase name="test_basic_content" class="Tests_XMLRPC_mw_newPost" file="/var/www/wordpress-unit-tests/tests/xmlrpc/mw/newPost.php" line="34" assertions="2" time="0.085355"/>
      <testcase name="test_ignore_id" class="Tests_XMLRPC_mw_newPost" file="/var/www/wordpress-unit-tests/tests/xmlrpc/mw/newPost.php" line="43" assertions="2" time="0.086574"/>
      <testcase name="test_capable_publish" class="Tests_XMLRPC_mw_newPost" file="/var/www/wordpress-unit-tests/tests/xmlrpc/mw/newPost.php" line="52" assertions="1" time="0.088750"/>
      <testcase name="test_incapable_publish" class="Tests_XMLRPC_mw_newPost" file="/var/www/wordpress-unit-tests/tests/xmlrpc/mw/newPost.php" line="60" assertions="2" time="0.064112"/>
      <testcase name="test_capable_other_author" class="Tests_XMLRPC_mw_newPost" file="/var/www/wordpress-unit-tests/tests/xmlrpc/mw/newPost.php" line="69" assertions="1" time="0.127937"/>
      <testcase name="test_incapable_other_author" class="Tests_XMLRPC_mw_newPost" file="/var/www/wordpress-unit-tests/tests/xmlrpc/mw/newPost.php" line="78" assertions="2" time="0.108280"/>
      <testcase name="test_invalid_author" class="Tests_XMLRPC_mw_newPost" file="/var/www/wordpress-unit-tests/tests/xmlrpc/mw/newPost.php" line="91" assertions="2" time="0.063737"/>
      <testcase name="test_empty_author" class="Tests_XMLRPC_mw_newPost" file="/var/www/wordpress-unit-tests/tests/xmlrpc/mw/newPost.php" line="100" assertions="4" time="0.086489"/>
      <testcase name="test_post_thumbnail" class="Tests_XMLRPC_mw_newPost" file="/var/www/wordpress-unit-tests/tests/xmlrpc/mw/newPost.php" line="113" assertions="3" time="0.100292"/>
      <testcase name="test_incapable_set_post_type_as_page" class="Tests_XMLRPC_mw_newPost" file="/var/www/wordpress-unit-tests/tests/xmlrpc/mw/newPost.php" line="140" assertions="2" time="0.063285"/>
      <testcase name="test_capable_set_post_type_as_page" class="Tests_XMLRPC_mw_newPost" file="/var/www/wordpress-unit-tests/tests/xmlrpc/mw/newPost.php" line="149" assertions="4" time="0.075873"/>
    </testsuite>
    <testsuite name="Tests_XMLRPC_wp_deletePost" file="/var/www/wordpress-unit-tests/tests/xmlrpc/wp/deletePost.php" fullPackage="Tests.XMLRPC.wp" tests="4" assertions="9" failures="0" errors="0" time="0.245889">
      <testcase name="test_invalid_username_password" class="Tests_XMLRPC_wp_deletePost" file="/var/www/wordpress-unit-tests/tests/xmlrpc/wp/deletePost.php" line="8" assertions="2" time="0.004849"/>
      <testcase name="test_invalid_post" class="Tests_XMLRPC_wp_deletePost" file="/var/www/wordpress-unit-tests/tests/xmlrpc/wp/deletePost.php" line="14" assertions="2" time="0.063469"/>
      <testcase name="test_incapable_user" class="Tests_XMLRPC_wp_deletePost" file="/var/www/wordpress-unit-tests/tests/xmlrpc/wp/deletePost.php" line="22" assertions="2" time="0.078540"/>
      <testcase name="test_post_deleted" class="Tests_XMLRPC_wp_deletePost" file="/var/www/wordpress-unit-tests/tests/xmlrpc/wp/deletePost.php" line="31" assertions="3" time="0.099031"/>
    </testsuite>
    <testsuite name="Tests_XMLRPC_wp_deleteTerm" file="/var/www/wordpress-unit-tests/tests/xmlrpc/wp/deleteTerm.php" fullPackage="Tests.XMLRPC.wp" tests="7" assertions="26" failures="0" errors="0" time="0.432385">
      <testcase name="test_invalid_username_password" class="Tests_XMLRPC_wp_deleteTerm" file="/var/www/wordpress-unit-tests/tests/xmlrpc/wp/deleteTerm.php" line="16" assertions="3" time="0.010026"/>
      <testcase name="test_empty_taxonomy" class="Tests_XMLRPC_wp_deleteTerm" file="/var/www/wordpress-unit-tests/tests/xmlrpc/wp/deleteTerm.php" line="22" assertions="4" time="0.066731"/>
      <testcase name="test_invalid_taxonomy" class="Tests_XMLRPC_wp_deleteTerm" file="/var/www/wordpress-unit-tests/tests/xmlrpc/wp/deleteTerm.php" line="31" assertions="4" time="0.067205"/>
      <testcase name="test_incapable_user" class="Tests_XMLRPC_wp_deleteTerm" file="/var/www/wordpress-unit-tests/tests/xmlrpc/wp/deleteTerm.php" line="40" assertions="4" time="0.068066"/>
      <testcase name="test_empty_term" class="Tests_XMLRPC_wp_deleteTerm" file="/var/www/wordpress-unit-tests/tests/xmlrpc/wp/deleteTerm.php" line="49" assertions="4" time="0.067443"/>
      <testcase name="test_invalid_term" class="Tests_XMLRPC_wp_deleteTerm" file="/var/www/wordpress-unit-tests/tests/xmlrpc/wp/deleteTerm.php" line="58" assertions="4" time="0.078206"/>
      <testcase name="test_term_deleted" class="Tests_XMLRPC_wp_deleteTerm" file="/var/www/wordpress-unit-tests/tests/xmlrpc/wp/deleteTerm.php" line="67" assertions="3" time="0.074708"/>
    </testsuite>
    <testsuite name="Tests_XMLRPC_wp_editPost" file="/var/www/wordpress-unit-tests/tests/xmlrpc/wp/editPost.php" fullPackage="Tests.XMLRPC.wp" tests="14" assertions="56" failures="0" errors="0" time="1.692325">
      <testcase name="test_invalid_username_password" class="Tests_XMLRPC_wp_editPost" file="/var/www/wordpress-unit-tests/tests/xmlrpc/wp/editPost.php" line="8" assertions="2" time="0.005095"/>
      <testcase name="test_edit_own_post" class="Tests_XMLRPC_wp_editPost" file="/var/www/wordpress-unit-tests/tests/xmlrpc/wp/editPost.php" line="14" assertions="3" time="0.103426"/>
      <testcase name="test_capable_edit_others_post" class="Tests_XMLRPC_wp_editPost" file="/var/www/wordpress-unit-tests/tests/xmlrpc/wp/editPost.php" line="30" assertions="3" time="0.138191"/>
      <testcase name="test_incapable_edit_others_post" class="Tests_XMLRPC_wp_editPost" file="/var/www/wordpress-unit-tests/tests/xmlrpc/wp/editPost.php" line="47" assertions="3" time="0.117388"/>
      <testcase name="test_capable_reassign_author" class="Tests_XMLRPC_wp_editPost" file="/var/www/wordpress-unit-tests/tests/xmlrpc/wp/editPost.php" line="65" assertions="3" time="0.179120"/>
      <testcase name="test_incapable_reassign_author" class="Tests_XMLRPC_wp_editPost" file="/var/www/wordpress-unit-tests/tests/xmlrpc/wp/editPost.php" line="82" assertions="3" time="0.117176"/>
      <testcase name="test_post_thumbnail" class="Tests_XMLRPC_wp_editPost" file="/var/www/wordpress-unit-tests/tests/xmlrpc/wp/editPost.php" line="98" assertions="16" time="0.296880"/>
      <testcase name="test_edit_custom_fields" class="Tests_XMLRPC_wp_editPost" file="/var/www/wordpress-unit-tests/tests/xmlrpc/wp/editPost.php" line="166" assertions="6" time="0.119096"/>
      <testcase name="test_capable_unsticky" class="Tests_XMLRPC_wp_editPost" file="/var/www/wordpress-unit-tests/tests/xmlrpc/wp/editPost.php" line="200" assertions="2" time="0.101303"/>
      <testcase name="test_password_transition_unsticky" class="Tests_XMLRPC_wp_editPost" file="/var/www/wordpress-unit-tests/tests/xmlrpc/wp/editPost.php" line="212" assertions="2" time="0.100179"/>
      <testcase name="test_if_not_modified_since" class="Tests_XMLRPC_wp_editPost" file="/var/www/wordpress-unit-tests/tests/xmlrpc/wp/editPost.php" line="224" assertions="5" time="0.126965"/>
      <testcase name="test_edit_attachment" class="Tests_XMLRPC_wp_editPost" file="/var/www/wordpress-unit-tests/tests/xmlrpc/wp/editPost.php" line="255" assertions="2" time="0.079180"/>
      <testcase name="test_use_invalid_post_status" class="Tests_XMLRPC_wp_editPost" file="/var/www/wordpress-unit-tests/tests/xmlrpc/wp/editPost.php" line="274" assertions="2" time="0.099011"/>
      <testcase name="test_loss_of_categories_on_edit" class="Tests_XMLRPC_wp_editPost" file="/var/www/wordpress-unit-tests/tests/xmlrpc/wp/editPost.php" line="294" assertions="4" time="0.109315"/>
    </testsuite>
    <testsuite name="Tests_XMLRPC_wp_editProfile" file="/var/www/wordpress-unit-tests/tests/xmlrpc/wp/editProfile.php" fullPackage="Tests.XMLRPC.wp" tests="4" assertions="18" failures="0" errors="0" time="0.284174">
      <testcase name="test_invalid_username_password" class="Tests_XMLRPC_wp_editProfile" file="/var/www/wordpress-unit-tests/tests/xmlrpc/wp/editProfile.php" line="9" assertions="2" time="0.004850"/>
      <testcase name="test_subscriber_profile" class="Tests_XMLRPC_wp_editProfile" file="/var/www/wordpress-unit-tests/tests/xmlrpc/wp/editProfile.php" line="15" assertions="9" time="0.083620"/>
      <testcase name="test_ignore_password_change" class="Tests_XMLRPC_wp_editProfile" file="/var/www/wordpress-unit-tests/tests/xmlrpc/wp/editProfile.php" line="42" assertions="4" time="0.115784"/>
      <testcase name="test_ignore_email_change" class="Tests_XMLRPC_wp_editProfile" file="/var/www/wordpress-unit-tests/tests/xmlrpc/wp/editProfile.php" line="57" assertions="3" time="0.079920"/>
    </testsuite>
    <testsuite name="Tests_XMLRPC_wp_editTerm" file="/var/www/wordpress-unit-tests/tests/xmlrpc/wp/editTerm.php" fullPackage="Tests.XMLRPC.wp" tests="13" assertions="75" failures="0" errors="0" time="0.958796">
      <testcase name="test_invalid_username_password" class="Tests_XMLRPC_wp_editTerm" file="/var/www/wordpress-unit-tests/tests/xmlrpc/wp/editTerm.php" line="22" assertions="5" time="0.021042"/>
      <testcase name="test_empty_taxonomy" class="Tests_XMLRPC_wp_editTerm" file="/var/www/wordpress-unit-tests/tests/xmlrpc/wp/editTerm.php" line="28" assertions="6" time="0.097633"/>
      <testcase name="test_invalid_taxonomy" class="Tests_XMLRPC_wp_editTerm" file="/var/www/wordpress-unit-tests/tests/xmlrpc/wp/editTerm.php" line="37" assertions="6" time="0.076245"/>
      <testcase name="test_incapable_user" class="Tests_XMLRPC_wp_editTerm" file="/var/www/wordpress-unit-tests/tests/xmlrpc/wp/editTerm.php" line="46" assertions="6" time="0.076271"/>
      <testcase name="test_term_not_exists" class="Tests_XMLRPC_wp_editTerm" file="/var/www/wordpress-unit-tests/tests/xmlrpc/wp/editTerm.php" line="55" assertions="6" time="0.074533"/>
      <testcase name="test_empty_term" class="Tests_XMLRPC_wp_editTerm" file="/var/www/wordpress-unit-tests/tests/xmlrpc/wp/editTerm.php" line="64" assertions="6" time="0.075740"/>
      <testcase name="test_empty_term_name" class="Tests_XMLRPC_wp_editTerm" file="/var/www/wordpress-unit-tests/tests/xmlrpc/wp/editTerm.php" line="73" assertions="6" time="0.076480"/>
      <testcase name="test_parent_for_nonhierarchical" class="Tests_XMLRPC_wp_editTerm" file="/var/www/wordpress-unit-tests/tests/xmlrpc/wp/editTerm.php" line="82" assertions="6" time="0.075135"/>
      <testcase name="test_parent_empty" class="Tests_XMLRPC_wp_editTerm" file="/var/www/wordpress-unit-tests/tests/xmlrpc/wp/editTerm.php" line="91" assertions="6" time="0.076512"/>
      <testcase name="test_parent_invalid" class="Tests_XMLRPC_wp_editTerm" file="/var/www/wordpress-unit-tests/tests/xmlrpc/wp/editTerm.php" line="100" assertions="5" time="0.075298"/>
      <testcase name="test_parent_not_existing" class="Tests_XMLRPC_wp_editTerm" file="/var/www/wordpress-unit-tests/tests/xmlrpc/wp/editTerm.php" line="108" assertions="6" time="0.077407"/>
      <testcase name="test_parent_duplicate_slug" class="Tests_XMLRPC_wp_editTerm" file="/var/www/wordpress-unit-tests/tests/xmlrpc/wp/editTerm.php" line="117" assertions="6" time="0.078062"/>
      <testcase name="test_edit_all_fields" class="Tests_XMLRPC_wp_editTerm" file="/var/www/wordpress-unit-tests/tests/xmlrpc/wp/editTerm.php" line="127" assertions="5" time="0.078438"/>
    </testsuite>
    <testsuite name="Tests_XMLRPC_wp_getComment" file="/var/www/wordpress-unit-tests/tests/xmlrpc/wp/getComment.php" fullPackage="Tests.XMLRPC.wp" tests="5" assertions="35" failures="0" errors="0" time="0.419395">
      <testcase name="test_invalid_username_password" class="Tests_XMLRPC_wp_getComment" file="/var/www/wordpress-unit-tests/tests/xmlrpc/wp/getComment.php" line="38" assertions="2" time="0.023980"/>
      <testcase name="test_incapable_user" class="Tests_XMLRPC_wp_getComment" file="/var/www/wordpress-unit-tests/tests/xmlrpc/wp/getComment.php" line="44" assertions="2" time="0.093120"/>
      <testcase name="test_valid_comment" class="Tests_XMLRPC_wp_getComment" file="/var/www/wordpress-unit-tests/tests/xmlrpc/wp/getComment.php" line="52" assertions="26" time="0.134882"/>
      <testcase name="test_valid_child_comment" class="Tests_XMLRPC_wp_getComment" file="/var/www/wordpress-unit-tests/tests/xmlrpc/wp/getComment.php" line="88" assertions="3" time="0.084509"/>
      <testcase name="test_invalid_id" class="Tests_XMLRPC_wp_getComment" file="/var/www/wordpress-unit-tests/tests/xmlrpc/wp/getComment.php" line="98" assertions="2" time="0.082904"/>
    </testsuite>
    <testsuite name="Tests_XMLRPC_wp_getComments" file="/var/www/wordpress-unit-tests/tests/xmlrpc/wp/getComments.php" fullPackage="Tests.XMLRPC.wp" tests="5" assertions="30" failures="0" errors="0" time="0.623243">
      <testcase name="test_invalid_username_password" class="Tests_XMLRPC_wp_getComments" file="/var/www/wordpress-unit-tests/tests/xmlrpc/wp/getComments.php" line="16" assertions="2" time="0.065516"/>
      <testcase name="test_incapable_user" class="Tests_XMLRPC_wp_getComments" file="/var/www/wordpress-unit-tests/tests/xmlrpc/wp/getComments.php" line="22" assertions="2" time="0.121811"/>
      <testcase name="test_capable_user" class="Tests_XMLRPC_wp_getComments" file="/var/www/wordpress-unit-tests/tests/xmlrpc/wp/getComments.php" line="30" assertions="11" time="0.136921"/>
      <testcase name="test_post_filter" class="Tests_XMLRPC_wp_getComments" file="/var/www/wordpress-unit-tests/tests/xmlrpc/wp/getComments.php" line="42" assertions="11" time="0.138548"/>
      <testcase name="test_number_filter" class="Tests_XMLRPC_wp_getComments" file="/var/www/wordpress-unit-tests/tests/xmlrpc/wp/getComments.php" line="56" assertions="4" time="0.160447"/>
    </testsuite>
    <testsuite name="Tests_XMLRPC_wp_getMediaItem" file="/var/www/wordpress-unit-tests/tests/xmlrpc/wp/getMediaItem.php" fullPackage="Tests.XMLRPC.wp" tests="2" assertions="16" failures="0" errors="0" time="0.379012">
      <testcase name="test_invalid_username_password" class="Tests_XMLRPC_wp_getMediaItem" file="/var/www/wordpress-unit-tests/tests/xmlrpc/wp/getMediaItem.php" line="48" assertions="2" time="0.149222"/>
      <testcase name="test_valid_media_item" class="Tests_XMLRPC_wp_getMediaItem" file="/var/www/wordpress-unit-tests/tests/xmlrpc/wp/getMediaItem.php" line="54" assertions="14" time="0.229790"/>
    </testsuite>
    <testsuite name="Tests_XMLRPC_wp_getOptions" file="/var/www/wordpress-unit-tests/tests/xmlrpc/wp/getOptions.php" fullPackage="Tests.XMLRPC.wp" tests="4" assertions="54" failures="0" errors="0" time="0.204234">
      <testcase name="test_invalid_username_password" class="Tests_XMLRPC_wp_getOptions" file="/var/www/wordpress-unit-tests/tests/xmlrpc/wp/getOptions.php" line="8" assertions="2" time="0.004773"/>
      <testcase name="test_valid_username_password" class="Tests_XMLRPC_wp_getOptions" file="/var/www/wordpress-unit-tests/tests/xmlrpc/wp/getOptions.php" line="14" assertions="2" time="0.065858"/>
      <testcase name="test_option_value" class="Tests_XMLRPC_wp_getOptions" file="/var/www/wordpress-unit-tests/tests/xmlrpc/wp/getOptions.php" line="22" assertions="3" time="0.064188"/>
      <testcase name="test_option_values_admin" class="Tests_XMLRPC_wp_getOptions" file="/var/www/wordpress-unit-tests/tests/xmlrpc/wp/getOptions.php" line="119" assertions="47" time="0.069415"/>
    </testsuite>
    <testsuite name="Tests_XMLRPC_wp_getPage" file="/var/www/wordpress-unit-tests/tests/xmlrpc/wp/getPage.php" fullPackage="Tests.XMLRPC.wp" tests="4" assertions="38" failures="0" errors="0" time="0.425937">
      <testcase name="test_invalid_username_password" class="Tests_XMLRPC_wp_getPage" file="/var/www/wordpress-unit-tests/tests/xmlrpc/wp/getPage.php" line="32" assertions="2" time="0.051216"/>
      <testcase name="test_invalid_pageid" class="Tests_XMLRPC_wp_getPage" file="/var/www/wordpress-unit-tests/tests/xmlrpc/wp/getPage.php" line="41" assertions="2" time="0.109716"/>
      <testcase name="test_valid_page" class="Tests_XMLRPC_wp_getPage" file="/var/www/wordpress-unit-tests/tests/xmlrpc/wp/getPage.php" line="49" assertions="29" time="0.113467"/>
      <testcase name="test_date" class="Tests_XMLRPC_wp_getPage" file="/var/www/wordpress-unit-tests/tests/xmlrpc/wp/getPage.php" line="88" assertions="5" time="0.151538"/>
    </testsuite>
    <testsuite name="Tests_XMLRPC_wp_getPageList" file="/var/www/wordpress-unit-tests/tests/xmlrpc/wp/getPageList.php" fullPackage="Tests.XMLRPC.wp" tests="3" assertions="9" failures="0" errors="0" time="0.272192">
      <testcase name="test_invalid_username_password" class="Tests_XMLRPC_wp_getPageList" file="/var/www/wordpress-unit-tests/tests/xmlrpc/wp/getPageList.php" line="26" assertions="2" time="0.052606"/>
      <testcase name="test_incapable_user" class="Tests_XMLRPC_wp_getPageList" file="/var/www/wordpress-unit-tests/tests/xmlrpc/wp/getPageList.php" line="32" assertions="2" time="0.108428"/>
      <testcase name="test_date" class="Tests_XMLRPC_wp_getPageList" file="/var/www/wordpress-unit-tests/tests/xmlrpc/wp/getPageList.php" line="40" assertions="5" time="0.111158"/>
    </testsuite>
    <testsuite name="Tests_XMLRPC_wp_getPages" file="/var/www/wordpress-unit-tests/tests/xmlrpc/wp/getPages.php" fullPackage="Tests.XMLRPC.wp" tests="4" assertions="8" failures="0" errors="0" time="0.467067">
      <testcase name="test_invalid_username_password" class="Tests_XMLRPC_wp_getPages" file="/var/www/wordpress-unit-tests/tests/xmlrpc/wp/getPages.php" line="28" assertions="2" time="0.089307"/>
      <testcase name="test_incapable_user" class="Tests_XMLRPC_wp_getPages" file="/var/www/wordpress-unit-tests/tests/xmlrpc/wp/getPages.php" line="34" assertions="2" time="0.148261"/>
      <testcase name="test_capable_user" class="Tests_XMLRPC_wp_getPages" file="/var/www/wordpress-unit-tests/tests/xmlrpc/wp/getPages.php" line="42" assertions="2" time="0.115502"/>
      <testcase name="test_semi_capable_user" class="Tests_XMLRPC_wp_getPages" file="/var/www/wordpress-unit-tests/tests/xmlrpc/wp/getPages.php" line="65" assertions="2" time="0.113997"/>
    </testsuite>
    <testsuite name="Tests_XMLRPC_wp_getPost" file="/var/www/wordpress-unit-tests/tests/xmlrpc/wp/getPost.php" fullPackage="Tests.XMLRPC.wp" tests="6" assertions="60" failures="0" errors="0" time="0.523724">
      <testcase name="test_invalid_username_password" class="Tests_XMLRPC_wp_getPost" file="/var/www/wordpress-unit-tests/tests/xmlrpc/wp/getPost.php" line="28" assertions="2" time="0.057026"/>
      <testcase name="test_valid_post" class="Tests_XMLRPC_wp_getPost" file="/var/www/wordpress-unit-tests/tests/xmlrpc/wp/getPost.php" line="34" assertions="32" time="0.083440"/>
      <testcase name="test_no_fields" class="Tests_XMLRPC_wp_getPost" file="/var/www/wordpress-unit-tests/tests/xmlrpc/wp/getPost.php" line="79" assertions="3" time="0.083476"/>
      <testcase name="test_default_fields" class="Tests_XMLRPC_wp_getPost" file="/var/www/wordpress-unit-tests/tests/xmlrpc/wp/getPost.php" line="89" assertions="5" time="0.081976"/>
      <testcase name="test_date" class="Tests_XMLRPC_wp_getPost" file="/var/www/wordpress-unit-tests/tests/xmlrpc/wp/getPost.php" line="99" assertions="9" time="0.082989"/>
      <testcase name="test_valid_page" class="Tests_XMLRPC_wp_getPost" file="/var/www/wordpress-unit-tests/tests/xmlrpc/wp/getPost.php" line="122" assertions="9" time="0.134817"/>
    </testsuite>
    <testsuite name="Tests_XMLRPC_wp_getPostType" file="/var/www/wordpress-unit-tests/tests/xmlrpc/wp/getPostType.php" fullPackage="Tests.XMLRPC.wp" tests="5" assertions="64" failures="0" errors="0" time="0.268441">
      <testcase name="test_invalid_username_password" class="Tests_XMLRPC_wp_getPostType" file="/var/www/wordpress-unit-tests/tests/xmlrpc/wp/getPostType.php" line="32" assertions="2" time="0.006151"/>
      <testcase name="test_invalid_post_type_name" class="Tests_XMLRPC_wp_getPostType" file="/var/www/wordpress-unit-tests/tests/xmlrpc/wp/getPostType.php" line="38" assertions="2" time="0.065072"/>
      <testcase name="test_valid_post_type_name" class="Tests_XMLRPC_wp_getPostType" file="/var/www/wordpress-unit-tests/tests/xmlrpc/wp/getPostType.php" line="46" assertions="1" time="0.065422"/>
      <testcase name="test_incapable_user" class="Tests_XMLRPC_wp_getPostType" file="/var/www/wordpress-unit-tests/tests/xmlrpc/wp/getPostType.php" line="53" assertions="2" time="0.065061"/>
      <testcase name="test_valid_type" class="Tests_XMLRPC_wp_getPostType" file="/var/www/wordpress-unit-tests/tests/xmlrpc/wp/getPostType.php" line="61" assertions="57" time="0.066735"/>
    </testsuite>
    <testsuite name="Tests_XMLRPC_wp_getPostTypes" file="/var/www/wordpress-unit-tests/tests/xmlrpc/wp/getPostTypes.php" fullPackage="Tests.XMLRPC.wp" tests="4" assertions="12" failures="0" errors="0" time="0.195353">
      <testcase name="test_invalid_username_password" class="Tests_XMLRPC_wp_getPostTypes" file="/var/www/wordpress-unit-tests/tests/xmlrpc/wp/getPostTypes.php" line="7" assertions="2" time="0.005189"/>
      <testcase name="test_incapable_user" class="Tests_XMLRPC_wp_getPostTypes" file="/var/www/wordpress-unit-tests/tests/xmlrpc/wp/getPostTypes.php" line="13" assertions="3" time="0.063783"/>
      <testcase name="test_capable_user" class="Tests_XMLRPC_wp_getPostTypes" file="/var/www/wordpress-unit-tests/tests/xmlrpc/wp/getPostTypes.php" line="22" assertions="3" time="0.063384"/>
      <testcase name="test_simple_filter" class="Tests_XMLRPC_wp_getPostTypes" file="/var/www/wordpress-unit-tests/tests/xmlrpc/wp/getPostTypes.php" line="31" assertions="4" time="0.062997"/>
    </testsuite>
    <testsuite name="Tests_XMLRPC_wp_getPosts" file="/var/www/wordpress-unit-tests/tests/xmlrpc/wp/getPosts.php" fullPackage="Tests.XMLRPC.wp" tests="7" assertions="64" failures="0" errors="0" time="1.126713">
      <testcase name="test_invalid_username_password" class="Tests_XMLRPC_wp_getPosts" file="/var/www/wordpress-unit-tests/tests/xmlrpc/wp/getPosts.php" line="8" assertions="2" time="0.004713"/>
      <testcase name="test_incapable_user" class="Tests_XMLRPC_wp_getPosts" file="/var/www/wordpress-unit-tests/tests/xmlrpc/wp/getPosts.php" line="17" assertions="4" time="0.081053"/>
      <testcase name="test_capable_user" class="Tests_XMLRPC_wp_getPosts" file="/var/www/wordpress-unit-tests/tests/xmlrpc/wp/getPosts.php" line="30" assertions="1" time="0.066574"/>
      <testcase name="test_invalid_post_type" class="Tests_XMLRPC_wp_getPosts" file="/var/www/wordpress-unit-tests/tests/xmlrpc/wp/getPosts.php" line="37" assertions="1" time="0.061821"/>
      <testcase name="test_filters" class="Tests_XMLRPC_wp_getPosts" file="/var/www/wordpress-unit-tests/tests/xmlrpc/wp/getPosts.php" line="45" assertions="41" time="0.689695"/>
      <testcase name="test_fields" class="Tests_XMLRPC_wp_getPosts" file="/var/www/wordpress-unit-tests/tests/xmlrpc/wp/getPosts.php" line="108" assertions="11" time="0.105242"/>
      <testcase name="test_search" class="Tests_XMLRPC_wp_getPosts" file="/var/www/wordpress-unit-tests/tests/xmlrpc/wp/getPosts.php" line="134" assertions="4" time="0.117615"/>
    </testsuite>
    <testsuite name="Tests_XMLRPC_wp_getProfile" file="/var/www/wordpress-unit-tests/tests/xmlrpc/wp/getProfile.php" fullPackage="Tests.XMLRPC.wp" tests="4" assertions="11" failures="0" errors="0" time="0.206509">
      <testcase name="test_invalid_username_password" class="Tests_XMLRPC_wp_getProfile" file="/var/www/wordpress-unit-tests/tests/xmlrpc/wp/getProfile.php" line="9" assertions="2" time="0.005012"/>
      <testcase name="test_subscriber" class="Tests_XMLRPC_wp_getProfile" file="/var/www/wordpress-unit-tests/tests/xmlrpc/wp/getProfile.php" line="15" assertions="3" time="0.070588"/>
      <testcase name="test_administrator" class="Tests_XMLRPC_wp_getProfile" file="/var/www/wordpress-unit-tests/tests/xmlrpc/wp/getProfile.php" line="24" assertions="3" time="0.066654"/>
      <testcase name="test_arbitrary_fields" class="Tests_XMLRPC_wp_getProfile" file="/var/www/wordpress-unit-tests/tests/xmlrpc/wp/getProfile.php" line="33" assertions="3" time="0.064255"/>
    </testsuite>
    <testsuite name="Tests_XMLRPC_wp_getRevisions" file="/var/www/wordpress-unit-tests/tests/xmlrpc/wp/getRevisions.php" fullPackage="Tests.XMLRPC.wp" tests="5" assertions="10" failures="0" errors="0" time="0.386812">
      <testcase name="test_invalid_username_password" class="Tests_XMLRPC_wp_getRevisions" file="/var/www/wordpress-unit-tests/tests/xmlrpc/wp/getRevisions.php" line="8" assertions="2" time="0.004636"/>
      <testcase name="test_incapable_user" class="Tests_XMLRPC_wp_getRevisions" file="/var/www/wordpress-unit-tests/tests/xmlrpc/wp/getRevisions.php" line="14" assertions="2" time="0.076984"/>
      <testcase name="test_capable_user" class="Tests_XMLRPC_wp_getRevisions" file="/var/www/wordpress-unit-tests/tests/xmlrpc/wp/getRevisions.php" line="24" assertions="1" time="0.081018"/>
      <testcase name="test_revision_count" class="Tests_XMLRPC_wp_getRevisions" file="/var/www/wordpress-unit-tests/tests/xmlrpc/wp/getRevisions.php" line="32" assertions="4" time="0.119251"/>
      <testcase name="test_revision_count_for_auto_draft_post_creation" class="Tests_XMLRPC_wp_getRevisions" file="/var/www/wordpress-unit-tests/tests/xmlrpc/wp/getRevisions.php" line="51" assertions="1" time="0.104923"/>
    </testsuite>
    <testsuite name="Tests_XMLRPC_wp_getTaxonomies" file="/var/www/wordpress-unit-tests/tests/xmlrpc/wp/getTaxonomies.php" fullPackage="Tests.XMLRPC.wp" tests="2" assertions="3" failures="0" errors="0" time="0.069060">
      <testcase name="test_invalid_username_password" class="Tests_XMLRPC_wp_getTaxonomies" file="/var/www/wordpress-unit-tests/tests/xmlrpc/wp/getTaxonomies.php" line="8" assertions="2" time="0.005156"/>
      <testcase name="test_taxonomy_validated" class="Tests_XMLRPC_wp_getTaxonomies" file="/var/www/wordpress-unit-tests/tests/xmlrpc/wp/getTaxonomies.php" line="14" assertions="1" time="0.063904"/>
    </testsuite>
    <testsuite name="Tests_XMLRPC_wp_getTaxonomy" file="/var/www/wordpress-unit-tests/tests/xmlrpc/wp/getTaxonomy.php" fullPackage="Tests.XMLRPC.wp" tests="6" assertions="21" failures="0" errors="0" time="0.323836">
      <testcase name="test_invalid_username_password" class="Tests_XMLRPC_wp_getTaxonomy" file="/var/www/wordpress-unit-tests/tests/xmlrpc/wp/getTaxonomy.php" line="8" assertions="2" time="0.004720"/>
      <testcase name="test_empty_taxonomy" class="Tests_XMLRPC_wp_getTaxonomy" file="/var/www/wordpress-unit-tests/tests/xmlrpc/wp/getTaxonomy.php" line="14" assertions="3" time="0.063277"/>
      <testcase name="test_invalid_taxonomy" class="Tests_XMLRPC_wp_getTaxonomy" file="/var/www/wordpress-unit-tests/tests/xmlrpc/wp/getTaxonomy.php" line="23" assertions="3" time="0.063618"/>
      <testcase name="test_incapable_user" class="Tests_XMLRPC_wp_getTaxonomy" file="/var/www/wordpress-unit-tests/tests/xmlrpc/wp/getTaxonomy.php" line="32" assertions="3" time="0.063316"/>
      <testcase name="test_taxonomy_validated" class="Tests_XMLRPC_wp_getTaxonomy" file="/var/www/wordpress-unit-tests/tests/xmlrpc/wp/getTaxonomy.php" line="41" assertions="1" time="0.061935"/>
      <testcase name="test_prepare_taxonomy" class="Tests_XMLRPC_wp_getTaxonomy" file="/var/www/wordpress-unit-tests/tests/xmlrpc/wp/getTaxonomy.php" line="48" assertions="9" time="0.066970"/>
    </testsuite>
    <testsuite name="Tests_XMLRPC_wp_getTerm" file="/var/www/wordpress-unit-tests/tests/xmlrpc/wp/getTerm.php" fullPackage="Tests.XMLRPC.wp" tests="7" assertions="40" failures="0" errors="0" time="0.424320">
      <testcase name="test_invalid_username_password" class="Tests_XMLRPC_wp_getTerm" file="/var/www/wordpress-unit-tests/tests/xmlrpc/wp/getTerm.php" line="16" assertions="3" time="0.009925"/>
      <testcase name="test_empty_taxonomy" class="Tests_XMLRPC_wp_getTerm" file="/var/www/wordpress-unit-tests/tests/xmlrpc/wp/getTerm.php" line="22" assertions="4" time="0.074677"/>
      <testcase name="test_invalid_taxonomy" class="Tests_XMLRPC_wp_getTerm" file="/var/www/wordpress-unit-tests/tests/xmlrpc/wp/getTerm.php" line="31" assertions="4" time="0.067227"/>
      <testcase name="test_incapable_user" class="Tests_XMLRPC_wp_getTerm" file="/var/www/wordpress-unit-tests/tests/xmlrpc/wp/getTerm.php" line="40" assertions="4" time="0.068132"/>
      <testcase name="test_empty_term" class="Tests_XMLRPC_wp_getTerm" file="/var/www/wordpress-unit-tests/tests/xmlrpc/wp/getTerm.php" line="50" assertions="4" time="0.067504"/>
      <testcase name="test_invalid_term" class="Tests_XMLRPC_wp_getTerm" file="/var/www/wordpress-unit-tests/tests/xmlrpc/wp/getTerm.php" line="59" assertions="4" time="0.066660"/>
      <testcase name="test_valid_term" class="Tests_XMLRPC_wp_getTerm" file="/var/www/wordpress-unit-tests/tests/xmlrpc/wp/getTerm.php" line="68" assertions="17" time="0.070195"/>
    </testsuite>
    <testsuite name="Tests_XMLRPC_wp_getTerms" file="/var/www/wordpress-unit-tests/tests/xmlrpc/wp/getTerms.php" fullPackage="Tests.XMLRPC.wp" tests="8" assertions="54" failures="0" errors="0" time="0.749194">
      <testcase name="test_invalid_username_password" class="Tests_XMLRPC_wp_getTerms" file="/var/www/wordpress-unit-tests/tests/xmlrpc/wp/getTerms.php" line="8" assertions="2" time="0.004779"/>
      <testcase name="test_empty_taxonomy" class="Tests_XMLRPC_wp_getTerms" file="/var/www/wordpress-unit-tests/tests/xmlrpc/wp/getTerms.php" line="14" assertions="3" time="0.063795"/>
      <testcase name="test_invalid_taxonomy" class="Tests_XMLRPC_wp_getTerms" file="/var/www/wordpress-unit-tests/tests/xmlrpc/wp/getTerms.php" line="23" assertions="3" time="0.074245"/>
      <testcase name="test_incapable_user" class="Tests_XMLRPC_wp_getTerms" file="/var/www/wordpress-unit-tests/tests/xmlrpc/wp/getTerms.php" line="32" assertions="3" time="0.062702"/>
      <testcase name="test_valid_terms" class="Tests_XMLRPC_wp_getTerms" file="/var/www/wordpress-unit-tests/tests/xmlrpc/wp/getTerms.php" line="41" assertions="11" time="0.068090"/>
      <testcase name="test_custom_taxonomy" class="Tests_XMLRPC_wp_getTerms" file="/var/www/wordpress-unit-tests/tests/xmlrpc/wp/getTerms.php" line="61" assertions="22" time="0.175693"/>
      <testcase name="test_term_ordering" class="Tests_XMLRPC_wp_getTerms" file="/var/www/wordpress-unit-tests/tests/xmlrpc/wp/getTerms.php" line="103" assertions="2" time="0.204465"/>
      <testcase name="test_terms_search" class="Tests_XMLRPC_wp_getTerms" file="/var/www/wordpress-unit-tests/tests/xmlrpc/wp/getTerms.php" line="127" assertions="8" time="0.095425"/>
    </testsuite>
    <testsuite name="Tests_XMLRPC_wp_getUser" file="/var/www/wordpress-unit-tests/tests/xmlrpc/wp/getUser.php" fullPackage="Tests.XMLRPC.wp" tests="8" assertions="44" failures="0" errors="0" time="0.863088">
      <testcase name="test_invalid_username_password" class="Tests_XMLRPC_wp_getUser" file="/var/www/wordpress-unit-tests/tests/xmlrpc/wp/getUser.php" line="26" assertions="2" time="0.046141"/>
      <testcase name="test_invalid_user" class="Tests_XMLRPC_wp_getUser" file="/var/www/wordpress-unit-tests/tests/xmlrpc/wp/getUser.php" line="32" assertions="2" time="0.065145"/>
      <testcase name="test_incapable_user" class="Tests_XMLRPC_wp_getUser" file="/var/www/wordpress-unit-tests/tests/xmlrpc/wp/getUser.php" line="38" assertions="2" time="0.158598"/>
      <testcase name="test_subscriber_self" class="Tests_XMLRPC_wp_getUser" file="/var/www/wordpress-unit-tests/tests/xmlrpc/wp/getUser.php" line="47" assertions="2" time="0.105239"/>
      <testcase name="test_valid_user" class="Tests_XMLRPC_wp_getUser" file="/var/www/wordpress-unit-tests/tests/xmlrpc/wp/getUser.php" line="55" assertions="27" time="0.120482"/>
      <testcase name="test_no_fields" class="Tests_XMLRPC_wp_getUser" file="/var/www/wordpress-unit-tests/tests/xmlrpc/wp/getUser.php" line="110" assertions="3" time="0.145539"/>
      <testcase name="test_basic_fields" class="Tests_XMLRPC_wp_getUser" file="/var/www/wordpress-unit-tests/tests/xmlrpc/wp/getUser.php" line="121" assertions="3" time="0.108446"/>
      <testcase name="test_arbitrary_fields" class="Tests_XMLRPC_wp_getUser" file="/var/www/wordpress-unit-tests/tests/xmlrpc/wp/getUser.php" line="132" assertions="3" time="0.113498"/>
    </testsuite>
    <testsuite name="Tests_XMLRPC_wp_getUsers" file="/var/www/wordpress-unit-tests/tests/xmlrpc/wp/getUsers.php" fullPackage="Tests.XMLRPC.wp" tests="7" assertions="31" failures="0" errors="0" time="1.104573">
      <testcase name="test_invalid_username_password" class="Tests_XMLRPC_wp_getUsers" file="/var/www/wordpress-unit-tests/tests/xmlrpc/wp/getUsers.php" line="9" assertions="2" time="0.005855"/>
      <testcase name="test_incapable_user" class="Tests_XMLRPC_wp_getUsers" file="/var/www/wordpress-unit-tests/tests/xmlrpc/wp/getUsers.php" line="15" assertions="2" time="0.065157"/>
      <testcase name="test_capable_user" class="Tests_XMLRPC_wp_getUsers" file="/var/www/wordpress-unit-tests/tests/xmlrpc/wp/getUsers.php" line="23" assertions="14" time="0.071072"/>
      <testcase name="test_invalid_role" class="Tests_XMLRPC_wp_getUsers" file="/var/www/wordpress-unit-tests/tests/xmlrpc/wp/getUsers.php" line="45" assertions="2" time="0.066953"/>
      <testcase name="test_role_filter" class="Tests_XMLRPC_wp_getUsers" file="/var/www/wordpress-unit-tests/tests/xmlrpc/wp/getUsers.php" line="56" assertions="5" time="0.170690"/>
      <testcase name="test_paging_filters" class="Tests_XMLRPC_wp_getUsers" file="/var/www/wordpress-unit-tests/tests/xmlrpc/wp/getUsers.php" line="77" assertions="1" time="0.657154"/>
      <testcase name="test_order_filters" class="Tests_XMLRPC_wp_getUsers" file="/var/www/wordpress-unit-tests/tests/xmlrpc/wp/getUsers.php" line="102" assertions="5" time="0.067692"/>
    </testsuite>
    <testsuite name="Tests_XMLRPC_wp_newPost" file="/var/www/wordpress-unit-tests/tests/xmlrpc/wp/newPost.php" fullPackage="Tests.XMLRPC.wp" tests="24" assertions="60" failures="0" errors="0" time="2.081695">
      <testcase name="test_invalid_username_password" class="Tests_XMLRPC_wp_newPost" file="/var/www/wordpress-unit-tests/tests/xmlrpc/wp/newPost.php" line="8" assertions="2" time="0.004811"/>
      <testcase name="test_incapable_user" class="Tests_XMLRPC_wp_newPost" file="/var/www/wordpress-unit-tests/tests/xmlrpc/wp/newPost.php" line="14" assertions="2" time="0.066415"/>
      <testcase name="test_no_content" class="Tests_XMLRPC_wp_newPost" file="/var/www/wordpress-unit-tests/tests/xmlrpc/wp/newPost.php" line="22" assertions="3" time="0.077829"/>
      <testcase name="test_basic_content" class="Tests_XMLRPC_wp_newPost" file="/var/www/wordpress-unit-tests/tests/xmlrpc/wp/newPost.php" line="31" assertions="2" time="0.092282"/>
      <testcase name="test_ignore_id" class="Tests_XMLRPC_wp_newPost" file="/var/www/wordpress-unit-tests/tests/xmlrpc/wp/newPost.php" line="40" assertions="2" time="0.086862"/>
      <testcase name="test_capable_publish" class="Tests_XMLRPC_wp_newPost" file="/var/www/wordpress-unit-tests/tests/xmlrpc/wp/newPost.php" line="49" assertions="1" time="0.089118"/>
      <testcase name="test_incapable_publish" class="Tests_XMLRPC_wp_newPost" file="/var/www/wordpress-unit-tests/tests/xmlrpc/wp/newPost.php" line="57" assertions="2" time="0.063493"/>
      <testcase name="test_capable_private" class="Tests_XMLRPC_wp_newPost" file="/var/www/wordpress-unit-tests/tests/xmlrpc/wp/newPost.php" line="66" assertions="1" time="0.086485"/>
      <testcase name="test_incapable_private" class="Tests_XMLRPC_wp_newPost" file="/var/www/wordpress-unit-tests/tests/xmlrpc/wp/newPost.php" line="74" assertions="2" time="0.063432"/>
      <testcase name="test_capable_other_author" class="Tests_XMLRPC_wp_newPost" file="/var/www/wordpress-unit-tests/tests/xmlrpc/wp/newPost.php" line="83" assertions="1" time="0.130140"/>
      <testcase name="test_incapable_other_author" class="Tests_XMLRPC_wp_newPost" file="/var/www/wordpress-unit-tests/tests/xmlrpc/wp/newPost.php" line="92" assertions="2" time="0.104428"/>
      <testcase name="test_invalid_author" class="Tests_XMLRPC_wp_newPost" file="/var/www/wordpress-unit-tests/tests/xmlrpc/wp/newPost.php" line="102" assertions="2" time="0.074552"/>
      <testcase name="test_empty_author" class="Tests_XMLRPC_wp_newPost" file="/var/www/wordpress-unit-tests/tests/xmlrpc/wp/newPost.php" line="111" assertions="4" time="0.086382"/>
      <testcase name="test_post_thumbnail" class="Tests_XMLRPC_wp_newPost" file="/var/www/wordpress-unit-tests/tests/xmlrpc/wp/newPost.php" line="124" assertions="3" time="0.102569"/>
      <testcase name="test_invalid_post_status" class="Tests_XMLRPC_wp_newPost" file="/var/www/wordpress-unit-tests/tests/xmlrpc/wp/newPost.php" line="151" assertions="2" time="0.087070"/>
      <testcase name="test_incapable_sticky" class="Tests_XMLRPC_wp_newPost" file="/var/www/wordpress-unit-tests/tests/xmlrpc/wp/newPost.php" line="160" assertions="2" time="0.072546"/>
      <testcase name="test_capable_sticky" class="Tests_XMLRPC_wp_newPost" file="/var/www/wordpress-unit-tests/tests/xmlrpc/wp/newPost.php" line="169" assertions="2" time="0.087293"/>
      <testcase name="test_private_sticky" class="Tests_XMLRPC_wp_newPost" file="/var/www/wordpress-unit-tests/tests/xmlrpc/wp/newPost.php" line="178" assertions="2" time="0.072951"/>
      <testcase name="test_post_format" class="Tests_XMLRPC_wp_newPost" file="/var/www/wordpress-unit-tests/tests/xmlrpc/wp/newPost.php" line="187" assertions="2" time="0.096882"/>
      <testcase name="test_invalid_post_format" class="Tests_XMLRPC_wp_newPost" file="/var/www/wordpress-unit-tests/tests/xmlrpc/wp/newPost.php" line="196" assertions="2" time="0.090022"/>
      <testcase name="test_invalid_taxonomy" class="Tests_XMLRPC_wp_newPost" file="/var/www/wordpress-unit-tests/tests/xmlrpc/wp/newPost.php" line="205" assertions="4" time="0.100327"/>
      <testcase name="test_invalid_term_id" class="Tests_XMLRPC_wp_newPost" file="/var/www/wordpress-unit-tests/tests/xmlrpc/wp/newPost.php" line="229" assertions="2" time="0.075640"/>
      <testcase name="test_terms" class="Tests_XMLRPC_wp_newPost" file="/var/www/wordpress-unit-tests/tests/xmlrpc/wp/newPost.php" line="243" assertions="7" time="0.120926"/>
      <testcase name="test_terms_names" class="Tests_XMLRPC_wp_newPost" file="/var/www/wordpress-unit-tests/tests/xmlrpc/wp/newPost.php" line="268" assertions="6" time="0.149241"/>
    </testsuite>
    <testsuite name="Tests_XMLRPC_wp_newTerm" file="/var/www/wordpress-unit-tests/tests/xmlrpc/wp/newTerm.php" fullPackage="Tests.XMLRPC.wp" tests="11" assertions="39" failures="0" errors="0" time="0.711569">
      <testcase name="test_invalid_username_password" class="Tests_XMLRPC_wp_newTerm" file="/var/www/wordpress-unit-tests/tests/xmlrpc/wp/newTerm.php" line="17" assertions="3" time="0.009765"/>
      <testcase name="test_empty_taxonomy" class="Tests_XMLRPC_wp_newTerm" file="/var/www/wordpress-unit-tests/tests/xmlrpc/wp/newTerm.php" line="23" assertions="4" time="0.066934"/>
      <testcase name="test_invalid_taxonomy" class="Tests_XMLRPC_wp_newTerm" file="/var/www/wordpress-unit-tests/tests/xmlrpc/wp/newTerm.php" line="32" assertions="4" time="0.068277"/>
      <testcase name="test_incapable_user" class="Tests_XMLRPC_wp_newTerm" file="/var/www/wordpress-unit-tests/tests/xmlrpc/wp/newTerm.php" line="41" assertions="4" time="0.068685"/>
      <testcase name="test_empty_term" class="Tests_XMLRPC_wp_newTerm" file="/var/www/wordpress-unit-tests/tests/xmlrpc/wp/newTerm.php" line="50" assertions="4" time="0.068605"/>
      <testcase name="test_parent_for_nonhierarchical" class="Tests_XMLRPC_wp_newTerm" file="/var/www/wordpress-unit-tests/tests/xmlrpc/wp/newTerm.php" line="59" assertions="4" time="0.067831"/>
      <testcase name="test_parent_invalid" class="Tests_XMLRPC_wp_newTerm" file="/var/www/wordpress-unit-tests/tests/xmlrpc/wp/newTerm.php" line="68" assertions="3" time="0.068220"/>
      <testcase name="test_parent_not_existing" class="Tests_XMLRPC_wp_newTerm" file="/var/www/wordpress-unit-tests/tests/xmlrpc/wp/newTerm.php" line="76" assertions="4" time="0.068110"/>
      <testcase name="test_add_term" class="Tests_XMLRPC_wp_newTerm" file="/var/www/wordpress-unit-tests/tests/xmlrpc/wp/newTerm.php" line="86" assertions="3" time="0.071412"/>
      <testcase name="test_add_term_with_parent" class="Tests_XMLRPC_wp_newTerm" file="/var/www/wordpress-unit-tests/tests/xmlrpc/wp/newTerm.php" line="94" assertions="3" time="0.070597"/>
      <testcase name="test_add_term_with_all" class="Tests_XMLRPC_wp_newTerm" file="/var/www/wordpress-unit-tests/tests/xmlrpc/wp/newTerm.php" line="102" assertions="3" time="0.083133"/>
    </testsuite>
    <testsuite name="Tests_XMLRPC_wp_restoreRevision" file="/var/www/wordpress-unit-tests/tests/xmlrpc/wp/restoreRevision.php" fullPackage="Tests.XMLRPC.wp" tests="4" assertions="7" failures="0" errors="0" time="0.458128">
      <testcase name="test_invalid_username_password" class="Tests_XMLRPC_wp_restoreRevision" file="/var/www/wordpress-unit-tests/tests/xmlrpc/wp/restoreRevision.php" line="21" assertions="2" time="0.044537"/>
      <testcase name="test_incapable_user" class="Tests_XMLRPC_wp_restoreRevision" file="/var/www/wordpress-unit-tests/tests/xmlrpc/wp/restoreRevision.php" line="27" assertions="2" time="0.145277"/>
      <testcase name="test_capable_user" class="Tests_XMLRPC_wp_restoreRevision" file="/var/www/wordpress-unit-tests/tests/xmlrpc/wp/restoreRevision.php" line="35" assertions="1" time="0.146344"/>
      <testcase name="test_revision_restored" class="Tests_XMLRPC_wp_restoreRevision" file="/var/www/wordpress-unit-tests/tests/xmlrpc/wp/restoreRevision.php" line="42" assertions="2" time="0.121970"/>
    </testsuite>
    <testsuite name="Tests_XMLRPC_wp_uploadFile" file="/var/www/wordpress-unit-tests/tests/xmlrpc/wp/uploadFile.php" fullPackage="Tests.XMLRPC.wp" tests="1" assertions="6" failures="0" errors="0" time="0.131728">
      <testcase name="test_valid_attachment" class="Tests_XMLRPC_wp_uploadFile" file="/var/www/wordpress-unit-tests/tests/xmlrpc/wp/uploadFile.php" line="8" assertions="6" time="0.131728"/>
    </testsuite>
    <testsuite name="Tests_Actions_Closures" file="/var/www/wordpress-unit-tests/tests/actions/closures.php" fullPackage="Tests.Actions" tests="1" assertions="4" failures="0" errors="0" time="0.012962">
      <testcase name="test_action_closure" class="Tests_Actions_Closures" file="/var/www/wordpress-unit-tests/tests/actions/closures.php" line="13" assertions="4" time="0.012962"/>
    </testsuite>
    <testsuite name="Tests_Image_Editor" file="/var/www/wordpress-unit-tests/tests/image/editor.php" fullPackage="Tests.Image" tests="6" assertions="15" failures="0" errors="0" time="0.009384">
      <testcase name="test_get_editor_load_returns_true" class="Tests_Image_Editor" file="/var/www/wordpress-unit-tests/tests/image/editor.php" line="26" assertions="1" time="0.001161"/>
      <testcase name="test_get_editor_load_returns_false" class="Tests_Image_Editor" file="/var/www/wordpress-unit-tests/tests/image/editor.php" line="36" assertions="1" time="0.000923"/>
      <testcase name="test_set_quality" class="Tests_Image_Editor" file="/var/www/wordpress-unit-tests/tests/image/editor.php" line="50" assertions="4" time="0.001299"/>
      <testcase name="test_generate_filename" class="Tests_Image_Editor" file="/var/www/wordpress-unit-tests/tests/image/editor.php" line="77" assertions="5" time="0.001662"/>
      <testcase name="test_get_size" class="Tests_Image_Editor" file="/var/www/wordpress-unit-tests/tests/image/editor.php" line="109" assertions="2" time="0.003311"/>
      <testcase name="test_get_suffix" class="Tests_Image_Editor" file="/var/www/wordpress-unit-tests/tests/image/editor.php" line="132" assertions="2" time="0.001028"/>
    </testsuite>
  </testsuite>
</testsuites>
